[0.012s] Invoking command in '/home/purno/Workspaces/ros2_py_ws/build/udemy_ros2_pkg': CMAKE_PREFIX_PATH=/opt/ros/humble /usr/bin/cmake --build /home/purno/Workspaces/ros2_py_ws/build/udemy_ros2_pkg -- -j8 -l8
[0.042s] -- Found ament_cmake: 1.3.11 (/opt/ros/humble/share/ament_cmake/cmake)
[0.179s] -- Override CMake install command with custom implementation using symlinks instead of copying resources
[0.191s] -- Found rclpy: 3.3.15 (/opt/ros/humble/share/rclpy/cmake)
[0.191s] -- Found rosidl_default_generators: 1.2.0 (/opt/ros/humble/share/rosidl_default_generators/cmake)
[0.193s] -- Using all available rosidl_typesupport_c: rosidl_typesupport_fastrtps_c;rosidl_typesupport_introspection_c
[0.197s] -- Found rosidl_adapter: 3.1.6 (/opt/ros/humble/share/rosidl_adapter/cmake)
[0.234s] -- Using all available rosidl_typesupport_cpp: rosidl_typesupport_fastrtps_cpp;rosidl_typesupport_introspection_cpp
[0.262s] -- Found sensor_msgs: 4.2.4 (/opt/ros/humble/share/sensor_msgs/cmake)
[0.746s] -- Found ament_cmake_ros: 0.10.0 (/opt/ros/humble/share/ament_cmake_ros/cmake)
[1.086s] -- Using all available rosidl_typesupport_c: rosidl_typesupport_fastrtps_c;rosidl_typesupport_introspection_c
[1.552s] -- Using all available rosidl_typesupport_cpp: rosidl_typesupport_fastrtps_cpp;rosidl_typesupport_introspection_cpp
[1.579s] -- Found python_cmake_module: 0.10.0 (/opt/ros/humble/share/python_cmake_module/cmake)
[1.607s] -- Using PYTHON_EXECUTABLE: /usr/bin/python3
[1.607s] -- Using PYTHON_INCLUDE_DIRS: /usr/include/python3.10
[1.607s] -- Using PYTHON_LIBRARIES: /usr/lib/x86_64-linux-gnu/libpython3.10.so
[1.672s] -- Found ament_lint_auto: 0.12.11 (/opt/ros/humble/share/ament_lint_auto/cmake)
[1.687s] -- Added test 'flake8' to check Python code syntax and style conventions
[1.687s] -- Added test 'lint_cmake' to check CMake code style
[1.688s] -- Added test 'pep257' to check Python code against some of the docstring style conventions in PEP 257
[1.690s] -- Added test 'xmllint' to check XML markup files
[1.693s] -- Configuring done
[1.742s] -- Generating done
[1.757s] -- Build files have been written to: /home/purno/Workspaces/ros2_py_ws/build/udemy_ros2_pkg
[1.786s] [35m[1mConsolidate compiler generated dependencies of target udemy_ros2_pkg__rosidl_generator_c[0m
[1.799s] [  2%] Built target udemy_ros2_pkg__cpp
[1.800s] [ 12%] Built target udemy_ros2_pkg__rosidl_generator_c
[1.811s] [ 12%] Built target ament_cmake_python_symlink_udemy_ros2_pkg
[1.815s] [ 12%] Built target ament_cmake_python_symlink_scripts
[1.816s] [35m[1mConsolidate compiler generated dependencies of target udemy_ros2_pkg__rosidl_typesupport_cpp[0m
[1.823s] [35m[1mConsolidate compiler generated dependencies of target udemy_ros2_pkg__rosidl_typesupport_fastrtps_cpp[0m
[1.823s] [35m[1mConsolidate compiler generated dependencies of target udemy_ros2_pkg__rosidl_typesupport_introspection_cpp[0m
[1.841s] [35m[1mConsolidate compiler generated dependencies of target udemy_ros2_pkg__rosidl_typesupport_introspection_c[0m
[1.841s] [35m[1mConsolidate compiler generated dependencies of target udemy_ros2_pkg__rosidl_typesupport_fastrtps_c[0m
[1.849s] [35m[1mConsolidate compiler generated dependencies of target udemy_ros2_pkg__rosidl_typesupport_c[0m
[1.866s] [ 30%] Built target udemy_ros2_pkg__rosidl_typesupport_introspection_c
[1.867s] [ 33%] Built target udemy_ros2_pkg__rosidl_typesupport_cpp
[1.873s] [ 53%] Built target udemy_ros2_pkg__rosidl_typesupport_c
[1.873s] [ 53%] Built target udemy_ros2_pkg__rosidl_typesupport_fastrtps_cpp
[1.873s] [ 64%] Built target udemy_ros2_pkg__rosidl_typesupport_introspection_cpp
[1.878s] [ 74%] Built target udemy_ros2_pkg__rosidl_typesupport_fastrtps_c
[1.909s] [ 74%] Built target udemy_ros2_pkg
[1.941s] [ 76%] Built target udemy_ros2_pkg__py
[1.961s] [35m[1mConsolidate compiler generated dependencies of target udemy_ros2_pkg__rosidl_generator_py[0m
[1.983s] [ 84%] Built target udemy_ros2_pkg__rosidl_generator_py
[1.998s] [35m[1mConsolidate compiler generated dependencies of target udemy_ros2_pkg__rosidl_typesupport_fastrtps_c__pyext[0m
[2.002s] [35m[1mConsolidate compiler generated dependencies of target udemy_ros2_pkg__rosidl_typesupport_c__pyext[0m
[2.002s] [35m[1mConsolidate compiler generated dependencies of target udemy_ros2_pkg__rosidl_typesupport_introspection_c__pyext[0m
[2.021s] [ 89%] Built target udemy_ros2_pkg__rosidl_typesupport_fastrtps_c__pyext
[2.026s] [ 97%] Built target udemy_ros2_pkg__rosidl_typesupport_c__pyext
[2.026s] [100%] Built target udemy_ros2_pkg__rosidl_typesupport_introspection_c__pyext
[2.183s] running egg_info
[2.185s] writing udemy_ros2_pkg.egg-info/PKG-INFO
[2.185s] writing dependency_links to udemy_ros2_pkg.egg-info/dependency_links.txt
[2.185s] writing top-level names to udemy_ros2_pkg.egg-info/top_level.txt
[2.188s] reading manifest file 'udemy_ros2_pkg.egg-info/SOURCES.txt'
[2.189s] writing manifest file 'udemy_ros2_pkg.egg-info/SOURCES.txt'
[2.206s] running egg_info
[2.207s] writing scripts.egg-info/PKG-INFO
[2.207s] writing dependency_links to scripts.egg-info/dependency_links.txt
[2.207s] writing top-level names to scripts.egg-info/top_level.txt
[2.210s] reading manifest file 'scripts.egg-info/SOURCES.txt'
[2.211s] writing manifest file 'scripts.egg-info/SOURCES.txt'
[2.237s] [100%] Built target ament_cmake_python_build_udemy_ros2_pkg_egg
[2.262s] [100%] Built target ament_cmake_python_build_scripts_egg
[2.278s] Invoked command in '/home/purno/Workspaces/ros2_py_ws/build/udemy_ros2_pkg' returned '0': CMAKE_PREFIX_PATH=/opt/ros/humble /usr/bin/cmake --build /home/purno/Workspaces/ros2_py_ws/build/udemy_ros2_pkg -- -j8 -l8
[2.292s] Invoking command in '/home/purno/Workspaces/ros2_py_ws/build/udemy_ros2_pkg': CMAKE_PREFIX_PATH=/opt/ros/humble /usr/bin/cmake --install /home/purno/Workspaces/ros2_py_ws/build/udemy_ros2_pkg
[2.304s] -- Install configuration: ""
[2.304s] -- Execute custom install script
[2.305s] -- Up-to-date symlink: /home/purno/Workspaces/ros2_py_ws/install/udemy_ros2_pkg/share/ament_index/resource_index/rosidl_interfaces/udemy_ros2_pkg
[2.305s] -- Up-to-date symlink: /home/purno/Workspaces/ros2_py_ws/install/udemy_ros2_pkg/include/udemy_ros2_pkg/udemy_ros2_pkg/msg/rosidl_generator_c__visibility_control.h
[2.306s] -- Up-to-date symlink: /home/purno/Workspaces/ros2_py_ws/install/udemy_ros2_pkg/include/udemy_ros2_pkg/udemy_ros2_pkg/srv/detail/odd_even_check__functions.h
[2.306s] -- Up-to-date symlink: /home/purno/Workspaces/ros2_py_ws/install/udemy_ros2_pkg/include/udemy_ros2_pkg/udemy_ros2_pkg/srv/detail/odd_even_check__struct.h
[2.306s] -- Up-to-date symlink: /home/purno/Workspaces/ros2_py_ws/install/udemy_ros2_pkg/include/udemy_ros2_pkg/udemy_ros2_pkg/srv/detail/odd_even_check__type_support.h
[2.306s] -- Up-to-date symlink: /home/purno/Workspaces/ros2_py_ws/install/udemy_ros2_pkg/include/udemy_ros2_pkg/udemy_ros2_pkg/srv/detail/turn_camera__functions.h
[2.306s] -- Up-to-date symlink: /home/purno/Workspaces/ros2_py_ws/install/udemy_ros2_pkg/include/udemy_ros2_pkg/udemy_ros2_pkg/srv/detail/turn_camera__struct.h
[2.306s] -- Up-to-date symlink: /home/purno/Workspaces/ros2_py_ws/install/udemy_ros2_pkg/include/udemy_ros2_pkg/udemy_ros2_pkg/srv/detail/turn_camera__type_support.h
[2.307s] -- Up-to-date symlink: /home/purno/Workspaces/ros2_py_ws/install/udemy_ros2_pkg/include/udemy_ros2_pkg/udemy_ros2_pkg/srv/odd_even_check.h
[2.307s] -- Up-to-date symlink: /home/purno/Workspaces/ros2_py_ws/install/udemy_ros2_pkg/include/udemy_ros2_pkg/udemy_ros2_pkg/srv/turn_camera.h
[2.307s] -- Up-to-date symlink: /home/purno/Workspaces/ros2_py_ws/install/udemy_ros2_pkg/share/udemy_ros2_pkg/environment/library_path.sh
[2.307s] -- Up-to-date symlink: /home/purno/Workspaces/ros2_py_ws/install/udemy_ros2_pkg/share/udemy_ros2_pkg/environment/library_path.dsv
[2.308s] -- Up-to-date symlink: /home/purno/Workspaces/ros2_py_ws/install/udemy_ros2_pkg/include/udemy_ros2_pkg/udemy_ros2_pkg/msg/rosidl_typesupport_fastrtps_c__visibility_control.h
[2.308s] -- Up-to-date symlink: /home/purno/Workspaces/ros2_py_ws/install/udemy_ros2_pkg/include/udemy_ros2_pkg/udemy_ros2_pkg/srv/detail/odd_even_check__rosidl_typesupport_fastrtps_c.h
[2.308s] -- Up-to-date symlink: /home/purno/Workspaces/ros2_py_ws/install/udemy_ros2_pkg/include/udemy_ros2_pkg/udemy_ros2_pkg/srv/detail/turn_camera__rosidl_typesupport_fastrtps_c.h
[2.308s] -- Up-to-date symlink: /home/purno/Workspaces/ros2_py_ws/install/udemy_ros2_pkg/include/udemy_ros2_pkg/udemy_ros2_pkg/msg/rosidl_typesupport_introspection_c__visibility_control.h
[2.309s] -- Up-to-date symlink: /home/purno/Workspaces/ros2_py_ws/install/udemy_ros2_pkg/include/udemy_ros2_pkg/udemy_ros2_pkg/srv/detail/odd_even_check__rosidl_typesupport_introspection_c.h
[2.309s] -- Up-to-date symlink: /home/purno/Workspaces/ros2_py_ws/install/udemy_ros2_pkg/include/udemy_ros2_pkg/udemy_ros2_pkg/srv/detail/turn_camera__rosidl_typesupport_introspection_c.h
[2.309s] -- Up-to-date symlink: /home/purno/Workspaces/ros2_py_ws/install/udemy_ros2_pkg/include/udemy_ros2_pkg/udemy_ros2_pkg/msg/rosidl_generator_cpp__visibility_control.hpp
[2.309s] -- Up-to-date symlink: /home/purno/Workspaces/ros2_py_ws/install/udemy_ros2_pkg/include/udemy_ros2_pkg/udemy_ros2_pkg/srv/detail/odd_even_check__builder.hpp
[2.310s] -- Up-to-date symlink: /home/purno/Workspaces/ros2_py_ws/install/udemy_ros2_pkg/include/udemy_ros2_pkg/udemy_ros2_pkg/srv/detail/odd_even_check__struct.hpp
[2.310s] -- Up-to-date symlink: /home/purno/Workspaces/ros2_py_ws/install/udemy_ros2_pkg/include/udemy_ros2_pkg/udemy_ros2_pkg/srv/detail/odd_even_check__traits.hpp
[2.310s] -- Up-to-date symlink: /home/purno/Workspaces/ros2_py_ws/install/udemy_ros2_pkg/include/udemy_ros2_pkg/udemy_ros2_pkg/srv/detail/odd_even_check__type_support.hpp
[2.310s] -- Up-to-date symlink: /home/purno/Workspaces/ros2_py_ws/install/udemy_ros2_pkg/include/udemy_ros2_pkg/udemy_ros2_pkg/srv/detail/turn_camera__builder.hpp
[2.310s] -- Up-to-date symlink: /home/purno/Workspaces/ros2_py_ws/install/udemy_ros2_pkg/include/udemy_ros2_pkg/udemy_ros2_pkg/srv/detail/turn_camera__struct.hpp
[2.311s] -- Up-to-date symlink: /home/purno/Workspaces/ros2_py_ws/install/udemy_ros2_pkg/include/udemy_ros2_pkg/udemy_ros2_pkg/srv/detail/turn_camera__traits.hpp
[2.311s] -- Up-to-date symlink: /home/purno/Workspaces/ros2_py_ws/install/udemy_ros2_pkg/include/udemy_ros2_pkg/udemy_ros2_pkg/srv/detail/turn_camera__type_support.hpp
[2.311s] -- Up-to-date symlink: /home/purno/Workspaces/ros2_py_ws/install/udemy_ros2_pkg/include/udemy_ros2_pkg/udemy_ros2_pkg/srv/odd_even_check.hpp
[2.311s] -- Up-to-date symlink: /home/purno/Workspaces/ros2_py_ws/install/udemy_ros2_pkg/include/udemy_ros2_pkg/udemy_ros2_pkg/srv/turn_camera.hpp
[2.312s] -- Up-to-date symlink: /home/purno/Workspaces/ros2_py_ws/install/udemy_ros2_pkg/include/udemy_ros2_pkg/udemy_ros2_pkg/msg/rosidl_typesupport_fastrtps_cpp__visibility_control.h
[2.312s] -- Up-to-date symlink: /home/purno/Workspaces/ros2_py_ws/install/udemy_ros2_pkg/include/udemy_ros2_pkg/udemy_ros2_pkg/srv/detail/odd_even_check__rosidl_typesupport_fastrtps_cpp.hpp
[2.312s] -- Up-to-date symlink: /home/purno/Workspaces/ros2_py_ws/install/udemy_ros2_pkg/include/udemy_ros2_pkg/udemy_ros2_pkg/srv/detail/turn_camera__rosidl_typesupport_fastrtps_cpp.hpp
[2.313s] -- Up-to-date symlink: /home/purno/Workspaces/ros2_py_ws/install/udemy_ros2_pkg/include/udemy_ros2_pkg/udemy_ros2_pkg/srv/detail/odd_even_check__rosidl_typesupport_introspection_cpp.hpp
[2.313s] -- Up-to-date symlink: /home/purno/Workspaces/ros2_py_ws/install/udemy_ros2_pkg/include/udemy_ros2_pkg/udemy_ros2_pkg/srv/detail/turn_camera__rosidl_typesupport_introspection_cpp.hpp
[2.313s] -- Up-to-date symlink: /home/purno/Workspaces/ros2_py_ws/install/udemy_ros2_pkg/share/udemy_ros2_pkg/environment/pythonpath.sh
[2.314s] -- Up-to-date symlink: /home/purno/Workspaces/ros2_py_ws/install/udemy_ros2_pkg/share/udemy_ros2_pkg/environment/pythonpath.dsv
[2.314s] -- Up-to-date symlink: /home/purno/Workspaces/ros2_py_ws/install/udemy_ros2_pkg/local/lib/python3.10/dist-packages/udemy_ros2_pkg-0.0.0-py3.10.egg-info/PKG-INFO
[2.314s] -- Up-to-date symlink: /home/purno/Workspaces/ros2_py_ws/install/udemy_ros2_pkg/local/lib/python3.10/dist-packages/udemy_ros2_pkg-0.0.0-py3.10.egg-info/SOURCES.txt
[2.315s] -- Up-to-date symlink: /home/purno/Workspaces/ros2_py_ws/install/udemy_ros2_pkg/local/lib/python3.10/dist-packages/udemy_ros2_pkg-0.0.0-py3.10.egg-info/dependency_links.txt
[2.315s] -- Up-to-date symlink: /home/purno/Workspaces/ros2_py_ws/install/udemy_ros2_pkg/local/lib/python3.10/dist-packages/udemy_ros2_pkg-0.0.0-py3.10.egg-info/top_level.txt
[2.316s] -- Up-to-date symlink: /home/purno/Workspaces/ros2_py_ws/install/udemy_ros2_pkg/local/lib/python3.10/dist-packages/udemy_ros2_pkg/__init__.py
[2.316s] -- Up-to-date symlink: /home/purno/Workspaces/ros2_py_ws/install/udemy_ros2_pkg/local/lib/python3.10/dist-packages/udemy_ros2_pkg/_udemy_ros2_pkg_s.ep.rosidl_typesupport_c.c
[2.317s] -- Up-to-date symlink: /home/purno/Workspaces/ros2_py_ws/install/udemy_ros2_pkg/local/lib/python3.10/dist-packages/udemy_ros2_pkg/_udemy_ros2_pkg_s.ep.rosidl_typesupport_fastrtps_c.c
[2.317s] -- Up-to-date symlink: /home/purno/Workspaces/ros2_py_ws/install/udemy_ros2_pkg/local/lib/python3.10/dist-packages/udemy_ros2_pkg/_udemy_ros2_pkg_s.ep.rosidl_typesupport_introspection_c.c
[2.317s] -- Up-to-date symlink: /home/purno/Workspaces/ros2_py_ws/install/udemy_ros2_pkg/local/lib/python3.10/dist-packages/udemy_ros2_pkg/libudemy_ros2_pkg__rosidl_generator_py.so
[2.317s] -- Up-to-date symlink: /home/purno/Workspaces/ros2_py_ws/install/udemy_ros2_pkg/local/lib/python3.10/dist-packages/udemy_ros2_pkg/srv/__init__.py
[2.318s] -- Up-to-date symlink: /home/purno/Workspaces/ros2_py_ws/install/udemy_ros2_pkg/local/lib/python3.10/dist-packages/udemy_ros2_pkg/srv/_odd_even_check.py
[2.318s] -- Up-to-date symlink: /home/purno/Workspaces/ros2_py_ws/install/udemy_ros2_pkg/local/lib/python3.10/dist-packages/udemy_ros2_pkg/srv/_odd_even_check_s.c
[2.318s] -- Up-to-date symlink: /home/purno/Workspaces/ros2_py_ws/install/udemy_ros2_pkg/local/lib/python3.10/dist-packages/udemy_ros2_pkg/srv/_turn_camera.py
[2.318s] -- Up-to-date symlink: /home/purno/Workspaces/ros2_py_ws/install/udemy_ros2_pkg/local/lib/python3.10/dist-packages/udemy_ros2_pkg/srv/_turn_camera_s.c
[2.319s] -- Up-to-date symlink: /home/purno/Workspaces/ros2_py_ws/install/udemy_ros2_pkg/local/lib/python3.10/dist-packages/udemy_ros2_pkg/udemy_ros2_pkg_s__rosidl_typesupport_c.cpython-310-x86_64-linux-gnu.so
[2.319s] -- Up-to-date symlink: /home/purno/Workspaces/ros2_py_ws/install/udemy_ros2_pkg/local/lib/python3.10/dist-packages/udemy_ros2_pkg/udemy_ros2_pkg_s__rosidl_typesupport_fastrtps_c.cpython-310-x86_64-linux-gnu.so
[2.319s] -- Up-to-date symlink: /home/purno/Workspaces/ros2_py_ws/install/udemy_ros2_pkg/local/lib/python3.10/dist-packages/udemy_ros2_pkg/udemy_ros2_pkg_s__rosidl_typesupport_introspection_c.cpython-310-x86_64-linux-gnu.so
[2.320s] -- Up-to-date symlink: /home/purno/Workspaces/ros2_py_ws/install/udemy_ros2_pkg/local/lib/python3.10/dist-packages/udemy_ros2_pkg/udemy_ros2_pkg_s__rosidl_typesupport_fastrtps_c.cpython-310-x86_64-linux-gnu.so
[2.320s] -- Up-to-date symlink: /home/purno/Workspaces/ros2_py_ws/install/udemy_ros2_pkg/local/lib/python3.10/dist-packages/udemy_ros2_pkg/udemy_ros2_pkg_s__rosidl_typesupport_introspection_c.cpython-310-x86_64-linux-gnu.so
[2.321s] -- Up-to-date symlink: /home/purno/Workspaces/ros2_py_ws/install/udemy_ros2_pkg/local/lib/python3.10/dist-packages/udemy_ros2_pkg/udemy_ros2_pkg_s__rosidl_typesupport_c.cpython-310-x86_64-linux-gnu.so
[2.321s] -- Up-to-date symlink: /home/purno/Workspaces/ros2_py_ws/install/udemy_ros2_pkg/share/udemy_ros2_pkg/srv/OddEvenCheck.idl
[2.321s] -- Up-to-date symlink: /home/purno/Workspaces/ros2_py_ws/install/udemy_ros2_pkg/share/udemy_ros2_pkg/srv/TurnCamera.idl
[2.321s] -- Up-to-date symlink: /home/purno/Workspaces/ros2_py_ws/install/udemy_ros2_pkg/share/udemy_ros2_pkg/srv/OddEvenCheck.srv
[2.322s] -- Up-to-date symlink: /home/purno/Workspaces/ros2_py_ws/install/udemy_ros2_pkg/share/udemy_ros2_pkg/srv/OddEvenCheck_Request.msg
[2.322s] -- Up-to-date symlink: /home/purno/Workspaces/ros2_py_ws/install/udemy_ros2_pkg/share/udemy_ros2_pkg/srv/OddEvenCheck_Response.msg
[2.322s] -- Up-to-date symlink: /home/purno/Workspaces/ros2_py_ws/install/udemy_ros2_pkg/share/udemy_ros2_pkg/srv/TurnCamera.srv
[2.322s] -- Up-to-date symlink: /home/purno/Workspaces/ros2_py_ws/install/udemy_ros2_pkg/share/udemy_ros2_pkg/srv/TurnCamera_Request.msg
[2.323s] -- Up-to-date symlink: /home/purno/Workspaces/ros2_py_ws/install/udemy_ros2_pkg/share/udemy_ros2_pkg/srv/TurnCamera_Response.msg
[2.323s] -- Up-to-date symlink: /home/purno/Workspaces/ros2_py_ws/install/udemy_ros2_pkg/local/lib/python3.10/dist-packages/scripts-0.0.0-py3.10.egg-info/PKG-INFO
[2.323s] -- Up-to-date symlink: /home/purno/Workspaces/ros2_py_ws/install/udemy_ros2_pkg/local/lib/python3.10/dist-packages/scripts-0.0.0-py3.10.egg-info/SOURCES.txt
[2.323s] -- Up-to-date symlink: /home/purno/Workspaces/ros2_py_ws/install/udemy_ros2_pkg/local/lib/python3.10/dist-packages/scripts-0.0.0-py3.10.egg-info/dependency_links.txt
[2.324s] -- Up-to-date symlink: /home/purno/Workspaces/ros2_py_ws/install/udemy_ros2_pkg/local/lib/python3.10/dist-packages/scripts-0.0.0-py3.10.egg-info/top_level.txt
[2.324s] -- Up-to-date symlink: /home/purno/Workspaces/ros2_py_ws/install/udemy_ros2_pkg/local/lib/python3.10/dist-packages/scripts/__init__.py
[2.324s] -- Up-to-date symlink: /home/purno/Workspaces/ros2_py_ws/install/udemy_ros2_pkg/local/lib/python3.10/dist-packages/scripts/publisher.py
[2.325s] -- Up-to-date symlink: /home/purno/Workspaces/ros2_py_ws/install/udemy_ros2_pkg/local/lib/python3.10/dist-packages/scripts/rpm_pub.py
[2.325s] -- Up-to-date symlink: /home/purno/Workspaces/ros2_py_ws/install/udemy_ros2_pkg/local/lib/python3.10/dist-packages/scripts/service_client.py
[2.325s] -- Up-to-date symlink: /home/purno/Workspaces/ros2_py_ws/install/udemy_ros2_pkg/local/lib/python3.10/dist-packages/scripts/service_server.py
[2.325s] -- Up-to-date symlink: /home/purno/Workspaces/ros2_py_ws/install/udemy_ros2_pkg/local/lib/python3.10/dist-packages/scripts/speed_calc.py
[2.325s] -- Up-to-date symlink: /home/purno/Workspaces/ros2_py_ws/install/udemy_ros2_pkg/local/lib/python3.10/dist-packages/scripts/subscriber.py
[2.325s] -- Symlinking: /home/purno/Workspaces/ros2_py_ws/install/udemy_ros2_pkg/local/lib/python3.10/dist-packages/scripts/turn_camera_client.py
[2.337s] -- Up-to-date symlink: /home/purno/Workspaces/ros2_py_ws/install/udemy_ros2_pkg/local/lib/python3.10/dist-packages/scripts/turn_camera_server.py
[2.337s] -- Up-to-date symlink: /home/purno/Workspaces/ros2_py_ws/install/udemy_ros2_pkg/lib/udemy_ros2_pkg/publisher.py
[2.337s] -- Up-to-date symlink: /home/purno/Workspaces/ros2_py_ws/install/udemy_ros2_pkg/lib/udemy_ros2_pkg/subscriber.py
[2.338s] -- Up-to-date symlink: /home/purno/Workspaces/ros2_py_ws/install/udemy_ros2_pkg/lib/udemy_ros2_pkg/rpm_pub.py
[2.338s] -- Up-to-date symlink: /home/purno/Workspaces/ros2_py_ws/install/udemy_ros2_pkg/lib/udemy_ros2_pkg/speed_calc.py
[2.338s] -- Up-to-date symlink: /home/purno/Workspaces/ros2_py_ws/install/udemy_ros2_pkg/lib/udemy_ros2_pkg/service_server.py
[2.338s] -- Up-to-date symlink: /home/purno/Workspaces/ros2_py_ws/install/udemy_ros2_pkg/lib/udemy_ros2_pkg/service_client.py
[2.338s] -- Up-to-date symlink: /home/purno/Workspaces/ros2_py_ws/install/udemy_ros2_pkg/lib/udemy_ros2_pkg/turn_camera_server.py
[2.338s] -- Symlinking: /home/purno/Workspaces/ros2_py_ws/install/udemy_ros2_pkg/lib/udemy_ros2_pkg/turn_camera_client.py
[2.353s] -- Up-to-date symlink: /home/purno/Workspaces/ros2_py_ws/install/udemy_ros2_pkg/share/udemy_ros2_pkg//launch/rpm_node.launch.py
[2.353s] -- Up-to-date symlink: /home/purno/Workspaces/ros2_py_ws/install/udemy_ros2_pkg/share/udemy_ros2_pkg//launch/speed_project.launch.py
[2.353s] -- Up-to-date symlink: /home/purno/Workspaces/ros2_py_ws/install/udemy_ros2_pkg/share/ament_index/resource_index/package_run_dependencies/udemy_ros2_pkg
[2.354s] -- Up-to-date symlink: /home/purno/Workspaces/ros2_py_ws/install/udemy_ros2_pkg/share/ament_index/resource_index/parent_prefix_path/udemy_ros2_pkg
[2.354s] -- Up-to-date symlink: /home/purno/Workspaces/ros2_py_ws/install/udemy_ros2_pkg/share/udemy_ros2_pkg/environment/ament_prefix_path.sh
[2.354s] -- Up-to-date symlink: /home/purno/Workspaces/ros2_py_ws/install/udemy_ros2_pkg/share/udemy_ros2_pkg/environment/ament_prefix_path.dsv
[2.355s] -- Up-to-date symlink: /home/purno/Workspaces/ros2_py_ws/install/udemy_ros2_pkg/share/udemy_ros2_pkg/environment/path.sh
[2.355s] -- Up-to-date symlink: /home/purno/Workspaces/ros2_py_ws/install/udemy_ros2_pkg/share/udemy_ros2_pkg/environment/path.dsv
[2.355s] -- Up-to-date symlink: /home/purno/Workspaces/ros2_py_ws/install/udemy_ros2_pkg/share/udemy_ros2_pkg/local_setup.bash
[2.355s] -- Up-to-date symlink: /home/purno/Workspaces/ros2_py_ws/install/udemy_ros2_pkg/share/udemy_ros2_pkg/local_setup.sh
[2.356s] -- Up-to-date symlink: /home/purno/Workspaces/ros2_py_ws/install/udemy_ros2_pkg/share/udemy_ros2_pkg/local_setup.zsh
[2.356s] -- Up-to-date symlink: /home/purno/Workspaces/ros2_py_ws/install/udemy_ros2_pkg/share/udemy_ros2_pkg/local_setup.dsv
[2.356s] -- Symlinking: /home/purno/Workspaces/ros2_py_ws/install/udemy_ros2_pkg/share/udemy_ros2_pkg/package.dsv
[2.373s] -- Up-to-date symlink: /home/purno/Workspaces/ros2_py_ws/install/udemy_ros2_pkg/share/ament_index/resource_index/packages/udemy_ros2_pkg
[2.373s] -- Up-to-date symlink: /home/purno/Workspaces/ros2_py_ws/install/udemy_ros2_pkg/share/udemy_ros2_pkg/cmake/rosidl_cmake-extras.cmake
[2.374s] -- Up-to-date symlink: /home/purno/Workspaces/ros2_py_ws/install/udemy_ros2_pkg/share/udemy_ros2_pkg/cmake/ament_cmake_export_dependencies-extras.cmake
[2.374s] -- Up-to-date symlink: /home/purno/Workspaces/ros2_py_ws/install/udemy_ros2_pkg/share/udemy_ros2_pkg/cmake/ament_cmake_export_include_directories-extras.cmake
[2.374s] -- Up-to-date symlink: /home/purno/Workspaces/ros2_py_ws/install/udemy_ros2_pkg/share/udemy_ros2_pkg/cmake/ament_cmake_export_libraries-extras.cmake
[2.374s] -- Up-to-date symlink: /home/purno/Workspaces/ros2_py_ws/install/udemy_ros2_pkg/share/udemy_ros2_pkg/cmake/ament_cmake_export_targets-extras.cmake
[2.375s] -- Up-to-date symlink: /home/purno/Workspaces/ros2_py_ws/install/udemy_ros2_pkg/share/udemy_ros2_pkg/cmake/rosidl_cmake_export_typesupport_targets-extras.cmake
[2.375s] -- Up-to-date symlink: /home/purno/Workspaces/ros2_py_ws/install/udemy_ros2_pkg/share/udemy_ros2_pkg/cmake/rosidl_cmake_export_typesupport_libraries-extras.cmake
[2.375s] -- Up-to-date symlink: /home/purno/Workspaces/ros2_py_ws/install/udemy_ros2_pkg/share/udemy_ros2_pkg/cmake/udemy_ros2_pkgConfig.cmake
[2.376s] -- Up-to-date symlink: /home/purno/Workspaces/ros2_py_ws/install/udemy_ros2_pkg/share/udemy_ros2_pkg/cmake/udemy_ros2_pkgConfig-version.cmake
[2.376s] -- Up-to-date symlink: /home/purno/Workspaces/ros2_py_ws/install/udemy_ros2_pkg/share/udemy_ros2_pkg/package.xml
[2.377s] -- Up-to-date: /home/purno/Workspaces/ros2_py_ws/install/udemy_ros2_pkg/lib/libudemy_ros2_pkg__rosidl_generator_c.so
[2.377s] -- Up-to-date: /home/purno/Workspaces/ros2_py_ws/install/udemy_ros2_pkg/lib/libudemy_ros2_pkg__rosidl_typesupport_fastrtps_c.so
[2.378s] -- Up-to-date: /home/purno/Workspaces/ros2_py_ws/install/udemy_ros2_pkg/lib/libudemy_ros2_pkg__rosidl_typesupport_introspection_c.so
[2.378s] -- Up-to-date: /home/purno/Workspaces/ros2_py_ws/install/udemy_ros2_pkg/lib/libudemy_ros2_pkg__rosidl_typesupport_c.so
[2.379s] -- Up-to-date: /home/purno/Workspaces/ros2_py_ws/install/udemy_ros2_pkg/lib/libudemy_ros2_pkg__rosidl_typesupport_fastrtps_cpp.so
[2.380s] -- Up-to-date: /home/purno/Workspaces/ros2_py_ws/install/udemy_ros2_pkg/lib/libudemy_ros2_pkg__rosidl_typesupport_introspection_cpp.so
[2.380s] -- Up-to-date: /home/purno/Workspaces/ros2_py_ws/install/udemy_ros2_pkg/lib/libudemy_ros2_pkg__rosidl_typesupport_cpp.so
[2.436s] Listing '/home/purno/Workspaces/ros2_py_ws/install/udemy_ros2_pkg/local/lib/python3.10/dist-packages/udemy_ros2_pkg'...
[2.436s] Compiling '/home/purno/Workspaces/ros2_py_ws/install/udemy_ros2_pkg/local/lib/python3.10/dist-packages/udemy_ros2_pkg/__init__.py'...
[2.437s] Listing '/home/purno/Workspaces/ros2_py_ws/install/udemy_ros2_pkg/local/lib/python3.10/dist-packages/udemy_ros2_pkg/srv'...
[2.446s] -- Up-to-date: /home/purno/Workspaces/ros2_py_ws/install/udemy_ros2_pkg/lib/libudemy_ros2_pkg__rosidl_generator_py.so
[2.506s] Listing '/home/purno/Workspaces/ros2_py_ws/install/udemy_ros2_pkg/local/lib/python3.10/dist-packages/scripts'...
[2.506s] Compiling '/home/purno/Workspaces/ros2_py_ws/install/udemy_ros2_pkg/local/lib/python3.10/dist-packages/scripts/turn_camera_client.py'...
[2.515s] -- Up-to-date: /home/purno/Workspaces/ros2_py_ws/install/udemy_ros2_pkg/share/udemy_ros2_pkg/cmake/export_udemy_ros2_pkg__rosidl_generator_cExport.cmake
[2.515s] -- Up-to-date: /home/purno/Workspaces/ros2_py_ws/install/udemy_ros2_pkg/share/udemy_ros2_pkg/cmake/export_udemy_ros2_pkg__rosidl_generator_cExport-noconfig.cmake
[2.516s] -- Up-to-date: /home/purno/Workspaces/ros2_py_ws/install/udemy_ros2_pkg/share/udemy_ros2_pkg/cmake/export_udemy_ros2_pkg__rosidl_typesupport_fastrtps_cExport.cmake
[2.516s] -- Up-to-date: /home/purno/Workspaces/ros2_py_ws/install/udemy_ros2_pkg/share/udemy_ros2_pkg/cmake/export_udemy_ros2_pkg__rosidl_typesupport_fastrtps_cExport-noconfig.cmake
[2.516s] -- Up-to-date: /home/purno/Workspaces/ros2_py_ws/install/udemy_ros2_pkg/share/udemy_ros2_pkg/cmake/udemy_ros2_pkg__rosidl_typesupport_introspection_cExport.cmake
[2.516s] -- Up-to-date: /home/purno/Workspaces/ros2_py_ws/install/udemy_ros2_pkg/share/udemy_ros2_pkg/cmake/udemy_ros2_pkg__rosidl_typesupport_introspection_cExport-noconfig.cmake
[2.517s] -- Up-to-date: /home/purno/Workspaces/ros2_py_ws/install/udemy_ros2_pkg/share/udemy_ros2_pkg/cmake/udemy_ros2_pkg__rosidl_typesupport_cExport.cmake
[2.517s] -- Up-to-date: /home/purno/Workspaces/ros2_py_ws/install/udemy_ros2_pkg/share/udemy_ros2_pkg/cmake/udemy_ros2_pkg__rosidl_typesupport_cExport-noconfig.cmake
[2.517s] -- Up-to-date: /home/purno/Workspaces/ros2_py_ws/install/udemy_ros2_pkg/share/udemy_ros2_pkg/cmake/export_udemy_ros2_pkg__rosidl_generator_cppExport.cmake
[2.517s] -- Up-to-date: /home/purno/Workspaces/ros2_py_ws/install/udemy_ros2_pkg/share/udemy_ros2_pkg/cmake/export_udemy_ros2_pkg__rosidl_typesupport_fastrtps_cppExport.cmake
[2.517s] -- Up-to-date: /home/purno/Workspaces/ros2_py_ws/install/udemy_ros2_pkg/share/udemy_ros2_pkg/cmake/export_udemy_ros2_pkg__rosidl_typesupport_fastrtps_cppExport-noconfig.cmake
[2.518s] -- Up-to-date: /home/purno/Workspaces/ros2_py_ws/install/udemy_ros2_pkg/share/udemy_ros2_pkg/cmake/udemy_ros2_pkg__rosidl_typesupport_introspection_cppExport.cmake
[2.518s] -- Up-to-date: /home/purno/Workspaces/ros2_py_ws/install/udemy_ros2_pkg/share/udemy_ros2_pkg/cmake/udemy_ros2_pkg__rosidl_typesupport_introspection_cppExport-noconfig.cmake
[2.518s] -- Up-to-date: /home/purno/Workspaces/ros2_py_ws/install/udemy_ros2_pkg/share/udemy_ros2_pkg/cmake/udemy_ros2_pkg__rosidl_typesupport_cppExport.cmake
[2.518s] -- Up-to-date: /home/purno/Workspaces/ros2_py_ws/install/udemy_ros2_pkg/share/udemy_ros2_pkg/cmake/udemy_ros2_pkg__rosidl_typesupport_cppExport-noconfig.cmake
[2.518s] -- Up-to-date: /home/purno/Workspaces/ros2_py_ws/install/udemy_ros2_pkg/share/udemy_ros2_pkg/cmake/export_udemy_ros2_pkg__rosidl_generator_pyExport.cmake
[2.518s] -- Up-to-date: /home/purno/Workspaces/ros2_py_ws/install/udemy_ros2_pkg/share/udemy_ros2_pkg/cmake/export_udemy_ros2_pkg__rosidl_generator_pyExport-noconfig.cmake
[2.522s] Invoked command in '/home/purno/Workspaces/ros2_py_ws/build/udemy_ros2_pkg' returned '0': CMAKE_PREFIX_PATH=/opt/ros/humble /usr/bin/cmake --install /home/purno/Workspaces/ros2_py_ws/build/udemy_ros2_pkg
