[0.000000] (-) TimerEvent: {}
[0.000127] (udemy_ros2_pkg) JobQueued: {'identifier': 'udemy_ros2_pkg', 'dependencies': OrderedDict()}
[0.000539] (udemy_ros2_pkg) JobStarted: {'identifier': 'udemy_ros2_pkg'}
[0.009694] (udemy_ros2_pkg) JobProgress: {'identifier': 'udemy_ros2_pkg', 'progress': 'cmake'}
[0.011154] (udemy_ros2_pkg) JobProgress: {'identifier': 'udemy_ros2_pkg', 'progress': 'build'}
[0.011217] (udemy_ros2_pkg) Command: {'cmd': ['/usr/bin/cmake', '--build', '/home/purno/Workspaces/ros2_py_ws/build/udemy_ros2_pkg', '--', '-j8', '-l8'], 'cwd': '/home/purno/Workspaces/ros2_py_ws/build/udemy_ros2_pkg', 'env': OrderedDict([('USER', 'purno'), ('LC_TIME', 'en_US.UTF-8'), ('XDG_SESSION_TYPE', 'wayland'), ('SHLVL', '1'), ('LD_LIBRARY_PATH', '/opt/ros/humble/opt/rviz_ogre_vendor/lib:/opt/ros/humble/lib/x86_64-linux-gnu:/opt/ros/humble/lib'), ('HOME', '/home/purno'), ('CHROME_DESKTOP', 'code.desktop'), ('TERM_PROGRAM_VERSION', '1.96.4'), ('DESKTOP_SESSION', 'ubuntu'), ('ROS_PYTHON_VERSION', '3'), ('GNOME_SHELL_SESSION_MODE', 'ubuntu'), ('GTK_MODULES', 'gail:atk-bridge'), ('LC_MONETARY', 'en_US.UTF-8'), ('MANAGERPID', '1376'), ('SYSTEMD_EXEC_PID', '1735'), ('DBUS_SESSION_BUS_ADDRESS', 'unix:path=/run/user/1000/bus'), ('COLORTERM', 'truecolor'), ('GIO_LAUNCHED_DESKTOP_FILE_PID', '5396'), ('IM_CONFIG_PHASE', '1'), ('WAYLAND_DISPLAY', 'wayland-0'), ('ROS_DISTRO', 'humble'), ('LOGNAME', 'purno'), ('JOURNAL_STREAM', '8:17426'), ('_', '/usr/bin/colcon'), ('ROS_VERSION', '2'), ('XDG_SESSION_CLASS', 'user'), ('USERNAME', 'purno'), ('TERM', 'xterm-256color'), ('GNOME_DESKTOP_SESSION_ID', 'this-is-deprecated'), ('ROS_LOCALHOST_ONLY', '0'), ('PATH', '/opt/ros/humble/bin:/usr/local/sbin:/usr/local/bin:/usr/sbin:/usr/bin:/sbin:/bin:/usr/games:/usr/local/games:/snap/bin:/snap/bin'), ('SESSION_MANAGER', 'local/purno-ubuntu:@/tmp/.ICE-unix/1539,unix/purno-ubuntu:/tmp/.ICE-unix/1539'), ('INVOCATION_ID', 'c78146c48a4c4805b2b0f353ed5a8bcb'), ('PAPERSIZE', 'letter'), ('XDG_MENU_PREFIX', 'gnome-'), ('LC_ADDRESS', 'en_US.UTF-8'), ('GNOME_SETUP_DISPLAY', ':1'), ('XDG_RUNTIME_DIR', '/run/user/1000'), ('GDK_BACKEND', 'x11'), ('DISPLAY', ':0'), ('LANG', 'en_US.UTF-8'), ('XDG_CURRENT_DESKTOP', 'Unity'), ('LC_TELEPHONE', 'en_US.UTF-8'), ('XMODIFIERS', '@im=ibus'), ('XDG_SESSION_DESKTOP', 'ubuntu'), ('XAUTHORITY', '/run/user/1000/.mutter-Xwaylandauth.Y72B12'), ('TERM_PROGRAM', 'vscode'), ('SSH_AGENT_LAUNCHER', 'gnome-keyring'), ('SSH_AUTH_SOCK', '/run/user/1000/keyring/ssh'), ('AMENT_PREFIX_PATH', '/opt/ros/humble'), ('ORIGINAL_XDG_CURRENT_DESKTOP', 'ubuntu:GNOME'), ('SHELL', '/bin/bash'), ('LC_NAME', 'en_US.UTF-8'), ('QT_ACCESSIBILITY', '1'), ('GDMSESSION', 'ubuntu'), ('LC_MEASUREMENT', 'en_US.UTF-8'), ('LC_IDENTIFICATION', 'en_US.UTF-8'), ('QT_IM_MODULE', 'ibus'), ('PWD', '/home/purno/Workspaces/ros2_py_ws/build/udemy_ros2_pkg'), ('XDG_CONFIG_DIRS', '/etc/xdg/xdg-ubuntu:/etc/xdg'), ('XDG_DATA_DIRS', '/usr/share/ubuntu:/usr/local/share/:/usr/share/:/var/lib/snapd/desktop'), ('PYTHONPATH', '/opt/ros/humble/lib/python3.10/site-packages:/opt/ros/humble/local/lib/python3.10/dist-packages'), ('LC_NUMERIC', 'en_US.UTF-8'), ('LC_PAPER', 'en_US.UTF-8'), ('COLCON', '1'), ('CMAKE_PREFIX_PATH', '/opt/ros/humble')]), 'shell': False}
[0.042406] (udemy_ros2_pkg) StdoutLine: {'line': b'-- Found ament_cmake: 1.3.11 (/opt/ros/humble/share/ament_cmake/cmake)\n'}
[0.099801] (-) TimerEvent: {}
[0.175655] (udemy_ros2_pkg) StdoutLine: {'line': b'-- Override CMake install command with custom implementation using symlinks instead of copying resources\n'}
[0.184400] (udemy_ros2_pkg) StdoutLine: {'line': b'-- Found rclpy: 3.3.15 (/opt/ros/humble/share/rclpy/cmake)\n'}
[0.184643] (udemy_ros2_pkg) StdoutLine: {'line': b'-- Found rosidl_default_generators: 1.2.0 (/opt/ros/humble/share/rosidl_default_generators/cmake)\n'}
[0.187442] (udemy_ros2_pkg) StdoutLine: {'line': b'-- Using all available rosidl_typesupport_c: rosidl_typesupport_fastrtps_c;rosidl_typesupport_introspection_c\n'}
[0.191345] (udemy_ros2_pkg) StdoutLine: {'line': b'-- Found rosidl_adapter: 3.1.6 (/opt/ros/humble/share/rosidl_adapter/cmake)\n'}
[0.199909] (-) TimerEvent: {}
[0.225897] (udemy_ros2_pkg) StdoutLine: {'line': b'-- Using all available rosidl_typesupport_cpp: rosidl_typesupport_fastrtps_cpp;rosidl_typesupport_introspection_cpp\n'}
[0.300001] (-) TimerEvent: {}
[0.400274] (-) TimerEvent: {}
[0.500810] (-) TimerEvent: {}
[0.519186] (udemy_ros2_pkg) StdoutLine: {'line': b'-- Found ament_cmake_ros: 0.10.0 (/opt/ros/humble/share/ament_cmake_ros/cmake)\n'}
[0.600985] (-) TimerEvent: {}
[0.701423] (-) TimerEvent: {}
[0.722810] (udemy_ros2_pkg) StdoutLine: {'line': b'-- Using all available rosidl_typesupport_c: rosidl_typesupport_fastrtps_c;rosidl_typesupport_introspection_c\n'}
[0.801558] (-) TimerEvent: {}
[0.901915] (-) TimerEvent: {}
[0.989018] (udemy_ros2_pkg) StdoutLine: {'line': b'-- Using all available rosidl_typesupport_cpp: rosidl_typesupport_fastrtps_cpp;rosidl_typesupport_introspection_cpp\n'}
[1.002025] (-) TimerEvent: {}
[1.018533] (udemy_ros2_pkg) StdoutLine: {'line': b'-- Found python_cmake_module: 0.10.0 (/opt/ros/humble/share/python_cmake_module/cmake)\n'}
[1.047552] (udemy_ros2_pkg) StdoutLine: {'line': b'-- Using PYTHON_EXECUTABLE: /usr/bin/python3\n'}
[1.047721] (udemy_ros2_pkg) StdoutLine: {'line': b'-- Using PYTHON_INCLUDE_DIRS: /usr/include/python3.10\n'}
[1.047803] (udemy_ros2_pkg) StdoutLine: {'line': b'-- Using PYTHON_LIBRARIES: /usr/lib/x86_64-linux-gnu/libpython3.10.so\n'}
[1.062449] (udemy_ros2_pkg) StdoutLine: {'line': b'-- Found ament_lint_auto: 0.12.11 (/opt/ros/humble/share/ament_lint_auto/cmake)\n'}
[1.074842] (udemy_ros2_pkg) StdoutLine: {'line': b"-- Added test 'flake8' to check Python code syntax and style conventions\n"}
[1.075401] (udemy_ros2_pkg) StdoutLine: {'line': b"-- Added test 'lint_cmake' to check CMake code style\n"}
[1.075848] (udemy_ros2_pkg) StdoutLine: {'line': b"-- Added test 'pep257' to check Python code against some of the docstring style conventions in PEP 257\n"}
[1.077455] (udemy_ros2_pkg) StdoutLine: {'line': b"-- Added test 'xmllint' to check XML markup files\n"}
[1.080389] (udemy_ros2_pkg) StdoutLine: {'line': b'-- Configuring done\n'}
[1.102141] (-) TimerEvent: {}
[1.111467] (udemy_ros2_pkg) StdoutLine: {'line': b'-- Generating done\n'}
[1.122638] (udemy_ros2_pkg) StdoutLine: {'line': b'-- Build files have been written to: /home/purno/Workspaces/ros2_py_ws/build/udemy_ros2_pkg\n'}
[1.149545] (udemy_ros2_pkg) StdoutLine: {'line': b'\x1b[35m\x1b[1mConsolidate compiler generated dependencies of target udemy_ros2_pkg__rosidl_generator_c\x1b[0m\n'}
[1.161824] (udemy_ros2_pkg) StdoutLine: {'line': b'[  3%] Built target udemy_ros2_pkg__cpp\n'}
[1.164868] (udemy_ros2_pkg) StdoutLine: {'line': b'[ 12%] Built target udemy_ros2_pkg__rosidl_generator_c\n'}
[1.180281] (udemy_ros2_pkg) StdoutLine: {'line': b'[ 12%] Built target ament_cmake_python_symlink_udemy_ros2_pkg\n'}
[1.180664] (udemy_ros2_pkg) StdoutLine: {'line': b'[ 12%] Built target ament_cmake_python_symlink_scripts\n'}
[1.180867] (udemy_ros2_pkg) StdoutLine: {'line': b'\x1b[35m\x1b[1mConsolidate compiler generated dependencies of target udemy_ros2_pkg__rosidl_typesupport_cpp\x1b[0m\n'}
[1.181036] (udemy_ros2_pkg) StdoutLine: {'line': b'\x1b[35m\x1b[1mConsolidate compiler generated dependencies of target udemy_ros2_pkg__rosidl_typesupport_introspection_cpp\x1b[0m\n'}
[1.181204] (udemy_ros2_pkg) StdoutLine: {'line': b'\x1b[35m\x1b[1mConsolidate compiler generated dependencies of target udemy_ros2_pkg__rosidl_typesupport_fastrtps_cpp\x1b[0m\n'}
[1.182701] (udemy_ros2_pkg) StdoutLine: {'line': b'\x1b[35m\x1b[1mConsolidate compiler generated dependencies of target udemy_ros2_pkg__rosidl_typesupport_introspection_c\x1b[0m\n'}
[1.182930] (udemy_ros2_pkg) StdoutLine: {'line': b'\x1b[35m\x1b[1mConsolidate compiler generated dependencies of target udemy_ros2_pkg__rosidl_typesupport_fastrtps_c\x1b[0m\n'}
[1.191179] (udemy_ros2_pkg) StdoutLine: {'line': b'\x1b[35m\x1b[1mConsolidate compiler generated dependencies of target udemy_ros2_pkg__rosidl_typesupport_c\x1b[0m\n'}
[1.202385] (-) TimerEvent: {}
[1.206736] (udemy_ros2_pkg) StdoutLine: {'line': b'[ 22%] Built target udemy_ros2_pkg__rosidl_typesupport_introspection_cpp\n'}
[1.207230] (udemy_ros2_pkg) StdoutLine: {'line': b'[ 32%] Built target udemy_ros2_pkg__rosidl_typesupport_introspection_c\n'}
[1.214476] (udemy_ros2_pkg) StdoutLine: {'line': b'[ 41%] Built target udemy_ros2_pkg__rosidl_typesupport_fastrtps_c\n'}
[1.214990] (udemy_ros2_pkg) StdoutLine: {'line': b'[ 51%] Built target udemy_ros2_pkg__rosidl_typesupport_fastrtps_cpp\n'}
[1.215859] (udemy_ros2_pkg) StdoutLine: {'line': b'[ 61%] Built target udemy_ros2_pkg__rosidl_typesupport_c\n'}
[1.217768] (udemy_ros2_pkg) StdoutLine: {'line': b'[ 70%] Built target udemy_ros2_pkg__rosidl_typesupport_cpp\n'}
[1.250008] (udemy_ros2_pkg) StdoutLine: {'line': b'[ 70%] Built target udemy_ros2_pkg\n'}
[1.276301] (udemy_ros2_pkg) StdoutLine: {'line': b'[ 74%] Built target udemy_ros2_pkg__py\n'}
[1.288910] (udemy_ros2_pkg) StdoutLine: {'line': b'\x1b[35m\x1b[1mConsolidate compiler generated dependencies of target udemy_ros2_pkg__rosidl_generator_py\x1b[0m\n'}
[1.302522] (-) TimerEvent: {}
[1.305577] (udemy_ros2_pkg) StdoutLine: {'line': b'[ 80%] Built target udemy_ros2_pkg__rosidl_generator_py\n'}
[1.325994] (udemy_ros2_pkg) StdoutLine: {'line': b'\x1b[35m\x1b[1mConsolidate compiler generated dependencies of target udemy_ros2_pkg__rosidl_typesupport_c__pyext\x1b[0m\n'}
[1.326285] (udemy_ros2_pkg) StdoutLine: {'line': b'\x1b[35m\x1b[1mConsolidate compiler generated dependencies of target udemy_ros2_pkg__rosidl_typesupport_introspection_c__pyext\x1b[0m\n'}
[1.326492] (udemy_ros2_pkg) StdoutLine: {'line': b'\x1b[35m\x1b[1mConsolidate compiler generated dependencies of target udemy_ros2_pkg__rosidl_typesupport_fastrtps_c__pyext\x1b[0m\n'}
[1.347671] (udemy_ros2_pkg) StdoutLine: {'line': b'[ 87%] Built target udemy_ros2_pkg__rosidl_typesupport_introspection_c__pyext\n'}
[1.348038] (udemy_ros2_pkg) StdoutLine: {'line': b'[ 93%] Built target udemy_ros2_pkg__rosidl_typesupport_fastrtps_c__pyext\n'}
[1.348219] (udemy_ros2_pkg) StdoutLine: {'line': b'[100%] Built target udemy_ros2_pkg__rosidl_typesupport_c__pyext\n'}
[1.402625] (-) TimerEvent: {}
[1.492355] (udemy_ros2_pkg) StdoutLine: {'line': b'running egg_info\n'}
[1.493351] (udemy_ros2_pkg) StdoutLine: {'line': b'writing udemy_ros2_pkg.egg-info/PKG-INFO\n'}
[1.493676] (udemy_ros2_pkg) StdoutLine: {'line': b'writing dependency_links to udemy_ros2_pkg.egg-info/dependency_links.txt\n'}
[1.493823] (udemy_ros2_pkg) StdoutLine: {'line': b'writing top-level names to udemy_ros2_pkg.egg-info/top_level.txt\n'}
[1.495910] (udemy_ros2_pkg) StdoutLine: {'line': b"reading manifest file 'udemy_ros2_pkg.egg-info/SOURCES.txt'\n"}
[1.496241] (udemy_ros2_pkg) StdoutLine: {'line': b'running egg_info\n'}
[1.496473] (udemy_ros2_pkg) StdoutLine: {'line': b"writing manifest file 'udemy_ros2_pkg.egg-info/SOURCES.txt'\n"}
[1.497315] (udemy_ros2_pkg) StdoutLine: {'line': b'writing scripts.egg-info/PKG-INFO\n'}
[1.497583] (udemy_ros2_pkg) StdoutLine: {'line': b'writing dependency_links to scripts.egg-info/dependency_links.txt\n'}
[1.497783] (udemy_ros2_pkg) StdoutLine: {'line': b'writing top-level names to scripts.egg-info/top_level.txt\n'}
[1.499939] (udemy_ros2_pkg) StdoutLine: {'line': b"reading manifest file 'scripts.egg-info/SOURCES.txt'\n"}
[1.500595] (udemy_ros2_pkg) StdoutLine: {'line': b"writing manifest file 'scripts.egg-info/SOURCES.txt'\n"}
[1.502809] (-) TimerEvent: {}
[1.544294] (udemy_ros2_pkg) StdoutLine: {'line': b'[100%] Built target ament_cmake_python_build_udemy_ros2_pkg_egg\n'}
[1.547969] (udemy_ros2_pkg) StdoutLine: {'line': b'[100%] Built target ament_cmake_python_build_scripts_egg\n'}
[1.563064] (udemy_ros2_pkg) CommandEnded: {'returncode': 0}
[1.564402] (udemy_ros2_pkg) JobProgress: {'identifier': 'udemy_ros2_pkg', 'progress': 'install'}
[1.575197] (udemy_ros2_pkg) Command: {'cmd': ['/usr/bin/cmake', '--install', '/home/purno/Workspaces/ros2_py_ws/build/udemy_ros2_pkg'], 'cwd': '/home/purno/Workspaces/ros2_py_ws/build/udemy_ros2_pkg', 'env': OrderedDict([('USER', 'purno'), ('LC_TIME', 'en_US.UTF-8'), ('XDG_SESSION_TYPE', 'wayland'), ('SHLVL', '1'), ('LD_LIBRARY_PATH', '/opt/ros/humble/opt/rviz_ogre_vendor/lib:/opt/ros/humble/lib/x86_64-linux-gnu:/opt/ros/humble/lib'), ('HOME', '/home/purno'), ('CHROME_DESKTOP', 'code.desktop'), ('TERM_PROGRAM_VERSION', '1.96.4'), ('DESKTOP_SESSION', 'ubuntu'), ('ROS_PYTHON_VERSION', '3'), ('GNOME_SHELL_SESSION_MODE', 'ubuntu'), ('GTK_MODULES', 'gail:atk-bridge'), ('LC_MONETARY', 'en_US.UTF-8'), ('MANAGERPID', '1376'), ('SYSTEMD_EXEC_PID', '1735'), ('DBUS_SESSION_BUS_ADDRESS', 'unix:path=/run/user/1000/bus'), ('COLORTERM', 'truecolor'), ('GIO_LAUNCHED_DESKTOP_FILE_PID', '5396'), ('IM_CONFIG_PHASE', '1'), ('WAYLAND_DISPLAY', 'wayland-0'), ('ROS_DISTRO', 'humble'), ('LOGNAME', 'purno'), ('JOURNAL_STREAM', '8:17426'), ('_', '/usr/bin/colcon'), ('ROS_VERSION', '2'), ('XDG_SESSION_CLASS', 'user'), ('USERNAME', 'purno'), ('TERM', 'xterm-256color'), ('GNOME_DESKTOP_SESSION_ID', 'this-is-deprecated'), ('ROS_LOCALHOST_ONLY', '0'), ('PATH', '/opt/ros/humble/bin:/usr/local/sbin:/usr/local/bin:/usr/sbin:/usr/bin:/sbin:/bin:/usr/games:/usr/local/games:/snap/bin:/snap/bin'), ('SESSION_MANAGER', 'local/purno-ubuntu:@/tmp/.ICE-unix/1539,unix/purno-ubuntu:/tmp/.ICE-unix/1539'), ('INVOCATION_ID', 'c78146c48a4c4805b2b0f353ed5a8bcb'), ('PAPERSIZE', 'letter'), ('XDG_MENU_PREFIX', 'gnome-'), ('LC_ADDRESS', 'en_US.UTF-8'), ('GNOME_SETUP_DISPLAY', ':1'), ('XDG_RUNTIME_DIR', '/run/user/1000'), ('GDK_BACKEND', 'x11'), ('DISPLAY', ':0'), ('LANG', 'en_US.UTF-8'), ('XDG_CURRENT_DESKTOP', 'Unity'), ('LC_TELEPHONE', 'en_US.UTF-8'), ('XMODIFIERS', '@im=ibus'), ('XDG_SESSION_DESKTOP', 'ubuntu'), ('XAUTHORITY', '/run/user/1000/.mutter-Xwaylandauth.Y72B12'), ('TERM_PROGRAM', 'vscode'), ('SSH_AGENT_LAUNCHER', 'gnome-keyring'), ('SSH_AUTH_SOCK', '/run/user/1000/keyring/ssh'), ('AMENT_PREFIX_PATH', '/opt/ros/humble'), ('ORIGINAL_XDG_CURRENT_DESKTOP', 'ubuntu:GNOME'), ('SHELL', '/bin/bash'), ('LC_NAME', 'en_US.UTF-8'), ('QT_ACCESSIBILITY', '1'), ('GDMSESSION', 'ubuntu'), ('LC_MEASUREMENT', 'en_US.UTF-8'), ('LC_IDENTIFICATION', 'en_US.UTF-8'), ('QT_IM_MODULE', 'ibus'), ('PWD', '/home/purno/Workspaces/ros2_py_ws/build/udemy_ros2_pkg'), ('XDG_CONFIG_DIRS', '/etc/xdg/xdg-ubuntu:/etc/xdg'), ('XDG_DATA_DIRS', '/usr/share/ubuntu:/usr/local/share/:/usr/share/:/var/lib/snapd/desktop'), ('PYTHONPATH', '/opt/ros/humble/lib/python3.10/site-packages:/opt/ros/humble/local/lib/python3.10/dist-packages'), ('LC_NUMERIC', 'en_US.UTF-8'), ('LC_PAPER', 'en_US.UTF-8'), ('COLCON', '1'), ('CMAKE_PREFIX_PATH', '/opt/ros/humble')]), 'shell': False}
[1.585247] (udemy_ros2_pkg) StdoutLine: {'line': b'-- Install configuration: ""\n'}
[1.586010] (udemy_ros2_pkg) StdoutLine: {'line': b'-- Execute custom install script\n'}
[1.586435] (udemy_ros2_pkg) StdoutLine: {'line': b'-- Up-to-date symlink: /home/purno/Workspaces/ros2_py_ws/install/udemy_ros2_pkg/share/ament_index/resource_index/rosidl_interfaces/udemy_ros2_pkg\n'}
[1.587122] (udemy_ros2_pkg) StdoutLine: {'line': b'-- Up-to-date symlink: /home/purno/Workspaces/ros2_py_ws/install/udemy_ros2_pkg/include/udemy_ros2_pkg/udemy_ros2_pkg/msg/rosidl_generator_c__visibility_control.h\n'}
[1.587298] (udemy_ros2_pkg) StdoutLine: {'line': b'-- Up-to-date symlink: /home/purno/Workspaces/ros2_py_ws/install/udemy_ros2_pkg/include/udemy_ros2_pkg/udemy_ros2_pkg/srv/detail/odd_even_check__functions.h\n'}
[1.587476] (udemy_ros2_pkg) StdoutLine: {'line': b'-- Up-to-date symlink: /home/purno/Workspaces/ros2_py_ws/install/udemy_ros2_pkg/include/udemy_ros2_pkg/udemy_ros2_pkg/srv/detail/odd_even_check__struct.h\n'}
[1.587629] (udemy_ros2_pkg) StdoutLine: {'line': b'-- Up-to-date symlink: /home/purno/Workspaces/ros2_py_ws/install/udemy_ros2_pkg/include/udemy_ros2_pkg/udemy_ros2_pkg/srv/detail/odd_even_check__type_support.h\n'}
[1.587981] (udemy_ros2_pkg) StdoutLine: {'line': b'-- Up-to-date symlink: /home/purno/Workspaces/ros2_py_ws/install/udemy_ros2_pkg/include/udemy_ros2_pkg/udemy_ros2_pkg/srv/odd_even_check.h\n'}
[1.588239] (udemy_ros2_pkg) StdoutLine: {'line': b'-- Up-to-date symlink: /home/purno/Workspaces/ros2_py_ws/install/udemy_ros2_pkg/share/udemy_ros2_pkg/environment/library_path.sh\n'}
[1.588529] (udemy_ros2_pkg) StdoutLine: {'line': b'-- Up-to-date symlink: /home/purno/Workspaces/ros2_py_ws/install/udemy_ros2_pkg/share/udemy_ros2_pkg/environment/library_path.dsv\n'}
[1.589465] (udemy_ros2_pkg) StdoutLine: {'line': b'-- Up-to-date symlink: /home/purno/Workspaces/ros2_py_ws/install/udemy_ros2_pkg/include/udemy_ros2_pkg/udemy_ros2_pkg/msg/rosidl_typesupport_fastrtps_c__visibility_control.h\n'}
[1.589729] (udemy_ros2_pkg) StdoutLine: {'line': b'-- Up-to-date symlink: /home/purno/Workspaces/ros2_py_ws/install/udemy_ros2_pkg/include/udemy_ros2_pkg/udemy_ros2_pkg/srv/detail/odd_even_check__rosidl_typesupport_fastrtps_c.h\n'}
[1.590341] (udemy_ros2_pkg) StdoutLine: {'line': b'-- Up-to-date symlink: /home/purno/Workspaces/ros2_py_ws/install/udemy_ros2_pkg/include/udemy_ros2_pkg/udemy_ros2_pkg/msg/rosidl_typesupport_introspection_c__visibility_control.h\n'}
[1.590538] (udemy_ros2_pkg) StdoutLine: {'line': b'-- Up-to-date symlink: /home/purno/Workspaces/ros2_py_ws/install/udemy_ros2_pkg/include/udemy_ros2_pkg/udemy_ros2_pkg/srv/detail/odd_even_check__rosidl_typesupport_introspection_c.h\n'}
[1.590961] (udemy_ros2_pkg) StdoutLine: {'line': b'-- Up-to-date symlink: /home/purno/Workspaces/ros2_py_ws/install/udemy_ros2_pkg/include/udemy_ros2_pkg/udemy_ros2_pkg/msg/rosidl_generator_cpp__visibility_control.hpp\n'}
[1.591139] (udemy_ros2_pkg) StdoutLine: {'line': b'-- Up-to-date symlink: /home/purno/Workspaces/ros2_py_ws/install/udemy_ros2_pkg/include/udemy_ros2_pkg/udemy_ros2_pkg/srv/detail/odd_even_check__builder.hpp\n'}
[1.591297] (udemy_ros2_pkg) StdoutLine: {'line': b'-- Up-to-date symlink: /home/purno/Workspaces/ros2_py_ws/install/udemy_ros2_pkg/include/udemy_ros2_pkg/udemy_ros2_pkg/srv/detail/odd_even_check__struct.hpp\n'}
[1.591460] (udemy_ros2_pkg) StdoutLine: {'line': b'-- Up-to-date symlink: /home/purno/Workspaces/ros2_py_ws/install/udemy_ros2_pkg/include/udemy_ros2_pkg/udemy_ros2_pkg/srv/detail/odd_even_check__traits.hpp\n'}
[1.591622] (udemy_ros2_pkg) StdoutLine: {'line': b'-- Up-to-date symlink: /home/purno/Workspaces/ros2_py_ws/install/udemy_ros2_pkg/include/udemy_ros2_pkg/udemy_ros2_pkg/srv/detail/odd_even_check__type_support.hpp\n'}
[1.591780] (udemy_ros2_pkg) StdoutLine: {'line': b'-- Up-to-date symlink: /home/purno/Workspaces/ros2_py_ws/install/udemy_ros2_pkg/include/udemy_ros2_pkg/udemy_ros2_pkg/srv/odd_even_check.hpp\n'}
[1.592328] (udemy_ros2_pkg) StdoutLine: {'line': b'-- Up-to-date symlink: /home/purno/Workspaces/ros2_py_ws/install/udemy_ros2_pkg/include/udemy_ros2_pkg/udemy_ros2_pkg/msg/rosidl_typesupport_fastrtps_cpp__visibility_control.h\n'}
[1.592490] (udemy_ros2_pkg) StdoutLine: {'line': b'-- Up-to-date symlink: /home/purno/Workspaces/ros2_py_ws/install/udemy_ros2_pkg/include/udemy_ros2_pkg/udemy_ros2_pkg/srv/detail/odd_even_check__rosidl_typesupport_fastrtps_cpp.hpp\n'}
[1.592812] (udemy_ros2_pkg) StdoutLine: {'line': b'-- Up-to-date symlink: /home/purno/Workspaces/ros2_py_ws/install/udemy_ros2_pkg/include/udemy_ros2_pkg/udemy_ros2_pkg/srv/detail/odd_even_check__rosidl_typesupport_introspection_cpp.hpp\n'}
[1.593062] (udemy_ros2_pkg) StdoutLine: {'line': b'-- Up-to-date symlink: /home/purno/Workspaces/ros2_py_ws/install/udemy_ros2_pkg/share/udemy_ros2_pkg/environment/pythonpath.sh\n'}
[1.593239] (udemy_ros2_pkg) StdoutLine: {'line': b'-- Up-to-date symlink: /home/purno/Workspaces/ros2_py_ws/install/udemy_ros2_pkg/share/udemy_ros2_pkg/environment/pythonpath.dsv\n'}
[1.593599] (udemy_ros2_pkg) StdoutLine: {'line': b'-- Up-to-date symlink: /home/purno/Workspaces/ros2_py_ws/install/udemy_ros2_pkg/local/lib/python3.10/dist-packages/udemy_ros2_pkg-0.0.0-py3.10.egg-info/PKG-INFO\n'}
[1.593754] (udemy_ros2_pkg) StdoutLine: {'line': b'-- Up-to-date symlink: /home/purno/Workspaces/ros2_py_ws/install/udemy_ros2_pkg/local/lib/python3.10/dist-packages/udemy_ros2_pkg-0.0.0-py3.10.egg-info/SOURCES.txt\n'}
[1.593916] (udemy_ros2_pkg) StdoutLine: {'line': b'-- Up-to-date symlink: /home/purno/Workspaces/ros2_py_ws/install/udemy_ros2_pkg/local/lib/python3.10/dist-packages/udemy_ros2_pkg-0.0.0-py3.10.egg-info/dependency_links.txt\n'}
[1.594067] (udemy_ros2_pkg) StdoutLine: {'line': b'-- Up-to-date symlink: /home/purno/Workspaces/ros2_py_ws/install/udemy_ros2_pkg/local/lib/python3.10/dist-packages/udemy_ros2_pkg-0.0.0-py3.10.egg-info/top_level.txt\n'}
[1.594716] (udemy_ros2_pkg) StdoutLine: {'line': b'-- Up-to-date symlink: /home/purno/Workspaces/ros2_py_ws/install/udemy_ros2_pkg/local/lib/python3.10/dist-packages/udemy_ros2_pkg/__init__.py\n'}
[1.594888] (udemy_ros2_pkg) StdoutLine: {'line': b'-- Up-to-date symlink: /home/purno/Workspaces/ros2_py_ws/install/udemy_ros2_pkg/local/lib/python3.10/dist-packages/udemy_ros2_pkg/_udemy_ros2_pkg_s.ep.rosidl_typesupport_c.c\n'}
[1.595067] (udemy_ros2_pkg) StdoutLine: {'line': b'-- Up-to-date symlink: /home/purno/Workspaces/ros2_py_ws/install/udemy_ros2_pkg/local/lib/python3.10/dist-packages/udemy_ros2_pkg/_udemy_ros2_pkg_s.ep.rosidl_typesupport_fastrtps_c.c\n'}
[1.595227] (udemy_ros2_pkg) StdoutLine: {'line': b'-- Up-to-date symlink: /home/purno/Workspaces/ros2_py_ws/install/udemy_ros2_pkg/local/lib/python3.10/dist-packages/udemy_ros2_pkg/_udemy_ros2_pkg_s.ep.rosidl_typesupport_introspection_c.c\n'}
[1.595381] (udemy_ros2_pkg) StdoutLine: {'line': b'-- Up-to-date symlink: /home/purno/Workspaces/ros2_py_ws/install/udemy_ros2_pkg/local/lib/python3.10/dist-packages/udemy_ros2_pkg/libudemy_ros2_pkg__rosidl_generator_py.so\n'}
[1.595534] (udemy_ros2_pkg) StdoutLine: {'line': b'-- Up-to-date symlink: /home/purno/Workspaces/ros2_py_ws/install/udemy_ros2_pkg/local/lib/python3.10/dist-packages/udemy_ros2_pkg/srv/__init__.py\n'}
[1.595688] (udemy_ros2_pkg) StdoutLine: {'line': b'-- Up-to-date symlink: /home/purno/Workspaces/ros2_py_ws/install/udemy_ros2_pkg/local/lib/python3.10/dist-packages/udemy_ros2_pkg/srv/_odd_even_check.py\n'}
[1.595846] (udemy_ros2_pkg) StdoutLine: {'line': b'-- Up-to-date symlink: /home/purno/Workspaces/ros2_py_ws/install/udemy_ros2_pkg/local/lib/python3.10/dist-packages/udemy_ros2_pkg/srv/_odd_even_check_s.c\n'}
[1.596023] (udemy_ros2_pkg) StdoutLine: {'line': b'-- Up-to-date symlink: /home/purno/Workspaces/ros2_py_ws/install/udemy_ros2_pkg/local/lib/python3.10/dist-packages/udemy_ros2_pkg/udemy_ros2_pkg_s__rosidl_typesupport_c.cpython-310-x86_64-linux-gnu.so\n'}
[1.596156] (udemy_ros2_pkg) StdoutLine: {'line': b'-- Up-to-date symlink: /home/purno/Workspaces/ros2_py_ws/install/udemy_ros2_pkg/local/lib/python3.10/dist-packages/udemy_ros2_pkg/udemy_ros2_pkg_s__rosidl_typesupport_fastrtps_c.cpython-310-x86_64-linux-gnu.so\n'}
[1.596266] (udemy_ros2_pkg) StdoutLine: {'line': b'-- Up-to-date symlink: /home/purno/Workspaces/ros2_py_ws/install/udemy_ros2_pkg/local/lib/python3.10/dist-packages/udemy_ros2_pkg/udemy_ros2_pkg_s__rosidl_typesupport_introspection_c.cpython-310-x86_64-linux-gnu.so\n'}
[1.596404] (udemy_ros2_pkg) StdoutLine: {'line': b'-- Up-to-date symlink: /home/purno/Workspaces/ros2_py_ws/install/udemy_ros2_pkg/local/lib/python3.10/dist-packages/udemy_ros2_pkg/udemy_ros2_pkg_s__rosidl_typesupport_fastrtps_c.cpython-310-x86_64-linux-gnu.so\n'}
[1.596707] (udemy_ros2_pkg) StdoutLine: {'line': b'-- Up-to-date symlink: /home/purno/Workspaces/ros2_py_ws/install/udemy_ros2_pkg/local/lib/python3.10/dist-packages/udemy_ros2_pkg/udemy_ros2_pkg_s__rosidl_typesupport_introspection_c.cpython-310-x86_64-linux-gnu.so\n'}
[1.597038] (udemy_ros2_pkg) StdoutLine: {'line': b'-- Up-to-date symlink: /home/purno/Workspaces/ros2_py_ws/install/udemy_ros2_pkg/local/lib/python3.10/dist-packages/udemy_ros2_pkg/udemy_ros2_pkg_s__rosidl_typesupport_c.cpython-310-x86_64-linux-gnu.so\n'}
[1.597351] (udemy_ros2_pkg) StdoutLine: {'line': b'-- Up-to-date symlink: /home/purno/Workspaces/ros2_py_ws/install/udemy_ros2_pkg/share/udemy_ros2_pkg/srv/OddEvenCheck.idl\n'}
[1.597534] (udemy_ros2_pkg) StdoutLine: {'line': b'-- Up-to-date symlink: /home/purno/Workspaces/ros2_py_ws/install/udemy_ros2_pkg/share/udemy_ros2_pkg/srv/OddEvenCheck.srv\n'}
[1.597712] (udemy_ros2_pkg) StdoutLine: {'line': b'-- Up-to-date symlink: /home/purno/Workspaces/ros2_py_ws/install/udemy_ros2_pkg/share/udemy_ros2_pkg/srv/OddEvenCheck_Request.msg\n'}
[1.597879] (udemy_ros2_pkg) StdoutLine: {'line': b'-- Up-to-date symlink: /home/purno/Workspaces/ros2_py_ws/install/udemy_ros2_pkg/share/udemy_ros2_pkg/srv/OddEvenCheck_Response.msg\n'}
[1.598261] (udemy_ros2_pkg) StdoutLine: {'line': b'-- Up-to-date symlink: /home/purno/Workspaces/ros2_py_ws/install/udemy_ros2_pkg/local/lib/python3.10/dist-packages/scripts-0.0.0-py3.10.egg-info/PKG-INFO\n'}
[1.598415] (udemy_ros2_pkg) StdoutLine: {'line': b'-- Up-to-date symlink: /home/purno/Workspaces/ros2_py_ws/install/udemy_ros2_pkg/local/lib/python3.10/dist-packages/scripts-0.0.0-py3.10.egg-info/SOURCES.txt\n'}
[1.598579] (udemy_ros2_pkg) StdoutLine: {'line': b'-- Up-to-date symlink: /home/purno/Workspaces/ros2_py_ws/install/udemy_ros2_pkg/local/lib/python3.10/dist-packages/scripts-0.0.0-py3.10.egg-info/dependency_links.txt\n'}
[1.598732] (udemy_ros2_pkg) StdoutLine: {'line': b'-- Up-to-date symlink: /home/purno/Workspaces/ros2_py_ws/install/udemy_ros2_pkg/local/lib/python3.10/dist-packages/scripts-0.0.0-py3.10.egg-info/top_level.txt\n'}
[1.599125] (udemy_ros2_pkg) StdoutLine: {'line': b'-- Up-to-date symlink: /home/purno/Workspaces/ros2_py_ws/install/udemy_ros2_pkg/local/lib/python3.10/dist-packages/scripts/__init__.py\n'}
[1.599310] (udemy_ros2_pkg) StdoutLine: {'line': b'-- Up-to-date symlink: /home/purno/Workspaces/ros2_py_ws/install/udemy_ros2_pkg/local/lib/python3.10/dist-packages/scripts/publisher.py\n'}
[1.599518] (udemy_ros2_pkg) StdoutLine: {'line': b'-- Up-to-date symlink: /home/purno/Workspaces/ros2_py_ws/install/udemy_ros2_pkg/local/lib/python3.10/dist-packages/scripts/rpm_pub.py\n'}
[1.599658] (udemy_ros2_pkg) StdoutLine: {'line': b'-- Symlinking: /home/purno/Workspaces/ros2_py_ws/install/udemy_ros2_pkg/local/lib/python3.10/dist-packages/scripts/service_client.py\n'}
[1.602874] (-) TimerEvent: {}
[1.610978] (udemy_ros2_pkg) StdoutLine: {'line': b'-- Up-to-date symlink: /home/purno/Workspaces/ros2_py_ws/install/udemy_ros2_pkg/local/lib/python3.10/dist-packages/scripts/service_server.py\n'}
[1.611251] (udemy_ros2_pkg) StdoutLine: {'line': b'-- Up-to-date symlink: /home/purno/Workspaces/ros2_py_ws/install/udemy_ros2_pkg/local/lib/python3.10/dist-packages/scripts/speed_calc.py\n'}
[1.611423] (udemy_ros2_pkg) StdoutLine: {'line': b'-- Up-to-date symlink: /home/purno/Workspaces/ros2_py_ws/install/udemy_ros2_pkg/local/lib/python3.10/dist-packages/scripts/subscriber.py\n'}
[1.611683] (udemy_ros2_pkg) StdoutLine: {'line': b'-- Up-to-date symlink: /home/purno/Workspaces/ros2_py_ws/install/udemy_ros2_pkg/lib/udemy_ros2_pkg/publisher.py\n'}
[1.611896] (udemy_ros2_pkg) StdoutLine: {'line': b'-- Up-to-date symlink: /home/purno/Workspaces/ros2_py_ws/install/udemy_ros2_pkg/lib/udemy_ros2_pkg/subscriber.py\n'}
[1.612105] (udemy_ros2_pkg) StdoutLine: {'line': b'-- Up-to-date symlink: /home/purno/Workspaces/ros2_py_ws/install/udemy_ros2_pkg/lib/udemy_ros2_pkg/rpm_pub.py\n'}
[1.612338] (udemy_ros2_pkg) StdoutLine: {'line': b'-- Up-to-date symlink: /home/purno/Workspaces/ros2_py_ws/install/udemy_ros2_pkg/lib/udemy_ros2_pkg/speed_calc.py\n'}
[1.612484] (udemy_ros2_pkg) StdoutLine: {'line': b'-- Up-to-date symlink: /home/purno/Workspaces/ros2_py_ws/install/udemy_ros2_pkg/lib/udemy_ros2_pkg/service_server.py\n'}
[1.612634] (udemy_ros2_pkg) StdoutLine: {'line': b'-- Symlinking: /home/purno/Workspaces/ros2_py_ws/install/udemy_ros2_pkg/lib/udemy_ros2_pkg/service_client.py\n'}
[1.623896] (udemy_ros2_pkg) StdoutLine: {'line': b'-- Up-to-date symlink: /home/purno/Workspaces/ros2_py_ws/install/udemy_ros2_pkg/share/udemy_ros2_pkg//launch/rpm_node.launch.py\n'}
[1.624246] (udemy_ros2_pkg) StdoutLine: {'line': b'-- Up-to-date symlink: /home/purno/Workspaces/ros2_py_ws/install/udemy_ros2_pkg/share/udemy_ros2_pkg//launch/speed_project.launch.py\n'}
[1.624487] (udemy_ros2_pkg) StdoutLine: {'line': b'-- Up-to-date symlink: /home/purno/Workspaces/ros2_py_ws/install/udemy_ros2_pkg/share/ament_index/resource_index/package_run_dependencies/udemy_ros2_pkg\n'}
[1.624716] (udemy_ros2_pkg) StdoutLine: {'line': b'-- Up-to-date symlink: /home/purno/Workspaces/ros2_py_ws/install/udemy_ros2_pkg/share/ament_index/resource_index/parent_prefix_path/udemy_ros2_pkg\n'}
[1.625082] (udemy_ros2_pkg) StdoutLine: {'line': b'-- Up-to-date symlink: /home/purno/Workspaces/ros2_py_ws/install/udemy_ros2_pkg/share/udemy_ros2_pkg/environment/ament_prefix_path.sh\n'}
[1.625351] (udemy_ros2_pkg) StdoutLine: {'line': b'-- Up-to-date symlink: /home/purno/Workspaces/ros2_py_ws/install/udemy_ros2_pkg/share/udemy_ros2_pkg/environment/ament_prefix_path.dsv\n'}
[1.625660] (udemy_ros2_pkg) StdoutLine: {'line': b'-- Up-to-date symlink: /home/purno/Workspaces/ros2_py_ws/install/udemy_ros2_pkg/share/udemy_ros2_pkg/environment/path.sh\n'}
[1.626019] (udemy_ros2_pkg) StdoutLine: {'line': b'-- Up-to-date symlink: /home/purno/Workspaces/ros2_py_ws/install/udemy_ros2_pkg/share/udemy_ros2_pkg/environment/path.dsv\n'}
[1.626336] (udemy_ros2_pkg) StdoutLine: {'line': b'-- Up-to-date symlink: /home/purno/Workspaces/ros2_py_ws/install/udemy_ros2_pkg/share/udemy_ros2_pkg/local_setup.bash\n'}
[1.626647] (udemy_ros2_pkg) StdoutLine: {'line': b'-- Up-to-date symlink: /home/purno/Workspaces/ros2_py_ws/install/udemy_ros2_pkg/share/udemy_ros2_pkg/local_setup.sh\n'}
[1.627089] (udemy_ros2_pkg) StdoutLine: {'line': b'-- Up-to-date symlink: /home/purno/Workspaces/ros2_py_ws/install/udemy_ros2_pkg/share/udemy_ros2_pkg/local_setup.zsh\n'}
[1.627309] (udemy_ros2_pkg) StdoutLine: {'line': b'-- Up-to-date symlink: /home/purno/Workspaces/ros2_py_ws/install/udemy_ros2_pkg/share/udemy_ros2_pkg/local_setup.dsv\n'}
[1.627498] (udemy_ros2_pkg) StdoutLine: {'line': b'-- Symlinking: /home/purno/Workspaces/ros2_py_ws/install/udemy_ros2_pkg/share/udemy_ros2_pkg/package.dsv\n'}
[1.639500] (udemy_ros2_pkg) StdoutLine: {'line': b'-- Up-to-date symlink: /home/purno/Workspaces/ros2_py_ws/install/udemy_ros2_pkg/share/ament_index/resource_index/packages/udemy_ros2_pkg\n'}
[1.639793] (udemy_ros2_pkg) StdoutLine: {'line': b'-- Up-to-date symlink: /home/purno/Workspaces/ros2_py_ws/install/udemy_ros2_pkg/share/udemy_ros2_pkg/cmake/rosidl_cmake-extras.cmake\n'}
[1.640118] (udemy_ros2_pkg) StdoutLine: {'line': b'-- Up-to-date symlink: /home/purno/Workspaces/ros2_py_ws/install/udemy_ros2_pkg/share/udemy_ros2_pkg/cmake/ament_cmake_export_include_directories-extras.cmake\n'}
[1.640461] (udemy_ros2_pkg) StdoutLine: {'line': b'-- Up-to-date symlink: /home/purno/Workspaces/ros2_py_ws/install/udemy_ros2_pkg/share/udemy_ros2_pkg/cmake/ament_cmake_export_libraries-extras.cmake\n'}
[1.640763] (udemy_ros2_pkg) StdoutLine: {'line': b'-- Up-to-date symlink: /home/purno/Workspaces/ros2_py_ws/install/udemy_ros2_pkg/share/udemy_ros2_pkg/cmake/ament_cmake_export_targets-extras.cmake\n'}
[1.641065] (udemy_ros2_pkg) StdoutLine: {'line': b'-- Up-to-date symlink: /home/purno/Workspaces/ros2_py_ws/install/udemy_ros2_pkg/share/udemy_ros2_pkg/cmake/rosidl_cmake_export_typesupport_targets-extras.cmake\n'}
[1.641343] (udemy_ros2_pkg) StdoutLine: {'line': b'-- Up-to-date symlink: /home/purno/Workspaces/ros2_py_ws/install/udemy_ros2_pkg/share/udemy_ros2_pkg/cmake/ament_cmake_export_dependencies-extras.cmake\n'}
[1.641650] (udemy_ros2_pkg) StdoutLine: {'line': b'-- Up-to-date symlink: /home/purno/Workspaces/ros2_py_ws/install/udemy_ros2_pkg/share/udemy_ros2_pkg/cmake/rosidl_cmake_export_typesupport_libraries-extras.cmake\n'}
[1.641984] (udemy_ros2_pkg) StdoutLine: {'line': b'-- Up-to-date symlink: /home/purno/Workspaces/ros2_py_ws/install/udemy_ros2_pkg/share/udemy_ros2_pkg/cmake/udemy_ros2_pkgConfig.cmake\n'}
[1.642254] (udemy_ros2_pkg) StdoutLine: {'line': b'-- Up-to-date symlink: /home/purno/Workspaces/ros2_py_ws/install/udemy_ros2_pkg/share/udemy_ros2_pkg/cmake/udemy_ros2_pkgConfig-version.cmake\n'}
[1.642498] (udemy_ros2_pkg) StdoutLine: {'line': b'-- Up-to-date symlink: /home/purno/Workspaces/ros2_py_ws/install/udemy_ros2_pkg/share/udemy_ros2_pkg/package.xml\n'}
[1.642998] (udemy_ros2_pkg) StdoutLine: {'line': b'-- Up-to-date: /home/purno/Workspaces/ros2_py_ws/install/udemy_ros2_pkg/lib/libudemy_ros2_pkg__rosidl_generator_c.so\n'}
[1.643556] (udemy_ros2_pkg) StdoutLine: {'line': b'-- Up-to-date: /home/purno/Workspaces/ros2_py_ws/install/udemy_ros2_pkg/lib/libudemy_ros2_pkg__rosidl_typesupport_fastrtps_c.so\n'}
[1.644100] (udemy_ros2_pkg) StdoutLine: {'line': b'-- Up-to-date: /home/purno/Workspaces/ros2_py_ws/install/udemy_ros2_pkg/lib/libudemy_ros2_pkg__rosidl_typesupport_introspection_c.so\n'}
[1.644559] (udemy_ros2_pkg) StdoutLine: {'line': b'-- Up-to-date: /home/purno/Workspaces/ros2_py_ws/install/udemy_ros2_pkg/lib/libudemy_ros2_pkg__rosidl_typesupport_c.so\n'}
[1.645074] (udemy_ros2_pkg) StdoutLine: {'line': b'-- Up-to-date: /home/purno/Workspaces/ros2_py_ws/install/udemy_ros2_pkg/lib/libudemy_ros2_pkg__rosidl_typesupport_fastrtps_cpp.so\n'}
[1.645628] (udemy_ros2_pkg) StdoutLine: {'line': b'-- Up-to-date: /home/purno/Workspaces/ros2_py_ws/install/udemy_ros2_pkg/lib/libudemy_ros2_pkg__rosidl_typesupport_introspection_cpp.so\n'}
[1.646200] (udemy_ros2_pkg) StdoutLine: {'line': b'-- Up-to-date: /home/purno/Workspaces/ros2_py_ws/install/udemy_ros2_pkg/lib/libudemy_ros2_pkg__rosidl_typesupport_cpp.so\n'}
[1.683365] (udemy_ros2_pkg) StdoutLine: {'line': b"Listing '/home/purno/Workspaces/ros2_py_ws/install/udemy_ros2_pkg/local/lib/python3.10/dist-packages/udemy_ros2_pkg'...\n"}
[1.683550] (udemy_ros2_pkg) StdoutLine: {'line': b"Compiling '/home/purno/Workspaces/ros2_py_ws/install/udemy_ros2_pkg/local/lib/python3.10/dist-packages/udemy_ros2_pkg/__init__.py'...\n"}
[1.683634] (udemy_ros2_pkg) StdoutLine: {'line': b"Listing '/home/purno/Workspaces/ros2_py_ws/install/udemy_ros2_pkg/local/lib/python3.10/dist-packages/udemy_ros2_pkg/srv'...\n"}
[1.690521] (udemy_ros2_pkg) StdoutLine: {'line': b'-- Up-to-date: /home/purno/Workspaces/ros2_py_ws/install/udemy_ros2_pkg/lib/libudemy_ros2_pkg__rosidl_generator_py.so\n'}
[1.703032] (-) TimerEvent: {}
[1.737969] (udemy_ros2_pkg) StdoutLine: {'line': b"Listing '/home/purno/Workspaces/ros2_py_ws/install/udemy_ros2_pkg/local/lib/python3.10/dist-packages/scripts'...\n"}
[1.738252] (udemy_ros2_pkg) StdoutLine: {'line': b"Compiling '/home/purno/Workspaces/ros2_py_ws/install/udemy_ros2_pkg/local/lib/python3.10/dist-packages/scripts/service_client.py'...\n"}
[1.746037] (udemy_ros2_pkg) StdoutLine: {'line': b'-- Up-to-date: /home/purno/Workspaces/ros2_py_ws/install/udemy_ros2_pkg/share/udemy_ros2_pkg/cmake/export_udemy_ros2_pkg__rosidl_generator_cExport.cmake\n'}
[1.746367] (udemy_ros2_pkg) StdoutLine: {'line': b'-- Up-to-date: /home/purno/Workspaces/ros2_py_ws/install/udemy_ros2_pkg/share/udemy_ros2_pkg/cmake/export_udemy_ros2_pkg__rosidl_generator_cExport-noconfig.cmake\n'}
[1.746517] (udemy_ros2_pkg) StdoutLine: {'line': b'-- Up-to-date: /home/purno/Workspaces/ros2_py_ws/install/udemy_ros2_pkg/share/udemy_ros2_pkg/cmake/export_udemy_ros2_pkg__rosidl_typesupport_fastrtps_cExport.cmake\n'}
[1.746673] (udemy_ros2_pkg) StdoutLine: {'line': b'-- Up-to-date: /home/purno/Workspaces/ros2_py_ws/install/udemy_ros2_pkg/share/udemy_ros2_pkg/cmake/export_udemy_ros2_pkg__rosidl_typesupport_fastrtps_cExport-noconfig.cmake\n'}
[1.746751] (udemy_ros2_pkg) StdoutLine: {'line': b'-- Up-to-date: /home/purno/Workspaces/ros2_py_ws/install/udemy_ros2_pkg/share/udemy_ros2_pkg/cmake/udemy_ros2_pkg__rosidl_typesupport_introspection_cExport.cmake\n'}
[1.746826] (udemy_ros2_pkg) StdoutLine: {'line': b'-- Up-to-date: /home/purno/Workspaces/ros2_py_ws/install/udemy_ros2_pkg/share/udemy_ros2_pkg/cmake/udemy_ros2_pkg__rosidl_typesupport_introspection_cExport-noconfig.cmake\n'}
[1.746943] (udemy_ros2_pkg) StdoutLine: {'line': b'-- Up-to-date: /home/purno/Workspaces/ros2_py_ws/install/udemy_ros2_pkg/share/udemy_ros2_pkg/cmake/udemy_ros2_pkg__rosidl_typesupport_cExport.cmake\n'}
[1.747018] (udemy_ros2_pkg) StdoutLine: {'line': b'-- Up-to-date: /home/purno/Workspaces/ros2_py_ws/install/udemy_ros2_pkg/share/udemy_ros2_pkg/cmake/udemy_ros2_pkg__rosidl_typesupport_cExport-noconfig.cmake\n'}
[1.747090] (udemy_ros2_pkg) StdoutLine: {'line': b'-- Up-to-date: /home/purno/Workspaces/ros2_py_ws/install/udemy_ros2_pkg/share/udemy_ros2_pkg/cmake/export_udemy_ros2_pkg__rosidl_generator_cppExport.cmake\n'}
[1.747202] (udemy_ros2_pkg) StdoutLine: {'line': b'-- Up-to-date: /home/purno/Workspaces/ros2_py_ws/install/udemy_ros2_pkg/share/udemy_ros2_pkg/cmake/export_udemy_ros2_pkg__rosidl_typesupport_fastrtps_cppExport.cmake\n'}
[1.747275] (udemy_ros2_pkg) StdoutLine: {'line': b'-- Up-to-date: /home/purno/Workspaces/ros2_py_ws/install/udemy_ros2_pkg/share/udemy_ros2_pkg/cmake/export_udemy_ros2_pkg__rosidl_typesupport_fastrtps_cppExport-noconfig.cmake\n'}
[1.747379] (udemy_ros2_pkg) StdoutLine: {'line': b'-- Up-to-date: /home/purno/Workspaces/ros2_py_ws/install/udemy_ros2_pkg/share/udemy_ros2_pkg/cmake/udemy_ros2_pkg__rosidl_typesupport_introspection_cppExport.cmake\n'}
[1.747492] (udemy_ros2_pkg) StdoutLine: {'line': b'-- Up-to-date: /home/purno/Workspaces/ros2_py_ws/install/udemy_ros2_pkg/share/udemy_ros2_pkg/cmake/udemy_ros2_pkg__rosidl_typesupport_introspection_cppExport-noconfig.cmake\n'}
[1.747569] (udemy_ros2_pkg) StdoutLine: {'line': b'-- Up-to-date: /home/purno/Workspaces/ros2_py_ws/install/udemy_ros2_pkg/share/udemy_ros2_pkg/cmake/udemy_ros2_pkg__rosidl_typesupport_cppExport.cmake\n'}
[1.747668] (udemy_ros2_pkg) StdoutLine: {'line': b'-- Up-to-date: /home/purno/Workspaces/ros2_py_ws/install/udemy_ros2_pkg/share/udemy_ros2_pkg/cmake/udemy_ros2_pkg__rosidl_typesupport_cppExport-noconfig.cmake\n'}
[1.747778] (udemy_ros2_pkg) StdoutLine: {'line': b'-- Up-to-date: /home/purno/Workspaces/ros2_py_ws/install/udemy_ros2_pkg/share/udemy_ros2_pkg/cmake/export_udemy_ros2_pkg__rosidl_generator_pyExport.cmake\n'}
[1.747860] (udemy_ros2_pkg) StdoutLine: {'line': b'-- Up-to-date: /home/purno/Workspaces/ros2_py_ws/install/udemy_ros2_pkg/share/udemy_ros2_pkg/cmake/export_udemy_ros2_pkg__rosidl_generator_pyExport-noconfig.cmake\n'}
[1.750804] (udemy_ros2_pkg) CommandEnded: {'returncode': 0}
[1.788981] (udemy_ros2_pkg) JobEnded: {'identifier': 'udemy_ros2_pkg', 'rc': 0}
[1.790348] (-) EventReactorShutdown: {}
