[0.000000] (-) TimerEvent: {}
[0.000297] (udemy_ros2_pkg) JobQueued: {'identifier': 'udemy_ros2_pkg', 'dependencies': OrderedDict()}
[0.000487] (udemy_ros2_pkg) JobStarted: {'identifier': 'udemy_ros2_pkg'}
[0.010280] (udemy_ros2_pkg) JobProgress: {'identifier': 'udemy_ros2_pkg', 'progress': 'cmake'}
[0.011272] (udemy_ros2_pkg) JobProgress: {'identifier': 'udemy_ros2_pkg', 'progress': 'build'}
[0.011992] (udemy_ros2_pkg) Command: {'cmd': ['/usr/bin/cmake', '--build', '/home/purno/Workspaces/ros2_py_ws/build/udemy_ros2_pkg', '--', '-j8', '-l8'], 'cwd': '/home/purno/Workspaces/ros2_py_ws/build/udemy_ros2_pkg', 'env': OrderedDict([('USER', 'purno'), ('LC_TIME', 'en_US.UTF-8'), ('XDG_SESSION_TYPE', 'wayland'), ('SHLVL', '1'), ('LD_LIBRARY_PATH', '/opt/ros/humble/opt/rviz_ogre_vendor/lib:/opt/ros/humble/lib/x86_64-linux-gnu:/opt/ros/humble/lib'), ('HOME', '/home/purno'), ('CHROME_DESKTOP', 'code.desktop'), ('TERM_PROGRAM_VERSION', '1.96.4'), ('DESKTOP_SESSION', 'ubuntu'), ('ROS_PYTHON_VERSION', '3'), ('GNOME_SHELL_SESSION_MODE', 'ubuntu'), ('GTK_MODULES', 'gail:atk-bridge'), ('LC_MONETARY', 'en_US.UTF-8'), ('MANAGERPID', '1570'), ('SYSTEMD_EXEC_PID', '1916'), ('DBUS_SESSION_BUS_ADDRESS', 'unix:path=/run/user/1000/bus'), ('COLORTERM', 'truecolor'), ('GIO_LAUNCHED_DESKTOP_FILE_PID', '4173'), ('IM_CONFIG_PHASE', '1'), ('WAYLAND_DISPLAY', 'wayland-0'), ('ROS_DISTRO', 'humble'), ('LOGNAME', 'purno'), ('JOURNAL_STREAM', '8:15632'), ('_', '/usr/bin/colcon'), ('ROS_VERSION', '2'), ('XDG_SESSION_CLASS', 'user'), ('USERNAME', 'purno'), ('TERM', 'xterm-256color'), ('GNOME_DESKTOP_SESSION_ID', 'this-is-deprecated'), ('ROS_LOCALHOST_ONLY', '0'), ('PATH', '/opt/ros/humble/bin:/usr/local/sbin:/usr/local/bin:/usr/sbin:/usr/bin:/sbin:/bin:/usr/games:/usr/local/games:/snap/bin:/snap/bin'), ('SESSION_MANAGER', 'local/purno-ubuntu:@/tmp/.ICE-unix/1727,unix/purno-ubuntu:/tmp/.ICE-unix/1727'), ('INVOCATION_ID', '70c2869610224c1dba459615d42b0d5c'), ('PAPERSIZE', 'letter'), ('XDG_MENU_PREFIX', 'gnome-'), ('LC_ADDRESS', 'en_US.UTF-8'), ('GNOME_SETUP_DISPLAY', ':1'), ('XDG_RUNTIME_DIR', '/run/user/1000'), ('GDK_BACKEND', 'x11'), ('DISPLAY', ':0'), ('LANG', 'en_US.UTF-8'), ('XDG_CURRENT_DESKTOP', 'Unity'), ('LC_TELEPHONE', 'en_US.UTF-8'), ('XMODIFIERS', '@im=ibus'), ('XDG_SESSION_DESKTOP', 'ubuntu'), ('XAUTHORITY', '/run/user/1000/.mutter-Xwaylandauth.DYN502'), ('TERM_PROGRAM', 'vscode'), ('SSH_AGENT_LAUNCHER', 'gnome-keyring'), ('SSH_AUTH_SOCK', '/run/user/1000/keyring/ssh'), ('AMENT_PREFIX_PATH', '/opt/ros/humble'), ('ORIGINAL_XDG_CURRENT_DESKTOP', 'ubuntu:GNOME'), ('SHELL', '/bin/bash'), ('LC_NAME', 'en_US.UTF-8'), ('QT_ACCESSIBILITY', '1'), ('GDMSESSION', 'ubuntu'), ('LC_MEASUREMENT', 'en_US.UTF-8'), ('LC_IDENTIFICATION', 'en_US.UTF-8'), ('QT_IM_MODULE', 'ibus'), ('PWD', '/home/purno/Workspaces/ros2_py_ws/build/udemy_ros2_pkg'), ('XDG_CONFIG_DIRS', '/etc/xdg/xdg-ubuntu:/etc/xdg'), ('XDG_DATA_DIRS', '/usr/share/ubuntu:/usr/local/share/:/usr/share/:/var/lib/snapd/desktop'), ('PYTHONPATH', '/opt/ros/humble/lib/python3.10/site-packages:/opt/ros/humble/local/lib/python3.10/dist-packages'), ('LC_NUMERIC', 'en_US.UTF-8'), ('LC_PAPER', 'en_US.UTF-8'), ('COLCON', '1'), ('CMAKE_PREFIX_PATH', '/opt/ros/humble')]), 'shell': False}
[0.062479] (udemy_ros2_pkg) StdoutLine: {'line': b'-- Found ament_cmake: 1.3.11 (/opt/ros/humble/share/ament_cmake/cmake)\n'}
[0.099385] (-) TimerEvent: {}
[0.199647] (-) TimerEvent: {}
[0.218304] (udemy_ros2_pkg) StdoutLine: {'line': b'-- Override CMake install command with custom implementation using symlinks instead of copying resources\n'}
[0.233896] (udemy_ros2_pkg) StdoutLine: {'line': b'-- Found rclpy: 3.3.15 (/opt/ros/humble/share/rclpy/cmake)\n'}
[0.234247] (udemy_ros2_pkg) StdoutLine: {'line': b'-- Found rosidl_default_generators: 1.2.0 (/opt/ros/humble/share/rosidl_default_generators/cmake)\n'}
[0.236724] (udemy_ros2_pkg) StdoutLine: {'line': b'-- Using all available rosidl_typesupport_c: rosidl_typesupport_fastrtps_c;rosidl_typesupport_introspection_c\n'}
[0.241074] (udemy_ros2_pkg) StdoutLine: {'line': b'-- Found rosidl_adapter: 3.1.6 (/opt/ros/humble/share/rosidl_adapter/cmake)\n'}
[0.282264] (udemy_ros2_pkg) StdoutLine: {'line': b'-- Using all available rosidl_typesupport_cpp: rosidl_typesupport_fastrtps_cpp;rosidl_typesupport_introspection_cpp\n'}
[0.299773] (-) TimerEvent: {}
[0.321032] (udemy_ros2_pkg) StdoutLine: {'line': b'-- Found sensor_msgs: 4.2.4 (/opt/ros/humble/share/sensor_msgs/cmake)\n'}
[0.399906] (-) TimerEvent: {}
[0.500194] (-) TimerEvent: {}
[0.600462] (-) TimerEvent: {}
[0.629999] (udemy_ros2_pkg) StderrLine: {'line': b'\x1b[31mCMake Error at /opt/ros/humble/share/rosidl_adapter/cmake/rosidl_adapt_interfaces.cmake:59 (message):\n'}
[0.630281] (udemy_ros2_pkg) StderrLine: {'line': b'  execute_process(/usr/bin/python3 -m rosidl_adapter --package-name\n'}
[0.630437] (udemy_ros2_pkg) StderrLine: {'line': b'  udemy_ros2_pkg --arguments-file\n'}
[0.630579] (udemy_ros2_pkg) StderrLine: {'line': b'  /home/purno/Workspaces/ros2_py_ws/build/udemy_ros2_pkg/rosidl_adapter__arguments__udemy_ros2_pkg.json\n'}
[0.630773] (udemy_ros2_pkg) StderrLine: {'line': b'  --output-dir\n'}
[0.630911] (udemy_ros2_pkg) StderrLine: {'line': b'  /home/purno/Workspaces/ros2_py_ws/build/udemy_ros2_pkg/rosidl_adapter/udemy_ros2_pkg\n'}
[0.631036] (udemy_ros2_pkg) StderrLine: {'line': b'  --output-file\n'}
[0.631158] (udemy_ros2_pkg) StderrLine: {'line': b'  /home/purno/Workspaces/ros2_py_ws/build/udemy_ros2_pkg/rosidl_adapter/udemy_ros2_pkg.idls)\n'}
[0.631285] (udemy_ros2_pkg) StderrLine: {'line': b'  returned error code 1:\n'}
[0.631430] (udemy_ros2_pkg) StderrLine: {'line': b'\n'}
[0.631578] (udemy_ros2_pkg) StderrLine: {'line': b"  Error processing 'sensor_msgs/Image Image' of\n"}
[0.631709] (udemy_ros2_pkg) StderrLine: {'line': b"  'udemy_ros2_pkg/TurnCamera_Response': ''Image' is an invalid field name.\n"}
[0.631842] (udemy_ros2_pkg) StderrLine: {'line': b"  It should have the pattern '^(?!.*__)(?!.*_$)[a-z][a-z0-9_]*$''\n"}
[0.631971] (udemy_ros2_pkg) StderrLine: {'line': b'\n'}
[0.632091] (udemy_ros2_pkg) StderrLine: {'line': b'  Traceback (most recent call last):\n'}
[0.632215] (udemy_ros2_pkg) StderrLine: {'line': b'\n'}
[0.632340] (udemy_ros2_pkg) StderrLine: {'line': b'    File "/usr/lib/python3.10/runpy.py", line 196, in _run_module_as_main\n'}
[0.632488] (udemy_ros2_pkg) StderrLine: {'line': b'      return _run_code(code, main_globals, None,\n'}
[0.632618] (udemy_ros2_pkg) StderrLine: {'line': b'    File "/usr/lib/python3.10/runpy.py", line 86, in _run_code\n'}
[0.632740] (udemy_ros2_pkg) StderrLine: {'line': b'      exec(code, run_globals)\n'}
[0.632864] (udemy_ros2_pkg) StderrLine: {'line': b'    File "/opt/ros/humble/local/lib/python3.10/dist-packages/rosidl_adapter/__main__.py", line 19, in <module>\n'}
[0.632988] (udemy_ros2_pkg) StderrLine: {'line': b'      sys.exit(main())\n'}
[0.633110] (udemy_ros2_pkg) StderrLine: {'line': b'    File "/opt/ros/humble/local/lib/python3.10/dist-packages/rosidl_adapter/main.py", line 53, in main\n'}
[0.633231] (udemy_ros2_pkg) StderrLine: {'line': b'      abs_idl_file = convert_to_idl(\n'}
[0.633349] (udemy_ros2_pkg) StderrLine: {'line': b'    File "/opt/ros/humble/local/lib/python3.10/dist-packages/rosidl_adapter/__init__.py", line 24, in convert_to_idl\n'}
[0.633520] (udemy_ros2_pkg) StderrLine: {'line': b'      return convert_srv_to_idl(\n'}
[0.633645] (udemy_ros2_pkg) StderrLine: {'line': b'    File "/opt/ros/humble/local/lib/python3.10/dist-packages/rosidl_adapter/srv/__init__.py", line 28, in convert_srv_to_idl\n'}
[0.633769] (udemy_ros2_pkg) StderrLine: {'line': b'      srv = parse_service_string(package_name, input_file.stem, content)\n'}
[0.633891] (udemy_ros2_pkg) StderrLine: {'line': b'    File "/opt/ros/humble/local/lib/python3.10/dist-packages/rosidl_adapter/parser.py", line 863, in parse_service_string\n'}
[0.634012] (udemy_ros2_pkg) StderrLine: {'line': b'      response_message = parse_message_string(\n'}
[0.634133] (udemy_ros2_pkg) StderrLine: {'line': b'    File "/opt/ros/humble/local/lib/python3.10/dist-packages/rosidl_adapter/parser.py", line 519, in parse_message_string\n'}
[0.634255] (udemy_ros2_pkg) StderrLine: {'line': b'      fields.append(Field(\n'}
[0.634449] (udemy_ros2_pkg) StderrLine: {'line': b'    File "/opt/ros/humble/local/lib/python3.10/dist-packages/rosidl_adapter/parser.py", line 354, in __init__\n'}
[0.634586] (udemy_ros2_pkg) StderrLine: {'line': b'      raise NameError(\n'}
[0.634710] (udemy_ros2_pkg) StderrLine: {'line': b'\n'}
[0.634832] (udemy_ros2_pkg) StderrLine: {'line': b"  NameError: 'Image' is an invalid field name.  It should have the pattern\n"}
[0.634954] (udemy_ros2_pkg) StderrLine: {'line': b"  '^(?!.*__)(?!.*_$)[a-z][a-z0-9_]*$'\n"}
[0.635076] (udemy_ros2_pkg) StderrLine: {'line': b'\n'}
[0.635196] (udemy_ros2_pkg) StderrLine: {'line': b'Call Stack (most recent call first):\n'}
[0.635325] (udemy_ros2_pkg) StderrLine: {'line': b'  /opt/ros/humble/share/rosidl_cmake/cmake/rosidl_generate_interfaces.cmake:130 (rosidl_adapt_interfaces)\n'}
[0.635461] (udemy_ros2_pkg) StderrLine: {'line': b'  CMakeLists.txt:15 (rosidl_generate_interfaces)\n'}
[0.635593] (udemy_ros2_pkg) StderrLine: {'line': b'\n'}
[0.635713] (udemy_ros2_pkg) StderrLine: {'line': b'\x1b[0m\n'}
[0.635835] (udemy_ros2_pkg) StdoutLine: {'line': b'-- Configuring incomplete, errors occurred!\n'}
[0.635970] (udemy_ros2_pkg) StdoutLine: {'line': b'See also "/home/purno/Workspaces/ros2_py_ws/build/udemy_ros2_pkg/CMakeFiles/CMakeOutput.log".\n'}
[0.639294] (udemy_ros2_pkg) StderrLine: {'line': b'gmake: *** [Makefile:775: cmake_check_build_system] Error 1\n'}
[0.643035] (udemy_ros2_pkg) CommandEnded: {'returncode': 2}
[0.663849] (udemy_ros2_pkg) JobEnded: {'identifier': 'udemy_ros2_pkg', 'rc': 2}
[0.674682] (-) EventReactorShutdown: {}
