[0.000000] (-) TimerEvent: {}
[0.000136] (udemy_ros2_pkg) JobQueued: {'identifier': 'udemy_ros2_pkg', 'dependencies': OrderedDict()}
[0.000169] (udemy_ros2_pkg) JobStarted: {'identifier': 'udemy_ros2_pkg'}
[0.007972] (udemy_ros2_pkg) JobProgress: {'identifier': 'udemy_ros2_pkg', 'progress': 'cmake'}
[0.008483] (udemy_ros2_pkg) JobProgress: {'identifier': 'udemy_ros2_pkg', 'progress': 'build'}
[0.009330] (udemy_ros2_pkg) Command: {'cmd': ['/usr/bin/cmake', '--build', '/home/purno/Workspaces/ros2_py_ws/build/udemy_ros2_pkg', '--', '-j8', '-l8'], 'cwd': '/home/purno/Workspaces/ros2_py_ws/build/udemy_ros2_pkg', 'env': OrderedDict([('USER', 'purno'), ('LC_TIME', 'en_US.UTF-8'), ('XDG_SESSION_TYPE', 'wayland'), ('SHLVL', '1'), ('LD_LIBRARY_PATH', '/opt/ros/humble/opt/rviz_ogre_vendor/lib:/opt/ros/humble/lib/x86_64-linux-gnu:/opt/ros/humble/lib'), ('HOME', '/home/purno'), ('CHROME_DESKTOP', 'code.desktop'), ('TERM_PROGRAM_VERSION', '1.96.4'), ('DESKTOP_SESSION', 'ubuntu'), ('ROS_PYTHON_VERSION', '3'), ('GNOME_SHELL_SESSION_MODE', 'ubuntu'), ('GTK_MODULES', 'gail:atk-bridge'), ('LC_MONETARY', 'en_US.UTF-8'), ('MANAGERPID', '1376'), ('SYSTEMD_EXEC_PID', '1735'), ('DBUS_SESSION_BUS_ADDRESS', 'unix:path=/run/user/1000/bus'), ('COLORTERM', 'truecolor'), ('GIO_LAUNCHED_DESKTOP_FILE_PID', '5396'), ('IM_CONFIG_PHASE', '1'), ('WAYLAND_DISPLAY', 'wayland-0'), ('ROS_DISTRO', 'humble'), ('LOGNAME', 'purno'), ('JOURNAL_STREAM', '8:17426'), ('_', '/usr/bin/colcon'), ('ROS_VERSION', '2'), ('XDG_SESSION_CLASS', 'user'), ('USERNAME', 'purno'), ('TERM', 'xterm-256color'), ('GNOME_DESKTOP_SESSION_ID', 'this-is-deprecated'), ('ROS_LOCALHOST_ONLY', '0'), ('PATH', '/opt/ros/humble/bin:/usr/local/sbin:/usr/local/bin:/usr/sbin:/usr/bin:/sbin:/bin:/usr/games:/usr/local/games:/snap/bin:/snap/bin'), ('SESSION_MANAGER', 'local/purno-ubuntu:@/tmp/.ICE-unix/1539,unix/purno-ubuntu:/tmp/.ICE-unix/1539'), ('INVOCATION_ID', 'c78146c48a4c4805b2b0f353ed5a8bcb'), ('PAPERSIZE', 'letter'), ('XDG_MENU_PREFIX', 'gnome-'), ('LC_ADDRESS', 'en_US.UTF-8'), ('GNOME_SETUP_DISPLAY', ':1'), ('XDG_RUNTIME_DIR', '/run/user/1000'), ('GDK_BACKEND', 'x11'), ('DISPLAY', ':0'), ('LANG', 'en_US.UTF-8'), ('XDG_CURRENT_DESKTOP', 'Unity'), ('LC_TELEPHONE', 'en_US.UTF-8'), ('XMODIFIERS', '@im=ibus'), ('XDG_SESSION_DESKTOP', 'ubuntu'), ('XAUTHORITY', '/run/user/1000/.mutter-Xwaylandauth.Y72B12'), ('TERM_PROGRAM', 'vscode'), ('SSH_AGENT_LAUNCHER', 'gnome-keyring'), ('SSH_AUTH_SOCK', '/run/user/1000/keyring/ssh'), ('AMENT_PREFIX_PATH', '/opt/ros/humble'), ('ORIGINAL_XDG_CURRENT_DESKTOP', 'ubuntu:GNOME'), ('SHELL', '/bin/bash'), ('LC_NAME', 'en_US.UTF-8'), ('QT_ACCESSIBILITY', '1'), ('GDMSESSION', 'ubuntu'), ('LC_MEASUREMENT', 'en_US.UTF-8'), ('LC_IDENTIFICATION', 'en_US.UTF-8'), ('QT_IM_MODULE', 'ibus'), ('PWD', '/home/purno/Workspaces/ros2_py_ws/build/udemy_ros2_pkg'), ('XDG_CONFIG_DIRS', '/etc/xdg/xdg-ubuntu:/etc/xdg'), ('XDG_DATA_DIRS', '/usr/share/ubuntu:/usr/local/share/:/usr/share/:/var/lib/snapd/desktop'), ('PYTHONPATH', '/opt/ros/humble/lib/python3.10/site-packages:/opt/ros/humble/local/lib/python3.10/dist-packages'), ('LC_NUMERIC', 'en_US.UTF-8'), ('LC_PAPER', 'en_US.UTF-8'), ('COLCON', '1'), ('CMAKE_PREFIX_PATH', '/opt/ros/humble')]), 'shell': False}
[0.041015] (udemy_ros2_pkg) StdoutLine: {'line': b'-- Found ament_cmake: 1.3.11 (/opt/ros/humble/share/ament_cmake/cmake)\n'}
[0.099294] (-) TimerEvent: {}
[0.176274] (udemy_ros2_pkg) StdoutLine: {'line': b'-- Override CMake install command with custom implementation using symlinks instead of copying resources\n'}
[0.185732] (udemy_ros2_pkg) StdoutLine: {'line': b'-- Found rclpy: 3.3.15 (/opt/ros/humble/share/rclpy/cmake)\n'}
[0.186006] (udemy_ros2_pkg) StdoutLine: {'line': b'-- Found rosidl_default_generators: 1.2.0 (/opt/ros/humble/share/rosidl_default_generators/cmake)\n'}
[0.187635] (udemy_ros2_pkg) StdoutLine: {'line': b'-- Using all available rosidl_typesupport_c: rosidl_typesupport_fastrtps_c;rosidl_typesupport_introspection_c\n'}
[0.190969] (udemy_ros2_pkg) StdoutLine: {'line': b'-- Found rosidl_adapter: 3.1.6 (/opt/ros/humble/share/rosidl_adapter/cmake)\n'}
[0.199426] (-) TimerEvent: {}
[0.224818] (udemy_ros2_pkg) StdoutLine: {'line': b'-- Using all available rosidl_typesupport_cpp: rosidl_typesupport_fastrtps_cpp;rosidl_typesupport_introspection_cpp\n'}
[0.299541] (-) TimerEvent: {}
[0.399992] (-) TimerEvent: {}
[0.500262] (-) TimerEvent: {}
[0.544454] (udemy_ros2_pkg) StdoutLine: {'line': b'-- Found ament_cmake_ros: 0.10.0 (/opt/ros/humble/share/ament_cmake_ros/cmake)\n'}
[0.600372] (-) TimerEvent: {}
[0.700686] (-) TimerEvent: {}
[0.746214] (udemy_ros2_pkg) StdoutLine: {'line': b'-- Using all available rosidl_typesupport_c: rosidl_typesupport_fastrtps_c;rosidl_typesupport_introspection_c\n'}
[0.800824] (-) TimerEvent: {}
[0.901133] (-) TimerEvent: {}
[1.001451] (-) TimerEvent: {}
[1.035308] (udemy_ros2_pkg) StdoutLine: {'line': b'-- Using all available rosidl_typesupport_cpp: rosidl_typesupport_fastrtps_cpp;rosidl_typesupport_introspection_cpp\n'}
[1.064616] (udemy_ros2_pkg) StdoutLine: {'line': b'-- Found python_cmake_module: 0.10.0 (/opt/ros/humble/share/python_cmake_module/cmake)\n'}
[1.090882] (udemy_ros2_pkg) StdoutLine: {'line': b'-- Using PYTHON_EXECUTABLE: /usr/bin/python3\n'}
[1.091069] (udemy_ros2_pkg) StdoutLine: {'line': b'-- Using PYTHON_INCLUDE_DIRS: /usr/include/python3.10\n'}
[1.091149] (udemy_ros2_pkg) StdoutLine: {'line': b'-- Using PYTHON_LIBRARIES: /usr/lib/x86_64-linux-gnu/libpython3.10.so\n'}
[1.101641] (-) TimerEvent: {}
[1.106128] (udemy_ros2_pkg) StdoutLine: {'line': b'-- Found ament_lint_auto: 0.12.11 (/opt/ros/humble/share/ament_lint_auto/cmake)\n'}
[1.120046] (udemy_ros2_pkg) StdoutLine: {'line': b"-- Added test 'flake8' to check Python code syntax and style conventions\n"}
[1.120549] (udemy_ros2_pkg) StdoutLine: {'line': b"-- Added test 'lint_cmake' to check CMake code style\n"}
[1.121046] (udemy_ros2_pkg) StdoutLine: {'line': b"-- Added test 'pep257' to check Python code against some of the docstring style conventions in PEP 257\n"}
[1.122547] (udemy_ros2_pkg) StdoutLine: {'line': b"-- Added test 'xmllint' to check XML markup files\n"}
[1.125527] (udemy_ros2_pkg) StdoutLine: {'line': b'-- Configuring done\n'}
[1.158424] (udemy_ros2_pkg) StdoutLine: {'line': b'-- Generating done\n'}
[1.170037] (udemy_ros2_pkg) StdoutLine: {'line': b'-- Build files have been written to: /home/purno/Workspaces/ros2_py_ws/build/udemy_ros2_pkg\n'}
[1.196882] (udemy_ros2_pkg) StdoutLine: {'line': b'\x1b[35m\x1b[1mConsolidate compiler generated dependencies of target udemy_ros2_pkg__rosidl_generator_c\x1b[0m\n'}
[1.201761] (-) TimerEvent: {}
[1.208787] (udemy_ros2_pkg) StdoutLine: {'line': b'[  3%] Built target udemy_ros2_pkg__cpp\n'}
[1.210129] (udemy_ros2_pkg) StdoutLine: {'line': b'[ 12%] Built target udemy_ros2_pkg__rosidl_generator_c\n'}
[1.227832] (udemy_ros2_pkg) StdoutLine: {'line': b'[ 12%] Built target ament_cmake_python_symlink_scripts\n'}
[1.231796] (udemy_ros2_pkg) StdoutLine: {'line': b'[ 12%] Built target ament_cmake_python_symlink_udemy_ros2_pkg\n'}
[1.232073] (udemy_ros2_pkg) StdoutLine: {'line': b'\x1b[35m\x1b[1mConsolidate compiler generated dependencies of target udemy_ros2_pkg__rosidl_typesupport_cpp\x1b[0m\n'}
[1.232272] (udemy_ros2_pkg) StdoutLine: {'line': b'\x1b[35m\x1b[1mConsolidate compiler generated dependencies of target udemy_ros2_pkg__rosidl_typesupport_introspection_cpp\x1b[0m\n'}
[1.232448] (udemy_ros2_pkg) StdoutLine: {'line': b'\x1b[35m\x1b[1mConsolidate compiler generated dependencies of target udemy_ros2_pkg__rosidl_typesupport_fastrtps_c\x1b[0m\n'}
[1.232627] (udemy_ros2_pkg) StdoutLine: {'line': b'\x1b[35m\x1b[1mConsolidate compiler generated dependencies of target udemy_ros2_pkg__rosidl_typesupport_introspection_c\x1b[0m\n'}
[1.234852] (udemy_ros2_pkg) StdoutLine: {'line': b'\x1b[35m\x1b[1mConsolidate compiler generated dependencies of target udemy_ros2_pkg__rosidl_typesupport_fastrtps_cpp\x1b[0m\n'}
[1.241863] (udemy_ros2_pkg) StdoutLine: {'line': b'\x1b[35m\x1b[1mConsolidate compiler generated dependencies of target udemy_ros2_pkg__rosidl_typesupport_c\x1b[0m\n'}
[1.255335] (udemy_ros2_pkg) StdoutLine: {'line': b'[ 29%] Built target udemy_ros2_pkg__rosidl_typesupport_introspection_c\n'}
[1.255590] (udemy_ros2_pkg) StdoutLine: {'line': b'[ 32%] Built target udemy_ros2_pkg__rosidl_typesupport_cpp\n'}
[1.258844] (udemy_ros2_pkg) StdoutLine: {'line': b'[ 41%] Built target udemy_ros2_pkg__rosidl_typesupport_introspection_cpp\n'}
[1.266722] (udemy_ros2_pkg) StdoutLine: {'line': b'[ 61%] Built target udemy_ros2_pkg__rosidl_typesupport_fastrtps_cpp\n'}
[1.267231] (udemy_ros2_pkg) StdoutLine: {'line': b'[ 61%] Built target udemy_ros2_pkg__rosidl_typesupport_fastrtps_c\n'}
[1.272031] (udemy_ros2_pkg) StdoutLine: {'line': b'[ 70%] Built target udemy_ros2_pkg__rosidl_typesupport_c\n'}
[1.299138] (udemy_ros2_pkg) StdoutLine: {'line': b'[ 70%] Built target udemy_ros2_pkg\n'}
[1.301829] (-) TimerEvent: {}
[1.326596] (udemy_ros2_pkg) StdoutLine: {'line': b'[ 74%] Built target udemy_ros2_pkg__py\n'}
[1.339910] (udemy_ros2_pkg) StdoutLine: {'line': b'\x1b[35m\x1b[1mConsolidate compiler generated dependencies of target udemy_ros2_pkg__rosidl_generator_py\x1b[0m\n'}
[1.356716] (udemy_ros2_pkg) StdoutLine: {'line': b'[ 80%] Built target udemy_ros2_pkg__rosidl_generator_py\n'}
[1.376710] (udemy_ros2_pkg) StdoutLine: {'line': b'\x1b[35m\x1b[1mConsolidate compiler generated dependencies of target udemy_ros2_pkg__rosidl_typesupport_introspection_c__pyext\x1b[0m\n'}
[1.378033] (udemy_ros2_pkg) StdoutLine: {'line': b'\x1b[35m\x1b[1mConsolidate compiler generated dependencies of target udemy_ros2_pkg__rosidl_typesupport_c__pyext\x1b[0m\n'}
[1.390708] (udemy_ros2_pkg) StdoutLine: {'line': b'\x1b[35m\x1b[1mConsolidate compiler generated dependencies of target udemy_ros2_pkg__rosidl_typesupport_fastrtps_c__pyext\x1b[0m\n'}
[1.396396] (udemy_ros2_pkg) StdoutLine: {'line': b'[ 87%] Built target udemy_ros2_pkg__rosidl_typesupport_introspection_c__pyext\n'}
[1.401981] (-) TimerEvent: {}
[1.402547] (udemy_ros2_pkg) StdoutLine: {'line': b'[ 93%] Built target udemy_ros2_pkg__rosidl_typesupport_c__pyext\n'}
[1.410470] (udemy_ros2_pkg) StdoutLine: {'line': b'[100%] Built target udemy_ros2_pkg__rosidl_typesupport_fastrtps_c__pyext\n'}
[1.502079] (-) TimerEvent: {}
[1.555383] (udemy_ros2_pkg) StdoutLine: {'line': b'running egg_info\n'}
[1.556152] (udemy_ros2_pkg) StdoutLine: {'line': b'writing scripts.egg-info/PKG-INFO\n'}
[1.556347] (udemy_ros2_pkg) StdoutLine: {'line': b'running egg_info\n'}
[1.556513] (udemy_ros2_pkg) StdoutLine: {'line': b'writing dependency_links to scripts.egg-info/dependency_links.txt\n'}
[1.556652] (udemy_ros2_pkg) StdoutLine: {'line': b'writing top-level names to scripts.egg-info/top_level.txt\n'}
[1.557304] (udemy_ros2_pkg) StdoutLine: {'line': b'writing udemy_ros2_pkg.egg-info/PKG-INFO\n'}
[1.557537] (udemy_ros2_pkg) StdoutLine: {'line': b'writing dependency_links to udemy_ros2_pkg.egg-info/dependency_links.txt\n'}
[1.557799] (udemy_ros2_pkg) StdoutLine: {'line': b'writing top-level names to udemy_ros2_pkg.egg-info/top_level.txt\n'}
[1.558453] (udemy_ros2_pkg) StdoutLine: {'line': b"reading manifest file 'scripts.egg-info/SOURCES.txt'\n"}
[1.559198] (udemy_ros2_pkg) StdoutLine: {'line': b"writing manifest file 'scripts.egg-info/SOURCES.txt'\n"}
[1.560485] (udemy_ros2_pkg) StdoutLine: {'line': b"reading manifest file 'udemy_ros2_pkg.egg-info/SOURCES.txt'\n"}
[1.561300] (udemy_ros2_pkg) StdoutLine: {'line': b"writing manifest file 'udemy_ros2_pkg.egg-info/SOURCES.txt'\n"}
[1.602260] (-) TimerEvent: {}
[1.607706] (udemy_ros2_pkg) StdoutLine: {'line': b'[100%] Built target ament_cmake_python_build_scripts_egg\n'}
[1.608310] (udemy_ros2_pkg) StdoutLine: {'line': b'[100%] Built target ament_cmake_python_build_udemy_ros2_pkg_egg\n'}
[1.627611] (udemy_ros2_pkg) CommandEnded: {'returncode': 0}
[1.629086] (udemy_ros2_pkg) JobProgress: {'identifier': 'udemy_ros2_pkg', 'progress': 'install'}
[1.645440] (udemy_ros2_pkg) Command: {'cmd': ['/usr/bin/cmake', '--install', '/home/purno/Workspaces/ros2_py_ws/build/udemy_ros2_pkg'], 'cwd': '/home/purno/Workspaces/ros2_py_ws/build/udemy_ros2_pkg', 'env': OrderedDict([('USER', 'purno'), ('LC_TIME', 'en_US.UTF-8'), ('XDG_SESSION_TYPE', 'wayland'), ('SHLVL', '1'), ('LD_LIBRARY_PATH', '/opt/ros/humble/opt/rviz_ogre_vendor/lib:/opt/ros/humble/lib/x86_64-linux-gnu:/opt/ros/humble/lib'), ('HOME', '/home/purno'), ('CHROME_DESKTOP', 'code.desktop'), ('TERM_PROGRAM_VERSION', '1.96.4'), ('DESKTOP_SESSION', 'ubuntu'), ('ROS_PYTHON_VERSION', '3'), ('GNOME_SHELL_SESSION_MODE', 'ubuntu'), ('GTK_MODULES', 'gail:atk-bridge'), ('LC_MONETARY', 'en_US.UTF-8'), ('MANAGERPID', '1376'), ('SYSTEMD_EXEC_PID', '1735'), ('DBUS_SESSION_BUS_ADDRESS', 'unix:path=/run/user/1000/bus'), ('COLORTERM', 'truecolor'), ('GIO_LAUNCHED_DESKTOP_FILE_PID', '5396'), ('IM_CONFIG_PHASE', '1'), ('WAYLAND_DISPLAY', 'wayland-0'), ('ROS_DISTRO', 'humble'), ('LOGNAME', 'purno'), ('JOURNAL_STREAM', '8:17426'), ('_', '/usr/bin/colcon'), ('ROS_VERSION', '2'), ('XDG_SESSION_CLASS', 'user'), ('USERNAME', 'purno'), ('TERM', 'xterm-256color'), ('GNOME_DESKTOP_SESSION_ID', 'this-is-deprecated'), ('ROS_LOCALHOST_ONLY', '0'), ('PATH', '/opt/ros/humble/bin:/usr/local/sbin:/usr/local/bin:/usr/sbin:/usr/bin:/sbin:/bin:/usr/games:/usr/local/games:/snap/bin:/snap/bin'), ('SESSION_MANAGER', 'local/purno-ubuntu:@/tmp/.ICE-unix/1539,unix/purno-ubuntu:/tmp/.ICE-unix/1539'), ('INVOCATION_ID', 'c78146c48a4c4805b2b0f353ed5a8bcb'), ('PAPERSIZE', 'letter'), ('XDG_MENU_PREFIX', 'gnome-'), ('LC_ADDRESS', 'en_US.UTF-8'), ('GNOME_SETUP_DISPLAY', ':1'), ('XDG_RUNTIME_DIR', '/run/user/1000'), ('GDK_BACKEND', 'x11'), ('DISPLAY', ':0'), ('LANG', 'en_US.UTF-8'), ('XDG_CURRENT_DESKTOP', 'Unity'), ('LC_TELEPHONE', 'en_US.UTF-8'), ('XMODIFIERS', '@im=ibus'), ('XDG_SESSION_DESKTOP', 'ubuntu'), ('XAUTHORITY', '/run/user/1000/.mutter-Xwaylandauth.Y72B12'), ('TERM_PROGRAM', 'vscode'), ('SSH_AGENT_LAUNCHER', 'gnome-keyring'), ('SSH_AUTH_SOCK', '/run/user/1000/keyring/ssh'), ('AMENT_PREFIX_PATH', '/opt/ros/humble'), ('ORIGINAL_XDG_CURRENT_DESKTOP', 'ubuntu:GNOME'), ('SHELL', '/bin/bash'), ('LC_NAME', 'en_US.UTF-8'), ('QT_ACCESSIBILITY', '1'), ('GDMSESSION', 'ubuntu'), ('LC_MEASUREMENT', 'en_US.UTF-8'), ('LC_IDENTIFICATION', 'en_US.UTF-8'), ('QT_IM_MODULE', 'ibus'), ('PWD', '/home/purno/Workspaces/ros2_py_ws/build/udemy_ros2_pkg'), ('XDG_CONFIG_DIRS', '/etc/xdg/xdg-ubuntu:/etc/xdg'), ('XDG_DATA_DIRS', '/usr/share/ubuntu:/usr/local/share/:/usr/share/:/var/lib/snapd/desktop'), ('PYTHONPATH', '/opt/ros/humble/lib/python3.10/site-packages:/opt/ros/humble/local/lib/python3.10/dist-packages'), ('LC_NUMERIC', 'en_US.UTF-8'), ('LC_PAPER', 'en_US.UTF-8'), ('COLCON', '1'), ('CMAKE_PREFIX_PATH', '/opt/ros/humble')]), 'shell': False}
[1.656944] (udemy_ros2_pkg) StdoutLine: {'line': b'-- Install configuration: ""\n'}
[1.657745] (udemy_ros2_pkg) StdoutLine: {'line': b'-- Execute custom install script\n'}
[1.658107] (udemy_ros2_pkg) StdoutLine: {'line': b'-- Up-to-date symlink: /home/purno/Workspaces/ros2_py_ws/install/udemy_ros2_pkg/share/ament_index/resource_index/rosidl_interfaces/udemy_ros2_pkg\n'}
[1.658932] (udemy_ros2_pkg) StdoutLine: {'line': b'-- Up-to-date symlink: /home/purno/Workspaces/ros2_py_ws/install/udemy_ros2_pkg/include/udemy_ros2_pkg/udemy_ros2_pkg/msg/rosidl_generator_c__visibility_control.h\n'}
[1.659165] (udemy_ros2_pkg) StdoutLine: {'line': b'-- Up-to-date symlink: /home/purno/Workspaces/ros2_py_ws/install/udemy_ros2_pkg/include/udemy_ros2_pkg/udemy_ros2_pkg/srv/detail/odd_even_check__functions.h\n'}
[1.659467] (udemy_ros2_pkg) StdoutLine: {'line': b'-- Up-to-date symlink: /home/purno/Workspaces/ros2_py_ws/install/udemy_ros2_pkg/include/udemy_ros2_pkg/udemy_ros2_pkg/srv/detail/odd_even_check__struct.h\n'}
[1.659847] (udemy_ros2_pkg) StdoutLine: {'line': b'-- Up-to-date symlink: /home/purno/Workspaces/ros2_py_ws/install/udemy_ros2_pkg/include/udemy_ros2_pkg/udemy_ros2_pkg/srv/detail/odd_even_check__type_support.h\n'}
[1.660078] (udemy_ros2_pkg) StdoutLine: {'line': b'-- Up-to-date symlink: /home/purno/Workspaces/ros2_py_ws/install/udemy_ros2_pkg/include/udemy_ros2_pkg/udemy_ros2_pkg/srv/odd_even_check.h\n'}
[1.660339] (udemy_ros2_pkg) StdoutLine: {'line': b'-- Up-to-date symlink: /home/purno/Workspaces/ros2_py_ws/install/udemy_ros2_pkg/share/udemy_ros2_pkg/environment/library_path.sh\n'}
[1.660793] (udemy_ros2_pkg) StdoutLine: {'line': b'-- Up-to-date symlink: /home/purno/Workspaces/ros2_py_ws/install/udemy_ros2_pkg/share/udemy_ros2_pkg/environment/library_path.dsv\n'}
[1.661668] (udemy_ros2_pkg) StdoutLine: {'line': b'-- Up-to-date symlink: /home/purno/Workspaces/ros2_py_ws/install/udemy_ros2_pkg/include/udemy_ros2_pkg/udemy_ros2_pkg/msg/rosidl_typesupport_fastrtps_c__visibility_control.h\n'}
[1.661947] (udemy_ros2_pkg) StdoutLine: {'line': b'-- Up-to-date symlink: /home/purno/Workspaces/ros2_py_ws/install/udemy_ros2_pkg/include/udemy_ros2_pkg/udemy_ros2_pkg/srv/detail/odd_even_check__rosidl_typesupport_fastrtps_c.h\n'}
[1.662559] (udemy_ros2_pkg) StdoutLine: {'line': b'-- Up-to-date symlink: /home/purno/Workspaces/ros2_py_ws/install/udemy_ros2_pkg/include/udemy_ros2_pkg/udemy_ros2_pkg/msg/rosidl_typesupport_introspection_c__visibility_control.h\n'}
[1.662875] (udemy_ros2_pkg) StdoutLine: {'line': b'-- Up-to-date symlink: /home/purno/Workspaces/ros2_py_ws/install/udemy_ros2_pkg/include/udemy_ros2_pkg/udemy_ros2_pkg/srv/detail/odd_even_check__rosidl_typesupport_introspection_c.h\n'}
[1.663553] (udemy_ros2_pkg) StdoutLine: {'line': b'-- Up-to-date symlink: /home/purno/Workspaces/ros2_py_ws/install/udemy_ros2_pkg/include/udemy_ros2_pkg/udemy_ros2_pkg/msg/rosidl_generator_cpp__visibility_control.hpp\n'}
[1.663926] (udemy_ros2_pkg) StdoutLine: {'line': b'-- Up-to-date symlink: /home/purno/Workspaces/ros2_py_ws/install/udemy_ros2_pkg/include/udemy_ros2_pkg/udemy_ros2_pkg/srv/detail/odd_even_check__builder.hpp\n'}
[1.664151] (udemy_ros2_pkg) StdoutLine: {'line': b'-- Up-to-date symlink: /home/purno/Workspaces/ros2_py_ws/install/udemy_ros2_pkg/include/udemy_ros2_pkg/udemy_ros2_pkg/srv/detail/odd_even_check__struct.hpp\n'}
[1.664417] (udemy_ros2_pkg) StdoutLine: {'line': b'-- Up-to-date symlink: /home/purno/Workspaces/ros2_py_ws/install/udemy_ros2_pkg/include/udemy_ros2_pkg/udemy_ros2_pkg/srv/detail/odd_even_check__traits.hpp\n'}
[1.664710] (udemy_ros2_pkg) StdoutLine: {'line': b'-- Up-to-date symlink: /home/purno/Workspaces/ros2_py_ws/install/udemy_ros2_pkg/include/udemy_ros2_pkg/udemy_ros2_pkg/srv/detail/odd_even_check__type_support.hpp\n'}
[1.664929] (udemy_ros2_pkg) StdoutLine: {'line': b'-- Up-to-date symlink: /home/purno/Workspaces/ros2_py_ws/install/udemy_ros2_pkg/include/udemy_ros2_pkg/udemy_ros2_pkg/srv/odd_even_check.hpp\n'}
[1.665696] (udemy_ros2_pkg) StdoutLine: {'line': b'-- Up-to-date symlink: /home/purno/Workspaces/ros2_py_ws/install/udemy_ros2_pkg/include/udemy_ros2_pkg/udemy_ros2_pkg/msg/rosidl_typesupport_fastrtps_cpp__visibility_control.h\n'}
[1.665962] (udemy_ros2_pkg) StdoutLine: {'line': b'-- Up-to-date symlink: /home/purno/Workspaces/ros2_py_ws/install/udemy_ros2_pkg/include/udemy_ros2_pkg/udemy_ros2_pkg/srv/detail/odd_even_check__rosidl_typesupport_fastrtps_cpp.hpp\n'}
[1.666549] (udemy_ros2_pkg) StdoutLine: {'line': b'-- Up-to-date symlink: /home/purno/Workspaces/ros2_py_ws/install/udemy_ros2_pkg/include/udemy_ros2_pkg/udemy_ros2_pkg/srv/detail/odd_even_check__rosidl_typesupport_introspection_cpp.hpp\n'}
[1.666882] (udemy_ros2_pkg) StdoutLine: {'line': b'-- Up-to-date symlink: /home/purno/Workspaces/ros2_py_ws/install/udemy_ros2_pkg/share/udemy_ros2_pkg/environment/pythonpath.sh\n'}
[1.667163] (udemy_ros2_pkg) StdoutLine: {'line': b'-- Up-to-date symlink: /home/purno/Workspaces/ros2_py_ws/install/udemy_ros2_pkg/share/udemy_ros2_pkg/environment/pythonpath.dsv\n'}
[1.667787] (udemy_ros2_pkg) StdoutLine: {'line': b'-- Up-to-date symlink: /home/purno/Workspaces/ros2_py_ws/install/udemy_ros2_pkg/local/lib/python3.10/dist-packages/udemy_ros2_pkg-0.0.0-py3.10.egg-info/PKG-INFO\n'}
[1.668068] (udemy_ros2_pkg) StdoutLine: {'line': b'-- Up-to-date symlink: /home/purno/Workspaces/ros2_py_ws/install/udemy_ros2_pkg/local/lib/python3.10/dist-packages/udemy_ros2_pkg-0.0.0-py3.10.egg-info/SOURCES.txt\n'}
[1.668332] (udemy_ros2_pkg) StdoutLine: {'line': b'-- Up-to-date symlink: /home/purno/Workspaces/ros2_py_ws/install/udemy_ros2_pkg/local/lib/python3.10/dist-packages/udemy_ros2_pkg-0.0.0-py3.10.egg-info/dependency_links.txt\n'}
[1.668525] (udemy_ros2_pkg) StdoutLine: {'line': b'-- Up-to-date symlink: /home/purno/Workspaces/ros2_py_ws/install/udemy_ros2_pkg/local/lib/python3.10/dist-packages/udemy_ros2_pkg-0.0.0-py3.10.egg-info/top_level.txt\n'}
[1.669264] (udemy_ros2_pkg) StdoutLine: {'line': b'-- Up-to-date symlink: /home/purno/Workspaces/ros2_py_ws/install/udemy_ros2_pkg/local/lib/python3.10/dist-packages/udemy_ros2_pkg/__init__.py\n'}
[1.669508] (udemy_ros2_pkg) StdoutLine: {'line': b'-- Up-to-date symlink: /home/purno/Workspaces/ros2_py_ws/install/udemy_ros2_pkg/local/lib/python3.10/dist-packages/udemy_ros2_pkg/_udemy_ros2_pkg_s.ep.rosidl_typesupport_c.c\n'}
[1.669779] (udemy_ros2_pkg) StdoutLine: {'line': b'-- Up-to-date symlink: /home/purno/Workspaces/ros2_py_ws/install/udemy_ros2_pkg/local/lib/python3.10/dist-packages/udemy_ros2_pkg/_udemy_ros2_pkg_s.ep.rosidl_typesupport_fastrtps_c.c\n'}
[1.670000] (udemy_ros2_pkg) StdoutLine: {'line': b'-- Up-to-date symlink: /home/purno/Workspaces/ros2_py_ws/install/udemy_ros2_pkg/local/lib/python3.10/dist-packages/udemy_ros2_pkg/_udemy_ros2_pkg_s.ep.rosidl_typesupport_introspection_c.c\n'}
[1.670248] (udemy_ros2_pkg) StdoutLine: {'line': b'-- Up-to-date symlink: /home/purno/Workspaces/ros2_py_ws/install/udemy_ros2_pkg/local/lib/python3.10/dist-packages/udemy_ros2_pkg/libudemy_ros2_pkg__rosidl_generator_py.so\n'}
[1.670497] (udemy_ros2_pkg) StdoutLine: {'line': b'-- Up-to-date symlink: /home/purno/Workspaces/ros2_py_ws/install/udemy_ros2_pkg/local/lib/python3.10/dist-packages/udemy_ros2_pkg/srv/__init__.py\n'}
[1.670765] (udemy_ros2_pkg) StdoutLine: {'line': b'-- Up-to-date symlink: /home/purno/Workspaces/ros2_py_ws/install/udemy_ros2_pkg/local/lib/python3.10/dist-packages/udemy_ros2_pkg/srv/_odd_even_check.py\n'}
[1.671014] (udemy_ros2_pkg) StdoutLine: {'line': b'-- Up-to-date symlink: /home/purno/Workspaces/ros2_py_ws/install/udemy_ros2_pkg/local/lib/python3.10/dist-packages/udemy_ros2_pkg/srv/_odd_even_check_s.c\n'}
[1.671250] (udemy_ros2_pkg) StdoutLine: {'line': b'-- Up-to-date symlink: /home/purno/Workspaces/ros2_py_ws/install/udemy_ros2_pkg/local/lib/python3.10/dist-packages/udemy_ros2_pkg/udemy_ros2_pkg_s__rosidl_typesupport_c.cpython-310-x86_64-linux-gnu.so\n'}
[1.671485] (udemy_ros2_pkg) StdoutLine: {'line': b'-- Up-to-date symlink: /home/purno/Workspaces/ros2_py_ws/install/udemy_ros2_pkg/local/lib/python3.10/dist-packages/udemy_ros2_pkg/udemy_ros2_pkg_s__rosidl_typesupport_fastrtps_c.cpython-310-x86_64-linux-gnu.so\n'}
[1.671737] (udemy_ros2_pkg) StdoutLine: {'line': b'-- Up-to-date symlink: /home/purno/Workspaces/ros2_py_ws/install/udemy_ros2_pkg/local/lib/python3.10/dist-packages/udemy_ros2_pkg/udemy_ros2_pkg_s__rosidl_typesupport_introspection_c.cpython-310-x86_64-linux-gnu.so\n'}
[1.672227] (udemy_ros2_pkg) StdoutLine: {'line': b'-- Up-to-date symlink: /home/purno/Workspaces/ros2_py_ws/install/udemy_ros2_pkg/local/lib/python3.10/dist-packages/udemy_ros2_pkg/udemy_ros2_pkg_s__rosidl_typesupport_fastrtps_c.cpython-310-x86_64-linux-gnu.so\n'}
[1.672696] (udemy_ros2_pkg) StdoutLine: {'line': b'-- Up-to-date symlink: /home/purno/Workspaces/ros2_py_ws/install/udemy_ros2_pkg/local/lib/python3.10/dist-packages/udemy_ros2_pkg/udemy_ros2_pkg_s__rosidl_typesupport_introspection_c.cpython-310-x86_64-linux-gnu.so\n'}
[1.673154] (udemy_ros2_pkg) StdoutLine: {'line': b'-- Up-to-date symlink: /home/purno/Workspaces/ros2_py_ws/install/udemy_ros2_pkg/local/lib/python3.10/dist-packages/udemy_ros2_pkg/udemy_ros2_pkg_s__rosidl_typesupport_c.cpython-310-x86_64-linux-gnu.so\n'}
[1.673473] (udemy_ros2_pkg) StdoutLine: {'line': b'-- Up-to-date symlink: /home/purno/Workspaces/ros2_py_ws/install/udemy_ros2_pkg/share/udemy_ros2_pkg/srv/OddEvenCheck.idl\n'}
[1.673769] (udemy_ros2_pkg) StdoutLine: {'line': b'-- Up-to-date symlink: /home/purno/Workspaces/ros2_py_ws/install/udemy_ros2_pkg/share/udemy_ros2_pkg/srv/OddEvenCheck.srv\n'}
[1.674063] (udemy_ros2_pkg) StdoutLine: {'line': b'-- Up-to-date symlink: /home/purno/Workspaces/ros2_py_ws/install/udemy_ros2_pkg/share/udemy_ros2_pkg/srv/OddEvenCheck_Request.msg\n'}
[1.674347] (udemy_ros2_pkg) StdoutLine: {'line': b'-- Up-to-date symlink: /home/purno/Workspaces/ros2_py_ws/install/udemy_ros2_pkg/share/udemy_ros2_pkg/srv/OddEvenCheck_Response.msg\n'}
[1.674912] (udemy_ros2_pkg) StdoutLine: {'line': b'-- Up-to-date symlink: /home/purno/Workspaces/ros2_py_ws/install/udemy_ros2_pkg/local/lib/python3.10/dist-packages/scripts-0.0.0-py3.10.egg-info/PKG-INFO\n'}
[1.675176] (udemy_ros2_pkg) StdoutLine: {'line': b'-- Up-to-date symlink: /home/purno/Workspaces/ros2_py_ws/install/udemy_ros2_pkg/local/lib/python3.10/dist-packages/scripts-0.0.0-py3.10.egg-info/SOURCES.txt\n'}
[1.675397] (udemy_ros2_pkg) StdoutLine: {'line': b'-- Up-to-date symlink: /home/purno/Workspaces/ros2_py_ws/install/udemy_ros2_pkg/local/lib/python3.10/dist-packages/scripts-0.0.0-py3.10.egg-info/dependency_links.txt\n'}
[1.675632] (udemy_ros2_pkg) StdoutLine: {'line': b'-- Up-to-date symlink: /home/purno/Workspaces/ros2_py_ws/install/udemy_ros2_pkg/local/lib/python3.10/dist-packages/scripts-0.0.0-py3.10.egg-info/top_level.txt\n'}
[1.676403] (udemy_ros2_pkg) StdoutLine: {'line': b'-- Up-to-date symlink: /home/purno/Workspaces/ros2_py_ws/install/udemy_ros2_pkg/local/lib/python3.10/dist-packages/scripts/__init__.py\n'}
[1.676641] (udemy_ros2_pkg) StdoutLine: {'line': b'-- Up-to-date symlink: /home/purno/Workspaces/ros2_py_ws/install/udemy_ros2_pkg/local/lib/python3.10/dist-packages/scripts/publisher.py\n'}
[1.676874] (udemy_ros2_pkg) StdoutLine: {'line': b'-- Up-to-date symlink: /home/purno/Workspaces/ros2_py_ws/install/udemy_ros2_pkg/local/lib/python3.10/dist-packages/scripts/rpm_pub.py\n'}
[1.677079] (udemy_ros2_pkg) StdoutLine: {'line': b'-- Symlinking: /home/purno/Workspaces/ros2_py_ws/install/udemy_ros2_pkg/local/lib/python3.10/dist-packages/scripts/service_server.py\n'}
[1.689892] (udemy_ros2_pkg) StdoutLine: {'line': b'-- Up-to-date symlink: /home/purno/Workspaces/ros2_py_ws/install/udemy_ros2_pkg/local/lib/python3.10/dist-packages/scripts/speed_calc.py\n'}
[1.690175] (udemy_ros2_pkg) StdoutLine: {'line': b'-- Up-to-date symlink: /home/purno/Workspaces/ros2_py_ws/install/udemy_ros2_pkg/local/lib/python3.10/dist-packages/scripts/subscriber.py\n'}
[1.690395] (udemy_ros2_pkg) StdoutLine: {'line': b'-- Up-to-date symlink: /home/purno/Workspaces/ros2_py_ws/install/udemy_ros2_pkg/lib/udemy_ros2_pkg/publisher.py\n'}
[1.690564] (udemy_ros2_pkg) StdoutLine: {'line': b'-- Up-to-date symlink: /home/purno/Workspaces/ros2_py_ws/install/udemy_ros2_pkg/lib/udemy_ros2_pkg/subscriber.py\n'}
[1.690819] (udemy_ros2_pkg) StdoutLine: {'line': b'-- Up-to-date symlink: /home/purno/Workspaces/ros2_py_ws/install/udemy_ros2_pkg/lib/udemy_ros2_pkg/rpm_pub.py\n'}
[1.691018] (udemy_ros2_pkg) StdoutLine: {'line': b'-- Up-to-date symlink: /home/purno/Workspaces/ros2_py_ws/install/udemy_ros2_pkg/lib/udemy_ros2_pkg/speed_calc.py\n'}
[1.691221] (udemy_ros2_pkg) StdoutLine: {'line': b'-- Symlinking: /home/purno/Workspaces/ros2_py_ws/install/udemy_ros2_pkg/lib/udemy_ros2_pkg/service_server.py\n'}
[1.702449] (-) TimerEvent: {}
[1.704841] (udemy_ros2_pkg) StdoutLine: {'line': b'-- Up-to-date symlink: /home/purno/Workspaces/ros2_py_ws/install/udemy_ros2_pkg/share/udemy_ros2_pkg//launch/rpm_node.launch.py\n'}
[1.705136] (udemy_ros2_pkg) StdoutLine: {'line': b'-- Up-to-date symlink: /home/purno/Workspaces/ros2_py_ws/install/udemy_ros2_pkg/share/udemy_ros2_pkg//launch/speed_project.launch.py\n'}
[1.705339] (udemy_ros2_pkg) StdoutLine: {'line': b'-- Up-to-date symlink: /home/purno/Workspaces/ros2_py_ws/install/udemy_ros2_pkg/share/ament_index/resource_index/package_run_dependencies/udemy_ros2_pkg\n'}
[1.705566] (udemy_ros2_pkg) StdoutLine: {'line': b'-- Up-to-date symlink: /home/purno/Workspaces/ros2_py_ws/install/udemy_ros2_pkg/share/ament_index/resource_index/parent_prefix_path/udemy_ros2_pkg\n'}
[1.705898] (udemy_ros2_pkg) StdoutLine: {'line': b'-- Up-to-date symlink: /home/purno/Workspaces/ros2_py_ws/install/udemy_ros2_pkg/share/udemy_ros2_pkg/environment/ament_prefix_path.sh\n'}
[1.706203] (udemy_ros2_pkg) StdoutLine: {'line': b'-- Up-to-date symlink: /home/purno/Workspaces/ros2_py_ws/install/udemy_ros2_pkg/share/udemy_ros2_pkg/environment/ament_prefix_path.dsv\n'}
[1.706498] (udemy_ros2_pkg) StdoutLine: {'line': b'-- Up-to-date symlink: /home/purno/Workspaces/ros2_py_ws/install/udemy_ros2_pkg/share/udemy_ros2_pkg/environment/path.sh\n'}
[1.706762] (udemy_ros2_pkg) StdoutLine: {'line': b'-- Up-to-date symlink: /home/purno/Workspaces/ros2_py_ws/install/udemy_ros2_pkg/share/udemy_ros2_pkg/environment/path.dsv\n'}
[1.706971] (udemy_ros2_pkg) StdoutLine: {'line': b'-- Up-to-date symlink: /home/purno/Workspaces/ros2_py_ws/install/udemy_ros2_pkg/share/udemy_ros2_pkg/local_setup.bash\n'}
[1.707268] (udemy_ros2_pkg) StdoutLine: {'line': b'-- Up-to-date symlink: /home/purno/Workspaces/ros2_py_ws/install/udemy_ros2_pkg/share/udemy_ros2_pkg/local_setup.sh\n'}
[1.707542] (udemy_ros2_pkg) StdoutLine: {'line': b'-- Up-to-date symlink: /home/purno/Workspaces/ros2_py_ws/install/udemy_ros2_pkg/share/udemy_ros2_pkg/local_setup.zsh\n'}
[1.707934] (udemy_ros2_pkg) StdoutLine: {'line': b'-- Up-to-date symlink: /home/purno/Workspaces/ros2_py_ws/install/udemy_ros2_pkg/share/udemy_ros2_pkg/local_setup.dsv\n'}
[1.708174] (udemy_ros2_pkg) StdoutLine: {'line': b'-- Symlinking: /home/purno/Workspaces/ros2_py_ws/install/udemy_ros2_pkg/share/udemy_ros2_pkg/package.dsv\n'}
[1.721080] (udemy_ros2_pkg) StdoutLine: {'line': b'-- Up-to-date symlink: /home/purno/Workspaces/ros2_py_ws/install/udemy_ros2_pkg/share/ament_index/resource_index/packages/udemy_ros2_pkg\n'}
[1.721402] (udemy_ros2_pkg) StdoutLine: {'line': b'-- Up-to-date symlink: /home/purno/Workspaces/ros2_py_ws/install/udemy_ros2_pkg/share/udemy_ros2_pkg/cmake/rosidl_cmake-extras.cmake\n'}
[1.721533] (udemy_ros2_pkg) StdoutLine: {'line': b'-- Up-to-date symlink: /home/purno/Workspaces/ros2_py_ws/install/udemy_ros2_pkg/share/udemy_ros2_pkg/cmake/ament_cmake_export_include_directories-extras.cmake\n'}
[1.721866] (udemy_ros2_pkg) StdoutLine: {'line': b'-- Up-to-date symlink: /home/purno/Workspaces/ros2_py_ws/install/udemy_ros2_pkg/share/udemy_ros2_pkg/cmake/ament_cmake_export_libraries-extras.cmake\n'}
[1.722154] (udemy_ros2_pkg) StdoutLine: {'line': b'-- Up-to-date symlink: /home/purno/Workspaces/ros2_py_ws/install/udemy_ros2_pkg/share/udemy_ros2_pkg/cmake/ament_cmake_export_targets-extras.cmake\n'}
[1.722404] (udemy_ros2_pkg) StdoutLine: {'line': b'-- Up-to-date symlink: /home/purno/Workspaces/ros2_py_ws/install/udemy_ros2_pkg/share/udemy_ros2_pkg/cmake/rosidl_cmake_export_typesupport_targets-extras.cmake\n'}
[1.722715] (udemy_ros2_pkg) StdoutLine: {'line': b'-- Up-to-date symlink: /home/purno/Workspaces/ros2_py_ws/install/udemy_ros2_pkg/share/udemy_ros2_pkg/cmake/ament_cmake_export_dependencies-extras.cmake\n'}
[1.722970] (udemy_ros2_pkg) StdoutLine: {'line': b'-- Up-to-date symlink: /home/purno/Workspaces/ros2_py_ws/install/udemy_ros2_pkg/share/udemy_ros2_pkg/cmake/rosidl_cmake_export_typesupport_libraries-extras.cmake\n'}
[1.723264] (udemy_ros2_pkg) StdoutLine: {'line': b'-- Up-to-date symlink: /home/purno/Workspaces/ros2_py_ws/install/udemy_ros2_pkg/share/udemy_ros2_pkg/cmake/udemy_ros2_pkgConfig.cmake\n'}
[1.723496] (udemy_ros2_pkg) StdoutLine: {'line': b'-- Up-to-date symlink: /home/purno/Workspaces/ros2_py_ws/install/udemy_ros2_pkg/share/udemy_ros2_pkg/cmake/udemy_ros2_pkgConfig-version.cmake\n'}
[1.723819] (udemy_ros2_pkg) StdoutLine: {'line': b'-- Up-to-date symlink: /home/purno/Workspaces/ros2_py_ws/install/udemy_ros2_pkg/share/udemy_ros2_pkg/package.xml\n'}
[1.724211] (udemy_ros2_pkg) StdoutLine: {'line': b'-- Up-to-date: /home/purno/Workspaces/ros2_py_ws/install/udemy_ros2_pkg/lib/libudemy_ros2_pkg__rosidl_generator_c.so\n'}
[1.724842] (udemy_ros2_pkg) StdoutLine: {'line': b'-- Up-to-date: /home/purno/Workspaces/ros2_py_ws/install/udemy_ros2_pkg/lib/libudemy_ros2_pkg__rosidl_typesupport_fastrtps_c.so\n'}
[1.725462] (udemy_ros2_pkg) StdoutLine: {'line': b'-- Up-to-date: /home/purno/Workspaces/ros2_py_ws/install/udemy_ros2_pkg/lib/libudemy_ros2_pkg__rosidl_typesupport_introspection_c.so\n'}
[1.726067] (udemy_ros2_pkg) StdoutLine: {'line': b'-- Up-to-date: /home/purno/Workspaces/ros2_py_ws/install/udemy_ros2_pkg/lib/libudemy_ros2_pkg__rosidl_typesupport_c.so\n'}
[1.726627] (udemy_ros2_pkg) StdoutLine: {'line': b'-- Up-to-date: /home/purno/Workspaces/ros2_py_ws/install/udemy_ros2_pkg/lib/libudemy_ros2_pkg__rosidl_typesupport_fastrtps_cpp.so\n'}
[1.727185] (udemy_ros2_pkg) StdoutLine: {'line': b'-- Up-to-date: /home/purno/Workspaces/ros2_py_ws/install/udemy_ros2_pkg/lib/libudemy_ros2_pkg__rosidl_typesupport_introspection_cpp.so\n'}
[1.727730] (udemy_ros2_pkg) StdoutLine: {'line': b'-- Up-to-date: /home/purno/Workspaces/ros2_py_ws/install/udemy_ros2_pkg/lib/libudemy_ros2_pkg__rosidl_typesupport_cpp.so\n'}
[1.778077] (udemy_ros2_pkg) StdoutLine: {'line': b"Listing '/home/purno/Workspaces/ros2_py_ws/install/udemy_ros2_pkg/local/lib/python3.10/dist-packages/udemy_ros2_pkg'...\n"}
[1.778460] (udemy_ros2_pkg) StdoutLine: {'line': b"Compiling '/home/purno/Workspaces/ros2_py_ws/install/udemy_ros2_pkg/local/lib/python3.10/dist-packages/udemy_ros2_pkg/__init__.py'...\n"}
[1.778644] (udemy_ros2_pkg) StdoutLine: {'line': b"Listing '/home/purno/Workspaces/ros2_py_ws/install/udemy_ros2_pkg/local/lib/python3.10/dist-packages/udemy_ros2_pkg/srv'...\n"}
[1.786997] (udemy_ros2_pkg) StdoutLine: {'line': b'-- Up-to-date: /home/purno/Workspaces/ros2_py_ws/install/udemy_ros2_pkg/lib/libudemy_ros2_pkg__rosidl_generator_py.so\n'}
[1.802535] (-) TimerEvent: {}
[1.834628] (udemy_ros2_pkg) StdoutLine: {'line': b"Listing '/home/purno/Workspaces/ros2_py_ws/install/udemy_ros2_pkg/local/lib/python3.10/dist-packages/scripts'...\n"}
[1.834997] (udemy_ros2_pkg) StdoutLine: {'line': b"Compiling '/home/purno/Workspaces/ros2_py_ws/install/udemy_ros2_pkg/local/lib/python3.10/dist-packages/scripts/service_server.py'...\n"}
[1.842463] (udemy_ros2_pkg) StdoutLine: {'line': b'-- Up-to-date: /home/purno/Workspaces/ros2_py_ws/install/udemy_ros2_pkg/share/udemy_ros2_pkg/cmake/export_udemy_ros2_pkg__rosidl_generator_cExport.cmake\n'}
[1.843345] (udemy_ros2_pkg) StdoutLine: {'line': b'-- Up-to-date: /home/purno/Workspaces/ros2_py_ws/install/udemy_ros2_pkg/share/udemy_ros2_pkg/cmake/export_udemy_ros2_pkg__rosidl_generator_cExport-noconfig.cmake\n'}
[1.843560] (udemy_ros2_pkg) StdoutLine: {'line': b'-- Up-to-date: /home/purno/Workspaces/ros2_py_ws/install/udemy_ros2_pkg/share/udemy_ros2_pkg/cmake/export_udemy_ros2_pkg__rosidl_typesupport_fastrtps_cExport.cmake\n'}
[1.843750] (udemy_ros2_pkg) StdoutLine: {'line': b'-- Up-to-date: /home/purno/Workspaces/ros2_py_ws/install/udemy_ros2_pkg/share/udemy_ros2_pkg/cmake/export_udemy_ros2_pkg__rosidl_typesupport_fastrtps_cExport-noconfig.cmake\n'}
[1.844597] (udemy_ros2_pkg) StdoutLine: {'line': b'-- Up-to-date: /home/purno/Workspaces/ros2_py_ws/install/udemy_ros2_pkg/share/udemy_ros2_pkg/cmake/udemy_ros2_pkg__rosidl_typesupport_introspection_cExport.cmake\n'}
[1.844840] (udemy_ros2_pkg) StdoutLine: {'line': b'-- Up-to-date: /home/purno/Workspaces/ros2_py_ws/install/udemy_ros2_pkg/share/udemy_ros2_pkg/cmake/udemy_ros2_pkg__rosidl_typesupport_introspection_cExport-noconfig.cmake\n'}
[1.845001] (udemy_ros2_pkg) StdoutLine: {'line': b'-- Up-to-date: /home/purno/Workspaces/ros2_py_ws/install/udemy_ros2_pkg/share/udemy_ros2_pkg/cmake/udemy_ros2_pkg__rosidl_typesupport_cExport.cmake\n'}
[1.845127] (udemy_ros2_pkg) StdoutLine: {'line': b'-- Up-to-date: /home/purno/Workspaces/ros2_py_ws/install/udemy_ros2_pkg/share/udemy_ros2_pkg/cmake/udemy_ros2_pkg__rosidl_typesupport_cExport-noconfig.cmake\n'}
[1.845250] (udemy_ros2_pkg) StdoutLine: {'line': b'-- Up-to-date: /home/purno/Workspaces/ros2_py_ws/install/udemy_ros2_pkg/share/udemy_ros2_pkg/cmake/export_udemy_ros2_pkg__rosidl_generator_cppExport.cmake\n'}
[1.845391] (udemy_ros2_pkg) StdoutLine: {'line': b'-- Up-to-date: /home/purno/Workspaces/ros2_py_ws/install/udemy_ros2_pkg/share/udemy_ros2_pkg/cmake/export_udemy_ros2_pkg__rosidl_typesupport_fastrtps_cppExport.cmake\n'}
[1.845579] (udemy_ros2_pkg) StdoutLine: {'line': b'-- Up-to-date: /home/purno/Workspaces/ros2_py_ws/install/udemy_ros2_pkg/share/udemy_ros2_pkg/cmake/export_udemy_ros2_pkg__rosidl_typesupport_fastrtps_cppExport-noconfig.cmake\n'}
[1.845741] (udemy_ros2_pkg) StdoutLine: {'line': b'-- Up-to-date: /home/purno/Workspaces/ros2_py_ws/install/udemy_ros2_pkg/share/udemy_ros2_pkg/cmake/udemy_ros2_pkg__rosidl_typesupport_introspection_cppExport.cmake\n'}
[1.845863] (udemy_ros2_pkg) StdoutLine: {'line': b'-- Up-to-date: /home/purno/Workspaces/ros2_py_ws/install/udemy_ros2_pkg/share/udemy_ros2_pkg/cmake/udemy_ros2_pkg__rosidl_typesupport_introspection_cppExport-noconfig.cmake\n'}
[1.845979] (udemy_ros2_pkg) StdoutLine: {'line': b'-- Up-to-date: /home/purno/Workspaces/ros2_py_ws/install/udemy_ros2_pkg/share/udemy_ros2_pkg/cmake/udemy_ros2_pkg__rosidl_typesupport_cppExport.cmake\n'}
[1.846095] (udemy_ros2_pkg) StdoutLine: {'line': b'-- Up-to-date: /home/purno/Workspaces/ros2_py_ws/install/udemy_ros2_pkg/share/udemy_ros2_pkg/cmake/udemy_ros2_pkg__rosidl_typesupport_cppExport-noconfig.cmake\n'}
[1.846242] (udemy_ros2_pkg) StdoutLine: {'line': b'-- Up-to-date: /home/purno/Workspaces/ros2_py_ws/install/udemy_ros2_pkg/share/udemy_ros2_pkg/cmake/export_udemy_ros2_pkg__rosidl_generator_pyExport.cmake\n'}
[1.846358] (udemy_ros2_pkg) StdoutLine: {'line': b'-- Up-to-date: /home/purno/Workspaces/ros2_py_ws/install/udemy_ros2_pkg/share/udemy_ros2_pkg/cmake/export_udemy_ros2_pkg__rosidl_generator_pyExport-noconfig.cmake\n'}
[1.847566] (udemy_ros2_pkg) CommandEnded: {'returncode': 0}
[1.890055] (udemy_ros2_pkg) JobEnded: {'identifier': 'udemy_ros2_pkg', 'rc': 0}
[1.891072] (-) EventReactorShutdown: {}
