[0.010s] Invoking command in '/home/purno/Workspaces/ros2_py_ws/build/udemy_ros2_pkg': CMAKE_PREFIX_PATH=${CMAKE_PREFIX_PATH}:/opt/ros/humble /usr/bin/cmake /home/purno/Workspaces/ros2_py_ws/src/udemy_ros2_pkg -DAMENT_CMAKE_SYMLINK_INSTALL=1 -DCMAKE_INSTALL_PREFIX=/home/purno/Workspaces/ros2_py_ws/install/udemy_ros2_pkg
[0.098s] -- The C compiler identification is GNU 11.4.0
[0.192s] -- The CXX compiler identification is GNU 11.4.0
[0.199s] -- Detecting C compiler ABI info
[0.267s] -- Detecting C compiler ABI info - done
[0.278s] -- Check for working C compiler: /usr/bin/cc - skipped
[0.279s] -- Detecting C compile features
[0.279s] -- Detecting C compile features - done
[0.283s] -- Detecting CXX compiler ABI info
[0.366s] -- Detecting CXX compiler ABI info - done
[0.377s] -- Check for working CXX compiler: /usr/bin/c++ - skipped
[0.377s] -- Detecting CXX compile features
[0.378s] -- Detecting CXX compile features - done
[0.380s] -- Found ament_cmake: 1.3.11 (/opt/ros/humble/share/ament_cmake/cmake)
[0.524s] -- Found Python3: /usr/bin/python3 (found version "3.10.12") found components: Interpreter 
[0.580s] -- Override CMake install command with custom implementation using symlinks instead of copying resources
[0.601s] -- Found rclpy: 3.3.15 (/opt/ros/humble/share/rclpy/cmake)
[0.678s] -- Found ament_lint_auto: 0.12.11 (/opt/ros/humble/share/ament_lint_auto/cmake)
[0.750s] -- Added test 'flake8' to check Python code syntax and style conventions
[0.751s] -- Added test 'lint_cmake' to check CMake code style
[0.751s] -- Added test 'pep257' to check Python code against some of the docstring style conventions in PEP 257
[0.753s] -- Added test 'xmllint' to check XML markup files
[0.755s] -- Configuring done
[0.760s] -- Generating done
[0.763s] -- Build files have been written to: /home/purno/Workspaces/ros2_py_ws/build/udemy_ros2_pkg
[0.770s] Invoked command in '/home/purno/Workspaces/ros2_py_ws/build/udemy_ros2_pkg' returned '0': CMAKE_PREFIX_PATH=${CMAKE_PREFIX_PATH}:/opt/ros/humble /usr/bin/cmake /home/purno/Workspaces/ros2_py_ws/src/udemy_ros2_pkg -DAMENT_CMAKE_SYMLINK_INSTALL=1 -DCMAKE_INSTALL_PREFIX=/home/purno/Workspaces/ros2_py_ws/install/udemy_ros2_pkg
[0.771s] Invoking command in '/home/purno/Workspaces/ros2_py_ws/build/udemy_ros2_pkg': CMAKE_PREFIX_PATH=${CMAKE_PREFIX_PATH}:/opt/ros/humble /usr/bin/cmake --build /home/purno/Workspaces/ros2_py_ws/build/udemy_ros2_pkg -- -j8 -l8
[0.821s] Built target ament_cmake_python_symlink_scripts
[1.040s] running egg_info
[1.040s] creating scripts.egg-info
[1.040s] writing scripts.egg-info/PKG-INFO
[1.040s] writing dependency_links to scripts.egg-info/dependency_links.txt
[1.041s] writing top-level names to scripts.egg-info/top_level.txt
[1.041s] writing manifest file 'scripts.egg-info/SOURCES.txt'
[1.042s] reading manifest file 'scripts.egg-info/SOURCES.txt'
[1.043s] writing manifest file 'scripts.egg-info/SOURCES.txt'
[1.068s] Built target ament_cmake_python_build_scripts_egg
[1.080s] Invoked command in '/home/purno/Workspaces/ros2_py_ws/build/udemy_ros2_pkg' returned '0': CMAKE_PREFIX_PATH=${CMAKE_PREFIX_PATH}:/opt/ros/humble /usr/bin/cmake --build /home/purno/Workspaces/ros2_py_ws/build/udemy_ros2_pkg -- -j8 -l8
[1.091s] Invoking command in '/home/purno/Workspaces/ros2_py_ws/build/udemy_ros2_pkg': CMAKE_PREFIX_PATH=${CMAKE_PREFIX_PATH}:/opt/ros/humble /usr/bin/cmake --install /home/purno/Workspaces/ros2_py_ws/build/udemy_ros2_pkg
[1.098s] -- Install configuration: ""
[1.098s] -- Execute custom install script
[1.098s] -- Symlinking: /home/purno/Workspaces/ros2_py_ws/install/udemy_ros2_pkg/share/udemy_ros2_pkg/environment/pythonpath.sh
[1.107s] -- Symlinking: /home/purno/Workspaces/ros2_py_ws/install/udemy_ros2_pkg/share/udemy_ros2_pkg/environment/pythonpath.dsv
[1.117s] -- Symlinking: /home/purno/Workspaces/ros2_py_ws/install/udemy_ros2_pkg/local/lib/python3.10/dist-packages/scripts-0.0.0-py3.10.egg-info/PKG-INFO
[1.125s] -- Symlinking: /home/purno/Workspaces/ros2_py_ws/install/udemy_ros2_pkg/local/lib/python3.10/dist-packages/scripts-0.0.0-py3.10.egg-info/SOURCES.txt
[1.135s] -- Symlinking: /home/purno/Workspaces/ros2_py_ws/install/udemy_ros2_pkg/local/lib/python3.10/dist-packages/scripts-0.0.0-py3.10.egg-info/dependency_links.txt
[1.145s] -- Symlinking: /home/purno/Workspaces/ros2_py_ws/install/udemy_ros2_pkg/local/lib/python3.10/dist-packages/scripts-0.0.0-py3.10.egg-info/top_level.txt
[1.158s] -- Symlinking: /home/purno/Workspaces/ros2_py_ws/install/udemy_ros2_pkg/local/lib/python3.10/dist-packages/scripts/__init__.py
[1.167s] -- Symlinking: /home/purno/Workspaces/ros2_py_ws/install/udemy_ros2_pkg/local/lib/python3.10/dist-packages/scripts/publisher.py
[1.177s] -- Symlinking: /home/purno/Workspaces/ros2_py_ws/install/udemy_ros2_pkg/local/lib/python3.10/dist-packages/scripts/subscriber.py
[1.186s] -- Symlinking: /home/purno/Workspaces/ros2_py_ws/install/udemy_ros2_pkg/lib/udemy_ros2_pkg/publisher.py
[1.195s] -- Symlinking: /home/purno/Workspaces/ros2_py_ws/install/udemy_ros2_pkg/lib/udemy_ros2_pkg/subscriber.py
[1.205s] -- Symlinking: /home/purno/Workspaces/ros2_py_ws/install/udemy_ros2_pkg/share/ament_index/resource_index/package_run_dependencies/udemy_ros2_pkg
[1.213s] -- Symlinking: /home/purno/Workspaces/ros2_py_ws/install/udemy_ros2_pkg/share/ament_index/resource_index/parent_prefix_path/udemy_ros2_pkg
[1.222s] -- Symlinking: /home/purno/Workspaces/ros2_py_ws/install/udemy_ros2_pkg/share/udemy_ros2_pkg/environment/ament_prefix_path.sh
[1.232s] -- Symlinking: /home/purno/Workspaces/ros2_py_ws/install/udemy_ros2_pkg/share/udemy_ros2_pkg/environment/ament_prefix_path.dsv
[1.242s] -- Symlinking: /home/purno/Workspaces/ros2_py_ws/install/udemy_ros2_pkg/share/udemy_ros2_pkg/environment/path.sh
[1.251s] -- Symlinking: /home/purno/Workspaces/ros2_py_ws/install/udemy_ros2_pkg/share/udemy_ros2_pkg/environment/path.dsv
[1.261s] -- Symlinking: /home/purno/Workspaces/ros2_py_ws/install/udemy_ros2_pkg/share/udemy_ros2_pkg/local_setup.bash
[1.270s] -- Symlinking: /home/purno/Workspaces/ros2_py_ws/install/udemy_ros2_pkg/share/udemy_ros2_pkg/local_setup.sh
[1.279s] -- Symlinking: /home/purno/Workspaces/ros2_py_ws/install/udemy_ros2_pkg/share/udemy_ros2_pkg/local_setup.zsh
[1.287s] -- Symlinking: /home/purno/Workspaces/ros2_py_ws/install/udemy_ros2_pkg/share/udemy_ros2_pkg/local_setup.dsv
[1.296s] -- Symlinking: /home/purno/Workspaces/ros2_py_ws/install/udemy_ros2_pkg/share/udemy_ros2_pkg/package.dsv
[1.305s] -- Symlinking: /home/purno/Workspaces/ros2_py_ws/install/udemy_ros2_pkg/share/ament_index/resource_index/packages/udemy_ros2_pkg
[1.314s] -- Symlinking: /home/purno/Workspaces/ros2_py_ws/install/udemy_ros2_pkg/share/udemy_ros2_pkg/cmake/udemy_ros2_pkgConfig.cmake
[1.322s] -- Symlinking: /home/purno/Workspaces/ros2_py_ws/install/udemy_ros2_pkg/share/udemy_ros2_pkg/cmake/udemy_ros2_pkgConfig-version.cmake
[1.332s] -- Symlinking: /home/purno/Workspaces/ros2_py_ws/install/udemy_ros2_pkg/share/udemy_ros2_pkg/package.xml
[1.372s] Listing '/home/purno/Workspaces/ros2_py_ws/install/udemy_ros2_pkg/local/lib/python3.10/dist-packages/scripts'...
[1.372s] Compiling '/home/purno/Workspaces/ros2_py_ws/install/udemy_ros2_pkg/local/lib/python3.10/dist-packages/scripts/__init__.py'...
[1.372s] Compiling '/home/purno/Workspaces/ros2_py_ws/install/udemy_ros2_pkg/local/lib/python3.10/dist-packages/scripts/publisher.py'...
[1.372s] Compiling '/home/purno/Workspaces/ros2_py_ws/install/udemy_ros2_pkg/local/lib/python3.10/dist-packages/scripts/subscriber.py'...
[1.378s] Invoked command in '/home/purno/Workspaces/ros2_py_ws/build/udemy_ros2_pkg' returned '0': CMAKE_PREFIX_PATH=${CMAKE_PREFIX_PATH}:/opt/ros/humble /usr/bin/cmake --install /home/purno/Workspaces/ros2_py_ws/build/udemy_ros2_pkg
