[0.000000] (-) TimerEvent: {}
[0.000153] (udemy_ros2_pkg) JobQueued: {'identifier': 'udemy_ros2_pkg', 'dependencies': OrderedDict()}
[0.000209] (udemy_ros2_pkg) JobStarted: {'identifier': 'udemy_ros2_pkg'}
[0.008426] (udemy_ros2_pkg) JobProgress: {'identifier': 'udemy_ros2_pkg', 'progress': 'cmake'}
[0.009272] (udemy_ros2_pkg) JobProgress: {'identifier': 'udemy_ros2_pkg', 'progress': 'build'}
[0.010086] (udemy_ros2_pkg) Command: {'cmd': ['/usr/bin/cmake', '--build', '/home/purno/Workspaces/ros2_py_ws/build/udemy_ros2_pkg', '--', '-j8', '-l8'], 'cwd': '/home/purno/Workspaces/ros2_py_ws/build/udemy_ros2_pkg', 'env': OrderedDict([('USER', 'purno'), ('LC_TIME', 'en_US.UTF-8'), ('XDG_SESSION_TYPE', 'wayland'), ('SHLVL', '1'), ('LD_LIBRARY_PATH', '/opt/ros/humble/opt/rviz_ogre_vendor/lib:/opt/ros/humble/lib/x86_64-linux-gnu:/opt/ros/humble/lib'), ('HOME', '/home/purno'), ('CHROME_DESKTOP', 'code.desktop'), ('TERM_PROGRAM_VERSION', '1.96.4'), ('DESKTOP_SESSION', 'ubuntu'), ('ROS_PYTHON_VERSION', '3'), ('GNOME_SHELL_SESSION_MODE', 'ubuntu'), ('GTK_MODULES', 'gail:atk-bridge'), ('LC_MONETARY', 'en_US.UTF-8'), ('MANAGERPID', '1376'), ('SYSTEMD_EXEC_PID', '1735'), ('DBUS_SESSION_BUS_ADDRESS', 'unix:path=/run/user/1000/bus'), ('COLORTERM', 'truecolor'), ('GIO_LAUNCHED_DESKTOP_FILE_PID', '5396'), ('IM_CONFIG_PHASE', '1'), ('WAYLAND_DISPLAY', 'wayland-0'), ('ROS_DISTRO', 'humble'), ('LOGNAME', 'purno'), ('JOURNAL_STREAM', '8:17426'), ('_', '/usr/bin/colcon'), ('ROS_VERSION', '2'), ('XDG_SESSION_CLASS', 'user'), ('USERNAME', 'purno'), ('TERM', 'xterm-256color'), ('GNOME_DESKTOP_SESSION_ID', 'this-is-deprecated'), ('ROS_LOCALHOST_ONLY', '0'), ('PATH', '/opt/ros/humble/bin:/usr/local/sbin:/usr/local/bin:/usr/sbin:/usr/bin:/sbin:/bin:/usr/games:/usr/local/games:/snap/bin:/snap/bin'), ('SESSION_MANAGER', 'local/purno-ubuntu:@/tmp/.ICE-unix/1539,unix/purno-ubuntu:/tmp/.ICE-unix/1539'), ('INVOCATION_ID', 'c78146c48a4c4805b2b0f353ed5a8bcb'), ('PAPERSIZE', 'letter'), ('XDG_MENU_PREFIX', 'gnome-'), ('LC_ADDRESS', 'en_US.UTF-8'), ('GNOME_SETUP_DISPLAY', ':1'), ('XDG_RUNTIME_DIR', '/run/user/1000'), ('GDK_BACKEND', 'x11'), ('DISPLAY', ':0'), ('LANG', 'en_US.UTF-8'), ('XDG_CURRENT_DESKTOP', 'Unity'), ('LC_TELEPHONE', 'en_US.UTF-8'), ('XMODIFIERS', '@im=ibus'), ('XDG_SESSION_DESKTOP', 'ubuntu'), ('XAUTHORITY', '/run/user/1000/.mutter-Xwaylandauth.Y72B12'), ('TERM_PROGRAM', 'vscode'), ('SSH_AGENT_LAUNCHER', 'gnome-keyring'), ('SSH_AUTH_SOCK', '/run/user/1000/keyring/ssh'), ('AMENT_PREFIX_PATH', '/opt/ros/humble'), ('ORIGINAL_XDG_CURRENT_DESKTOP', 'ubuntu:GNOME'), ('SHELL', '/bin/bash'), ('LC_NAME', 'en_US.UTF-8'), ('QT_ACCESSIBILITY', '1'), ('GDMSESSION', 'ubuntu'), ('LC_MEASUREMENT', 'en_US.UTF-8'), ('LC_IDENTIFICATION', 'en_US.UTF-8'), ('QT_IM_MODULE', 'ibus'), ('PWD', '/home/purno/Workspaces/ros2_py_ws/build/udemy_ros2_pkg'), ('XDG_CONFIG_DIRS', '/etc/xdg/xdg-ubuntu:/etc/xdg'), ('XDG_DATA_DIRS', '/usr/share/ubuntu:/usr/local/share/:/usr/share/:/var/lib/snapd/desktop'), ('PYTHONPATH', '/opt/ros/humble/lib/python3.10/site-packages:/opt/ros/humble/local/lib/python3.10/dist-packages'), ('LC_NUMERIC', 'en_US.UTF-8'), ('LC_PAPER', 'en_US.UTF-8'), ('COLCON', '1'), ('CMAKE_PREFIX_PATH', '/opt/ros/humble')]), 'shell': False}
[0.040423] (udemy_ros2_pkg) StdoutLine: {'line': b'-- Found ament_cmake: 1.3.11 (/opt/ros/humble/share/ament_cmake/cmake)\n'}
[0.098838] (-) TimerEvent: {}
[0.180995] (udemy_ros2_pkg) StdoutLine: {'line': b'-- Override CMake install command with custom implementation using symlinks instead of copying resources\n'}
[0.189450] (udemy_ros2_pkg) StdoutLine: {'line': b'-- Found rclpy: 3.3.15 (/opt/ros/humble/share/rclpy/cmake)\n'}
[0.191007] (udemy_ros2_pkg) StdoutLine: {'line': b'-- Found rosidl_default_generators: 1.2.0 (/opt/ros/humble/share/rosidl_default_generators/cmake)\n'}
[0.194973] (udemy_ros2_pkg) StdoutLine: {'line': b'-- Using all available rosidl_typesupport_c: rosidl_typesupport_fastrtps_c;rosidl_typesupport_introspection_c\n'}
[0.198984] (-) TimerEvent: {}
[0.202708] (udemy_ros2_pkg) StdoutLine: {'line': b'-- Found rosidl_adapter: 3.1.6 (/opt/ros/humble/share/rosidl_adapter/cmake)\n'}
[0.252013] (udemy_ros2_pkg) StdoutLine: {'line': b'-- Using all available rosidl_typesupport_cpp: rosidl_typesupport_fastrtps_cpp;rosidl_typesupport_introspection_cpp\n'}
[0.299114] (-) TimerEvent: {}
[0.399402] (-) TimerEvent: {}
[0.499766] (-) TimerEvent: {}
[0.600087] (-) TimerEvent: {}
[0.651274] (udemy_ros2_pkg) StdoutLine: {'line': b'-- Found ament_cmake_ros: 0.10.0 (/opt/ros/humble/share/ament_cmake_ros/cmake)\n'}
[0.700259] (-) TimerEvent: {}
[0.800623] (-) TimerEvent: {}
[0.874053] (udemy_ros2_pkg) StdoutLine: {'line': b'-- Using all available rosidl_typesupport_c: rosidl_typesupport_fastrtps_c;rosidl_typesupport_introspection_c\n'}
[0.900728] (-) TimerEvent: {}
[1.001065] (-) TimerEvent: {}
[1.101350] (-) TimerEvent: {}
[1.155027] (udemy_ros2_pkg) StdoutLine: {'line': b'-- Using all available rosidl_typesupport_cpp: rosidl_typesupport_fastrtps_cpp;rosidl_typesupport_introspection_cpp\n'}
[1.181334] (udemy_ros2_pkg) StdoutLine: {'line': b'-- Found PythonInterp: /usr/bin/python3 (found suitable version "3.10.12", minimum required is "3.6") \n'}
[1.183052] (udemy_ros2_pkg) StdoutLine: {'line': b'-- Found python_cmake_module: 0.10.0 (/opt/ros/humble/share/python_cmake_module/cmake)\n'}
[1.201482] (-) TimerEvent: {}
[1.212250] (udemy_ros2_pkg) StdoutLine: {'line': b'-- Found PythonLibs: /usr/lib/x86_64-linux-gnu/libpython3.10.so (found suitable version "3.10.12", minimum required is "3.5") \n'}
[1.212522] (udemy_ros2_pkg) StdoutLine: {'line': b'-- Using PYTHON_EXECUTABLE: /usr/bin/python3\n'}
[1.212648] (udemy_ros2_pkg) StdoutLine: {'line': b'-- Using PYTHON_INCLUDE_DIRS: /usr/include/python3.10\n'}
[1.212726] (udemy_ros2_pkg) StdoutLine: {'line': b'-- Using PYTHON_LIBRARIES: /usr/lib/x86_64-linux-gnu/libpython3.10.so\n'}
[1.238971] (udemy_ros2_pkg) StdoutLine: {'line': b'-- Found PythonExtra: .so  \n'}
[1.254150] (udemy_ros2_pkg) StdoutLine: {'line': b'-- Found ament_lint_auto: 0.12.11 (/opt/ros/humble/share/ament_lint_auto/cmake)\n'}
[1.269412] (udemy_ros2_pkg) StdoutLine: {'line': b"-- Added test 'flake8' to check Python code syntax and style conventions\n"}
[1.269924] (udemy_ros2_pkg) StdoutLine: {'line': b"-- Added test 'lint_cmake' to check CMake code style\n"}
[1.270321] (udemy_ros2_pkg) StdoutLine: {'line': b"-- Added test 'pep257' to check Python code against some of the docstring style conventions in PEP 257\n"}
[1.271800] (udemy_ros2_pkg) StdoutLine: {'line': b"-- Added test 'xmllint' to check XML markup files\n"}
[1.275286] (udemy_ros2_pkg) StdoutLine: {'line': b'-- Configuring done\n'}
[1.301612] (-) TimerEvent: {}
[1.307535] (udemy_ros2_pkg) StdoutLine: {'line': b'-- Generating done\n'}
[1.319371] (udemy_ros2_pkg) StdoutLine: {'line': b'-- Build files have been written to: /home/purno/Workspaces/ros2_py_ws/build/udemy_ros2_pkg\n'}
[1.348398] (udemy_ros2_pkg) StdoutLine: {'line': b'[  3%] \x1b[34m\x1b[1mGenerating C code for ROS interfaces\x1b[0m\n'}
[1.359883] (udemy_ros2_pkg) StdoutLine: {'line': b'[  6%] \x1b[34m\x1b[1mGenerating C++ code for ROS interfaces\x1b[0m\n'}
[1.371305] (udemy_ros2_pkg) StdoutLine: {'line': b'[  6%] Built target ament_cmake_python_symlink_udemy_ros2_pkg\n'}
[1.374446] (udemy_ros2_pkg) StdoutLine: {'line': b'[  6%] Built target ament_cmake_python_symlink_scripts\n'}
[1.401756] (-) TimerEvent: {}
[1.502338] (-) TimerEvent: {}
[1.602870] (-) TimerEvent: {}
[1.703304] (-) TimerEvent: {}
[1.706986] (udemy_ros2_pkg) StdoutLine: {'line': b'running egg_info\n'}
[1.708077] (udemy_ros2_pkg) StdoutLine: {'line': b'creating udemy_ros2_pkg.egg-info\n'}
[1.708404] (udemy_ros2_pkg) StdoutLine: {'line': b'writing udemy_ros2_pkg.egg-info/PKG-INFO\n'}
[1.708712] (udemy_ros2_pkg) StdoutLine: {'line': b'writing dependency_links to udemy_ros2_pkg.egg-info/dependency_links.txt\n'}
[1.708993] (udemy_ros2_pkg) StdoutLine: {'line': b'writing top-level names to udemy_ros2_pkg.egg-info/top_level.txt\n'}
[1.709822] (udemy_ros2_pkg) StdoutLine: {'line': b"writing manifest file 'udemy_ros2_pkg.egg-info/SOURCES.txt'\n"}
[1.714375] (udemy_ros2_pkg) StdoutLine: {'line': b"reading manifest file 'udemy_ros2_pkg.egg-info/SOURCES.txt'\n"}
[1.715556] (udemy_ros2_pkg) StdoutLine: {'line': b"writing manifest file 'udemy_ros2_pkg.egg-info/SOURCES.txt'\n"}
[1.736792] (udemy_ros2_pkg) StdoutLine: {'line': b'running egg_info\n'}
[1.737720] (udemy_ros2_pkg) StdoutLine: {'line': b'writing scripts.egg-info/PKG-INFO\n'}
[1.738396] (udemy_ros2_pkg) StdoutLine: {'line': b'writing dependency_links to scripts.egg-info/dependency_links.txt\n'}
[1.738984] (udemy_ros2_pkg) StdoutLine: {'line': b'writing top-level names to scripts.egg-info/top_level.txt\n'}
[1.747827] (udemy_ros2_pkg) StdoutLine: {'line': b"reading manifest file 'scripts.egg-info/SOURCES.txt'\n"}
[1.748299] (udemy_ros2_pkg) StdoutLine: {'line': b"writing manifest file 'scripts.egg-info/SOURCES.txt'\n"}
[1.799609] (udemy_ros2_pkg) StdoutLine: {'line': b'[  9%] Built target ament_cmake_python_build_udemy_ros2_pkg_egg\n'}
[1.800195] (udemy_ros2_pkg) StdoutLine: {'line': b'[  9%] \x1b[32mBuilding C object CMakeFiles/udemy_ros2_pkg__rosidl_generator_c.dir/rosidl_generator_c/udemy_ros2_pkg/srv/detail/odd_even_check__functions.c.o\x1b[0m\n'}
[1.803420] (-) TimerEvent: {}
[1.803913] (udemy_ros2_pkg) StdoutLine: {'line': b'[  9%] Built target udemy_ros2_pkg__cpp\n'}
[1.820518] (udemy_ros2_pkg) StdoutLine: {'line': b'[  9%] Built target ament_cmake_python_build_scripts_egg\n'}
[1.824015] (udemy_ros2_pkg) StdoutLine: {'line': b'[ 12%] \x1b[34m\x1b[1mGenerating C++ type support dispatch for ROS interfaces\x1b[0m\n'}
[1.825737] (udemy_ros2_pkg) StdoutLine: {'line': b'[ 16%] \x1b[34m\x1b[1mGenerating C++ introspection for ROS interfaces\x1b[0m\n'}
[1.826240] (udemy_ros2_pkg) StdoutLine: {'line': b'[ 19%] \x1b[34m\x1b[1mGenerating C++ type support for eProsima Fast-RTPS\x1b[0m\n'}
[1.903583] (-) TimerEvent: {}
[1.933603] (udemy_ros2_pkg) StdoutLine: {'line': b'[ 22%] \x1b[32m\x1b[1mLinking C shared library libudemy_ros2_pkg__rosidl_generator_c.so\x1b[0m\n'}
[1.986311] (udemy_ros2_pkg) StdoutLine: {'line': b'[ 22%] Built target udemy_ros2_pkg__rosidl_generator_c\n'}
[2.003685] (-) TimerEvent: {}
[2.004391] (udemy_ros2_pkg) StdoutLine: {'line': b'[ 29%] \x1b[34m\x1b[1mGenerating C type support for eProsima Fast-RTPS\x1b[0m\n'}
[2.004613] (udemy_ros2_pkg) StdoutLine: {'line': b'[ 32%] \x1b[34m\x1b[1mGenerating C type support dispatch for ROS interfaces\x1b[0m\n'}
[2.004751] (udemy_ros2_pkg) StdoutLine: {'line': b'[ 29%] \x1b[34m\x1b[1mGenerating C introspection for ROS interfaces\x1b[0m\n'}
[2.103784] (-) TimerEvent: {}
[2.205551] (-) TimerEvent: {}
[2.234669] (udemy_ros2_pkg) StdoutLine: {'line': b'[ 35%] \x1b[32mBuilding CXX object CMakeFiles/udemy_ros2_pkg__rosidl_typesupport_cpp.dir/rosidl_typesupport_cpp/udemy_ros2_pkg/srv/odd_even_check__type_support.cpp.o\x1b[0m\n'}
[2.303314] (udemy_ros2_pkg) StdoutLine: {'line': b'[ 38%] \x1b[32mBuilding CXX object CMakeFiles/udemy_ros2_pkg__rosidl_typesupport_introspection_cpp.dir/rosidl_typesupport_introspection_cpp/udemy_ros2_pkg/srv/detail/odd_even_check__type_support.cpp.o\x1b[0m\n'}
[2.305605] (-) TimerEvent: {}
[2.397283] (udemy_ros2_pkg) StdoutLine: {'line': b'[ 41%] \x1b[32mBuilding CXX object CMakeFiles/udemy_ros2_pkg__rosidl_typesupport_fastrtps_cpp.dir/rosidl_typesupport_fastrtps_cpp/udemy_ros2_pkg/srv/detail/dds_fastrtps/odd_even_check__type_support.cpp.o\x1b[0m\n'}
[2.405733] (-) TimerEvent: {}
[2.467274] (udemy_ros2_pkg) StdoutLine: {'line': b'[ 45%] \x1b[32mBuilding CXX object CMakeFiles/udemy_ros2_pkg__rosidl_typesupport_c.dir/rosidl_typesupport_c/udemy_ros2_pkg/srv/odd_even_check__type_support.cpp.o\x1b[0m\n'}
[2.505850] (-) TimerEvent: {}
[2.541670] (udemy_ros2_pkg) StdoutLine: {'line': b'[ 48%] \x1b[32m\x1b[1mLinking CXX shared library libudemy_ros2_pkg__rosidl_typesupport_c.so\x1b[0m\n'}
[2.574450] (udemy_ros2_pkg) StdoutLine: {'line': b'[ 51%] \x1b[32mBuilding C object CMakeFiles/udemy_ros2_pkg__rosidl_typesupport_introspection_c.dir/rosidl_typesupport_introspection_c/udemy_ros2_pkg/srv/detail/odd_even_check__type_support.c.o\x1b[0m\n'}
[2.596782] (udemy_ros2_pkg) StdoutLine: {'line': b'[ 54%] \x1b[32mBuilding CXX object CMakeFiles/udemy_ros2_pkg__rosidl_typesupport_fastrtps_c.dir/rosidl_typesupport_fastrtps_c/udemy_ros2_pkg/srv/detail/odd_even_check__type_support_c.cpp.o\x1b[0m\n'}
[2.605968] (-) TimerEvent: {}
[2.639611] (udemy_ros2_pkg) StdoutLine: {'line': b'[ 54%] Built target udemy_ros2_pkg__rosidl_typesupport_c\n'}
[2.656436] (udemy_ros2_pkg) StdoutLine: {'line': b'[ 58%] \x1b[32m\x1b[1mLinking C shared library libudemy_ros2_pkg__rosidl_typesupport_introspection_c.so\x1b[0m\n'}
[2.706111] (-) TimerEvent: {}
[2.720317] (udemy_ros2_pkg) StdoutLine: {'line': b'[ 58%] Built target udemy_ros2_pkg__rosidl_typesupport_introspection_c\n'}
[2.789316] (udemy_ros2_pkg) StdoutLine: {'line': b'[ 61%] \x1b[32m\x1b[1mLinking CXX shared library libudemy_ros2_pkg__rosidl_typesupport_cpp.so\x1b[0m\n'}
[2.806227] (-) TimerEvent: {}
[2.865139] (udemy_ros2_pkg) StdoutLine: {'line': b'[ 61%] Built target udemy_ros2_pkg__rosidl_typesupport_cpp\n'}
[2.906366] (-) TimerEvent: {}
[2.989882] (udemy_ros2_pkg) StdoutLine: {'line': b'[ 64%] \x1b[32m\x1b[1mLinking CXX shared library libudemy_ros2_pkg__rosidl_typesupport_introspection_cpp.so\x1b[0m\n'}
[3.006531] (-) TimerEvent: {}
[3.073766] (udemy_ros2_pkg) StdoutLine: {'line': b'[ 67%] \x1b[32m\x1b[1mLinking CXX shared library libudemy_ros2_pkg__rosidl_typesupport_fastrtps_cpp.so\x1b[0m\n'}
[3.105458] (udemy_ros2_pkg) StdoutLine: {'line': b'[ 67%] Built target udemy_ros2_pkg__rosidl_typesupport_introspection_cpp\n'}
[3.106605] (-) TimerEvent: {}
[3.179918] (udemy_ros2_pkg) StdoutLine: {'line': b'[ 70%] \x1b[32m\x1b[1mLinking CXX shared library libudemy_ros2_pkg__rosidl_typesupport_fastrtps_c.so\x1b[0m\n'}
[3.206765] (-) TimerEvent: {}
[3.211663] (udemy_ros2_pkg) StdoutLine: {'line': b'[ 70%] Built target udemy_ros2_pkg__rosidl_typesupport_fastrtps_cpp\n'}
[3.306888] (-) TimerEvent: {}
[3.307173] (udemy_ros2_pkg) StdoutLine: {'line': b'[ 70%] Built target udemy_ros2_pkg__rosidl_typesupport_fastrtps_c\n'}
[3.338856] (udemy_ros2_pkg) StdoutLine: {'line': b'[ 70%] Built target udemy_ros2_pkg\n'}
[3.369464] (udemy_ros2_pkg) StdoutLine: {'line': b'[ 74%] \x1b[34m\x1b[1mGenerating Python code for ROS interfaces\x1b[0m\n'}
[3.407006] (-) TimerEvent: {}
[3.507273] (-) TimerEvent: {}
[3.607541] (-) TimerEvent: {}
[3.707806] (-) TimerEvent: {}
[3.791944] (udemy_ros2_pkg) StdoutLine: {'line': b'[ 74%] Built target udemy_ros2_pkg__py\n'}
[3.807917] (-) TimerEvent: {}
[3.817366] (udemy_ros2_pkg) StdoutLine: {'line': b'[ 77%] \x1b[32mBuilding C object CMakeFiles/udemy_ros2_pkg__rosidl_generator_py.dir/rosidl_generator_py/udemy_ros2_pkg/srv/_odd_even_check_s.c.o\x1b[0m\n'}
[3.908050] (-) TimerEvent: {}
[3.967651] (udemy_ros2_pkg) StdoutLine: {'line': b'[ 80%] \x1b[32m\x1b[1mLinking C shared library rosidl_generator_py/udemy_ros2_pkg/libudemy_ros2_pkg__rosidl_generator_py.so\x1b[0m\n'}
[4.008186] (-) TimerEvent: {}
[4.018645] (udemy_ros2_pkg) StdoutLine: {'line': b'[ 80%] Built target udemy_ros2_pkg__rosidl_generator_py\n'}
[4.046035] (udemy_ros2_pkg) StdoutLine: {'line': b'[ 90%] \x1b[32mBuilding C object CMakeFiles/udemy_ros2_pkg__rosidl_typesupport_c__pyext.dir/rosidl_generator_py/udemy_ros2_pkg/_udemy_ros2_pkg_s.ep.rosidl_typesupport_c.c.o\x1b[0m\n'}
[4.046519] (udemy_ros2_pkg) StdoutLine: {'line': b'[ 90%] \x1b[32mBuilding C object CMakeFiles/udemy_ros2_pkg__rosidl_typesupport_fastrtps_c__pyext.dir/rosidl_generator_py/udemy_ros2_pkg/_udemy_ros2_pkg_s.ep.rosidl_typesupport_fastrtps_c.c.o\x1b[0m\n'}
[4.046733] (udemy_ros2_pkg) StdoutLine: {'line': b'[ 90%] \x1b[32mBuilding C object CMakeFiles/udemy_ros2_pkg__rosidl_typesupport_introspection_c__pyext.dir/rosidl_generator_py/udemy_ros2_pkg/_udemy_ros2_pkg_s.ep.rosidl_typesupport_introspection_c.c.o\x1b[0m\n'}
[4.108386] (-) TimerEvent: {}
[4.168898] (udemy_ros2_pkg) StdoutLine: {'line': b'[ 93%] \x1b[32m\x1b[1mLinking C shared library rosidl_generator_py/udemy_ros2_pkg/udemy_ros2_pkg_s__rosidl_typesupport_c.cpython-310-x86_64-linux-gnu.so\x1b[0m\n'}
[4.169283] (udemy_ros2_pkg) StdoutLine: {'line': b'[ 96%] \x1b[32m\x1b[1mLinking C shared library rosidl_generator_py/udemy_ros2_pkg/udemy_ros2_pkg_s__rosidl_typesupport_introspection_c.cpython-310-x86_64-linux-gnu.so\x1b[0m\n'}
[4.174837] (udemy_ros2_pkg) StdoutLine: {'line': b'[100%] \x1b[32m\x1b[1mLinking C shared library rosidl_generator_py/udemy_ros2_pkg/udemy_ros2_pkg_s__rosidl_typesupport_fastrtps_c.cpython-310-x86_64-linux-gnu.so\x1b[0m\n'}
[4.208715] (-) TimerEvent: {}
[4.216124] (udemy_ros2_pkg) StdoutLine: {'line': b'[100%] Built target udemy_ros2_pkg__rosidl_typesupport_c__pyext\n'}
[4.216675] (udemy_ros2_pkg) StdoutLine: {'line': b'[100%] Built target udemy_ros2_pkg__rosidl_typesupport_introspection_c__pyext\n'}
[4.224411] (udemy_ros2_pkg) StdoutLine: {'line': b'[100%] Built target udemy_ros2_pkg__rosidl_typesupport_fastrtps_c__pyext\n'}
[4.239336] (udemy_ros2_pkg) CommandEnded: {'returncode': 0}
[4.240476] (udemy_ros2_pkg) JobProgress: {'identifier': 'udemy_ros2_pkg', 'progress': 'install'}
[4.252261] (udemy_ros2_pkg) Command: {'cmd': ['/usr/bin/cmake', '--install', '/home/purno/Workspaces/ros2_py_ws/build/udemy_ros2_pkg'], 'cwd': '/home/purno/Workspaces/ros2_py_ws/build/udemy_ros2_pkg', 'env': OrderedDict([('USER', 'purno'), ('LC_TIME', 'en_US.UTF-8'), ('XDG_SESSION_TYPE', 'wayland'), ('SHLVL', '1'), ('LD_LIBRARY_PATH', '/opt/ros/humble/opt/rviz_ogre_vendor/lib:/opt/ros/humble/lib/x86_64-linux-gnu:/opt/ros/humble/lib'), ('HOME', '/home/purno'), ('CHROME_DESKTOP', 'code.desktop'), ('TERM_PROGRAM_VERSION', '1.96.4'), ('DESKTOP_SESSION', 'ubuntu'), ('ROS_PYTHON_VERSION', '3'), ('GNOME_SHELL_SESSION_MODE', 'ubuntu'), ('GTK_MODULES', 'gail:atk-bridge'), ('LC_MONETARY', 'en_US.UTF-8'), ('MANAGERPID', '1376'), ('SYSTEMD_EXEC_PID', '1735'), ('DBUS_SESSION_BUS_ADDRESS', 'unix:path=/run/user/1000/bus'), ('COLORTERM', 'truecolor'), ('GIO_LAUNCHED_DESKTOP_FILE_PID', '5396'), ('IM_CONFIG_PHASE', '1'), ('WAYLAND_DISPLAY', 'wayland-0'), ('ROS_DISTRO', 'humble'), ('LOGNAME', 'purno'), ('JOURNAL_STREAM', '8:17426'), ('_', '/usr/bin/colcon'), ('ROS_VERSION', '2'), ('XDG_SESSION_CLASS', 'user'), ('USERNAME', 'purno'), ('TERM', 'xterm-256color'), ('GNOME_DESKTOP_SESSION_ID', 'this-is-deprecated'), ('ROS_LOCALHOST_ONLY', '0'), ('PATH', '/opt/ros/humble/bin:/usr/local/sbin:/usr/local/bin:/usr/sbin:/usr/bin:/sbin:/bin:/usr/games:/usr/local/games:/snap/bin:/snap/bin'), ('SESSION_MANAGER', 'local/purno-ubuntu:@/tmp/.ICE-unix/1539,unix/purno-ubuntu:/tmp/.ICE-unix/1539'), ('INVOCATION_ID', 'c78146c48a4c4805b2b0f353ed5a8bcb'), ('PAPERSIZE', 'letter'), ('XDG_MENU_PREFIX', 'gnome-'), ('LC_ADDRESS', 'en_US.UTF-8'), ('GNOME_SETUP_DISPLAY', ':1'), ('XDG_RUNTIME_DIR', '/run/user/1000'), ('GDK_BACKEND', 'x11'), ('DISPLAY', ':0'), ('LANG', 'en_US.UTF-8'), ('XDG_CURRENT_DESKTOP', 'Unity'), ('LC_TELEPHONE', 'en_US.UTF-8'), ('XMODIFIERS', '@im=ibus'), ('XDG_SESSION_DESKTOP', 'ubuntu'), ('XAUTHORITY', '/run/user/1000/.mutter-Xwaylandauth.Y72B12'), ('TERM_PROGRAM', 'vscode'), ('SSH_AGENT_LAUNCHER', 'gnome-keyring'), ('SSH_AUTH_SOCK', '/run/user/1000/keyring/ssh'), ('AMENT_PREFIX_PATH', '/opt/ros/humble'), ('ORIGINAL_XDG_CURRENT_DESKTOP', 'ubuntu:GNOME'), ('SHELL', '/bin/bash'), ('LC_NAME', 'en_US.UTF-8'), ('QT_ACCESSIBILITY', '1'), ('GDMSESSION', 'ubuntu'), ('LC_MEASUREMENT', 'en_US.UTF-8'), ('LC_IDENTIFICATION', 'en_US.UTF-8'), ('QT_IM_MODULE', 'ibus'), ('PWD', '/home/purno/Workspaces/ros2_py_ws/build/udemy_ros2_pkg'), ('XDG_CONFIG_DIRS', '/etc/xdg/xdg-ubuntu:/etc/xdg'), ('XDG_DATA_DIRS', '/usr/share/ubuntu:/usr/local/share/:/usr/share/:/var/lib/snapd/desktop'), ('PYTHONPATH', '/opt/ros/humble/lib/python3.10/site-packages:/opt/ros/humble/local/lib/python3.10/dist-packages'), ('LC_NUMERIC', 'en_US.UTF-8'), ('LC_PAPER', 'en_US.UTF-8'), ('COLCON', '1'), ('CMAKE_PREFIX_PATH', '/opt/ros/humble')]), 'shell': False}
[4.261958] (udemy_ros2_pkg) StdoutLine: {'line': b'-- Install configuration: ""\n'}
[4.262515] (udemy_ros2_pkg) StdoutLine: {'line': b'-- Execute custom install script\n'}
[4.262968] (udemy_ros2_pkg) StdoutLine: {'line': b'-- Symlinking: /home/purno/Workspaces/ros2_py_ws/install/udemy_ros2_pkg/share/ament_index/resource_index/rosidl_interfaces/udemy_ros2_pkg\n'}
[4.273952] (udemy_ros2_pkg) StdoutLine: {'line': b'-- Symlinking: /home/purno/Workspaces/ros2_py_ws/install/udemy_ros2_pkg/include/udemy_ros2_pkg/udemy_ros2_pkg/msg/rosidl_generator_c__visibility_control.h\n'}
[4.285592] (udemy_ros2_pkg) StdoutLine: {'line': b'-- Symlinking: /home/purno/Workspaces/ros2_py_ws/install/udemy_ros2_pkg/include/udemy_ros2_pkg/udemy_ros2_pkg/srv/detail/odd_even_check__functions.h\n'}
[4.297998] (udemy_ros2_pkg) StdoutLine: {'line': b'-- Symlinking: /home/purno/Workspaces/ros2_py_ws/install/udemy_ros2_pkg/include/udemy_ros2_pkg/udemy_ros2_pkg/srv/detail/odd_even_check__struct.h\n'}
[4.308189] (udemy_ros2_pkg) StdoutLine: {'line': b'-- Symlinking: /home/purno/Workspaces/ros2_py_ws/install/udemy_ros2_pkg/include/udemy_ros2_pkg/udemy_ros2_pkg/srv/detail/odd_even_check__type_support.h\n'}
[4.308825] (-) TimerEvent: {}
[4.320237] (udemy_ros2_pkg) StdoutLine: {'line': b'-- Symlinking: /home/purno/Workspaces/ros2_py_ws/install/udemy_ros2_pkg/include/udemy_ros2_pkg/udemy_ros2_pkg/srv/odd_even_check.h\n'}
[4.332996] (udemy_ros2_pkg) StdoutLine: {'line': b'-- Symlinking: /home/purno/Workspaces/ros2_py_ws/install/udemy_ros2_pkg/share/udemy_ros2_pkg/environment/library_path.sh\n'}
[4.343975] (udemy_ros2_pkg) StdoutLine: {'line': b'-- Symlinking: /home/purno/Workspaces/ros2_py_ws/install/udemy_ros2_pkg/share/udemy_ros2_pkg/environment/library_path.dsv\n'}
[4.355555] (udemy_ros2_pkg) StdoutLine: {'line': b'-- Symlinking: /home/purno/Workspaces/ros2_py_ws/install/udemy_ros2_pkg/include/udemy_ros2_pkg/udemy_ros2_pkg/msg/rosidl_typesupport_fastrtps_c__visibility_control.h\n'}
[4.367404] (udemy_ros2_pkg) StdoutLine: {'line': b'-- Symlinking: /home/purno/Workspaces/ros2_py_ws/install/udemy_ros2_pkg/include/udemy_ros2_pkg/udemy_ros2_pkg/srv/detail/odd_even_check__rosidl_typesupport_fastrtps_c.h\n'}
[4.378876] (udemy_ros2_pkg) StdoutLine: {'line': b'-- Symlinking: /home/purno/Workspaces/ros2_py_ws/install/udemy_ros2_pkg/include/udemy_ros2_pkg/udemy_ros2_pkg/msg/rosidl_typesupport_introspection_c__visibility_control.h\n'}
[4.389542] (udemy_ros2_pkg) StdoutLine: {'line': b'-- Symlinking: /home/purno/Workspaces/ros2_py_ws/install/udemy_ros2_pkg/include/udemy_ros2_pkg/udemy_ros2_pkg/srv/detail/odd_even_check__rosidl_typesupport_introspection_c.h\n'}
[4.401210] (udemy_ros2_pkg) StdoutLine: {'line': b'-- Symlinking: /home/purno/Workspaces/ros2_py_ws/install/udemy_ros2_pkg/include/udemy_ros2_pkg/udemy_ros2_pkg/msg/rosidl_generator_cpp__visibility_control.hpp\n'}
[4.408991] (-) TimerEvent: {}
[4.411926] (udemy_ros2_pkg) StdoutLine: {'line': b'-- Symlinking: /home/purno/Workspaces/ros2_py_ws/install/udemy_ros2_pkg/include/udemy_ros2_pkg/udemy_ros2_pkg/srv/detail/odd_even_check__builder.hpp\n'}
[4.422587] (udemy_ros2_pkg) StdoutLine: {'line': b'-- Symlinking: /home/purno/Workspaces/ros2_py_ws/install/udemy_ros2_pkg/include/udemy_ros2_pkg/udemy_ros2_pkg/srv/detail/odd_even_check__struct.hpp\n'}
[4.435613] (udemy_ros2_pkg) StdoutLine: {'line': b'-- Symlinking: /home/purno/Workspaces/ros2_py_ws/install/udemy_ros2_pkg/include/udemy_ros2_pkg/udemy_ros2_pkg/srv/detail/odd_even_check__traits.hpp\n'}
[4.447362] (udemy_ros2_pkg) StdoutLine: {'line': b'-- Symlinking: /home/purno/Workspaces/ros2_py_ws/install/udemy_ros2_pkg/include/udemy_ros2_pkg/udemy_ros2_pkg/srv/detail/odd_even_check__type_support.hpp\n'}
[4.457655] (udemy_ros2_pkg) StdoutLine: {'line': b'-- Symlinking: /home/purno/Workspaces/ros2_py_ws/install/udemy_ros2_pkg/include/udemy_ros2_pkg/udemy_ros2_pkg/srv/odd_even_check.hpp\n'}
[4.469523] (udemy_ros2_pkg) StdoutLine: {'line': b'-- Symlinking: /home/purno/Workspaces/ros2_py_ws/install/udemy_ros2_pkg/include/udemy_ros2_pkg/udemy_ros2_pkg/msg/rosidl_typesupport_fastrtps_cpp__visibility_control.h\n'}
[4.481461] (udemy_ros2_pkg) StdoutLine: {'line': b'-- Symlinking: /home/purno/Workspaces/ros2_py_ws/install/udemy_ros2_pkg/include/udemy_ros2_pkg/udemy_ros2_pkg/srv/detail/odd_even_check__rosidl_typesupport_fastrtps_cpp.hpp\n'}
[4.491736] (udemy_ros2_pkg) StdoutLine: {'line': b'-- Symlinking: /home/purno/Workspaces/ros2_py_ws/install/udemy_ros2_pkg/include/udemy_ros2_pkg/udemy_ros2_pkg/srv/detail/odd_even_check__rosidl_typesupport_introspection_cpp.hpp\n'}
[4.503353] (udemy_ros2_pkg) StdoutLine: {'line': b'-- Up-to-date symlink: /home/purno/Workspaces/ros2_py_ws/install/udemy_ros2_pkg/share/udemy_ros2_pkg/environment/pythonpath.sh\n'}
[4.503599] (udemy_ros2_pkg) StdoutLine: {'line': b'-- Up-to-date symlink: /home/purno/Workspaces/ros2_py_ws/install/udemy_ros2_pkg/share/udemy_ros2_pkg/environment/pythonpath.dsv\n'}
[4.503883] (udemy_ros2_pkg) StdoutLine: {'line': b'-- Symlinking: /home/purno/Workspaces/ros2_py_ws/install/udemy_ros2_pkg/local/lib/python3.10/dist-packages/udemy_ros2_pkg-0.0.0-py3.10.egg-info/PKG-INFO\n'}
[4.509143] (-) TimerEvent: {}
[4.515660] (udemy_ros2_pkg) StdoutLine: {'line': b'-- Symlinking: /home/purno/Workspaces/ros2_py_ws/install/udemy_ros2_pkg/local/lib/python3.10/dist-packages/udemy_ros2_pkg-0.0.0-py3.10.egg-info/SOURCES.txt\n'}
[4.526277] (udemy_ros2_pkg) StdoutLine: {'line': b'-- Symlinking: /home/purno/Workspaces/ros2_py_ws/install/udemy_ros2_pkg/local/lib/python3.10/dist-packages/udemy_ros2_pkg-0.0.0-py3.10.egg-info/dependency_links.txt\n'}
[4.538036] (udemy_ros2_pkg) StdoutLine: {'line': b'-- Symlinking: /home/purno/Workspaces/ros2_py_ws/install/udemy_ros2_pkg/local/lib/python3.10/dist-packages/udemy_ros2_pkg-0.0.0-py3.10.egg-info/top_level.txt\n'}
[4.550452] (udemy_ros2_pkg) StdoutLine: {'line': b'-- Symlinking: /home/purno/Workspaces/ros2_py_ws/install/udemy_ros2_pkg/local/lib/python3.10/dist-packages/udemy_ros2_pkg/__init__.py\n'}
[4.561265] (udemy_ros2_pkg) StdoutLine: {'line': b'-- Symlinking: /home/purno/Workspaces/ros2_py_ws/install/udemy_ros2_pkg/local/lib/python3.10/dist-packages/udemy_ros2_pkg/_udemy_ros2_pkg_s.ep.rosidl_typesupport_c.c\n'}
[4.572189] (udemy_ros2_pkg) StdoutLine: {'line': b'-- Symlinking: /home/purno/Workspaces/ros2_py_ws/install/udemy_ros2_pkg/local/lib/python3.10/dist-packages/udemy_ros2_pkg/_udemy_ros2_pkg_s.ep.rosidl_typesupport_fastrtps_c.c\n'}
[4.584224] (udemy_ros2_pkg) StdoutLine: {'line': b'-- Symlinking: /home/purno/Workspaces/ros2_py_ws/install/udemy_ros2_pkg/local/lib/python3.10/dist-packages/udemy_ros2_pkg/_udemy_ros2_pkg_s.ep.rosidl_typesupport_introspection_c.c\n'}
[4.594917] (udemy_ros2_pkg) StdoutLine: {'line': b'-- Symlinking: /home/purno/Workspaces/ros2_py_ws/install/udemy_ros2_pkg/local/lib/python3.10/dist-packages/udemy_ros2_pkg/libudemy_ros2_pkg__rosidl_generator_py.so\n'}
[4.605459] (udemy_ros2_pkg) StdoutLine: {'line': b'-- Symlinking: /home/purno/Workspaces/ros2_py_ws/install/udemy_ros2_pkg/local/lib/python3.10/dist-packages/udemy_ros2_pkg/srv/__init__.py\n'}
[4.609302] (-) TimerEvent: {}
[4.617644] (udemy_ros2_pkg) StdoutLine: {'line': b'-- Symlinking: /home/purno/Workspaces/ros2_py_ws/install/udemy_ros2_pkg/local/lib/python3.10/dist-packages/udemy_ros2_pkg/srv/_odd_even_check.py\n'}
[4.629152] (udemy_ros2_pkg) StdoutLine: {'line': b'-- Symlinking: /home/purno/Workspaces/ros2_py_ws/install/udemy_ros2_pkg/local/lib/python3.10/dist-packages/udemy_ros2_pkg/srv/_odd_even_check_s.c\n'}
[4.640484] (udemy_ros2_pkg) StdoutLine: {'line': b'-- Symlinking: /home/purno/Workspaces/ros2_py_ws/install/udemy_ros2_pkg/local/lib/python3.10/dist-packages/udemy_ros2_pkg/udemy_ros2_pkg_s__rosidl_typesupport_c.cpython-310-x86_64-linux-gnu.so\n'}
[4.652753] (udemy_ros2_pkg) StdoutLine: {'line': b'-- Symlinking: /home/purno/Workspaces/ros2_py_ws/install/udemy_ros2_pkg/local/lib/python3.10/dist-packages/udemy_ros2_pkg/udemy_ros2_pkg_s__rosidl_typesupport_fastrtps_c.cpython-310-x86_64-linux-gnu.so\n'}
[4.664364] (udemy_ros2_pkg) StdoutLine: {'line': b'-- Symlinking: /home/purno/Workspaces/ros2_py_ws/install/udemy_ros2_pkg/local/lib/python3.10/dist-packages/udemy_ros2_pkg/udemy_ros2_pkg_s__rosidl_typesupport_introspection_c.cpython-310-x86_64-linux-gnu.so\n'}
[4.675144] (udemy_ros2_pkg) StdoutLine: {'line': b'-- Up-to-date symlink: /home/purno/Workspaces/ros2_py_ws/install/udemy_ros2_pkg/local/lib/python3.10/dist-packages/udemy_ros2_pkg/udemy_ros2_pkg_s__rosidl_typesupport_fastrtps_c.cpython-310-x86_64-linux-gnu.so\n'}
[4.675431] (udemy_ros2_pkg) StdoutLine: {'line': b'-- Up-to-date symlink: /home/purno/Workspaces/ros2_py_ws/install/udemy_ros2_pkg/local/lib/python3.10/dist-packages/udemy_ros2_pkg/udemy_ros2_pkg_s__rosidl_typesupport_introspection_c.cpython-310-x86_64-linux-gnu.so\n'}
[4.675801] (udemy_ros2_pkg) StdoutLine: {'line': b'-- Up-to-date symlink: /home/purno/Workspaces/ros2_py_ws/install/udemy_ros2_pkg/local/lib/python3.10/dist-packages/udemy_ros2_pkg/udemy_ros2_pkg_s__rosidl_typesupport_c.cpython-310-x86_64-linux-gnu.so\n'}
[4.676171] (udemy_ros2_pkg) StdoutLine: {'line': b'-- Symlinking: /home/purno/Workspaces/ros2_py_ws/install/udemy_ros2_pkg/share/udemy_ros2_pkg/srv/OddEvenCheck.idl\n'}
[4.688288] (udemy_ros2_pkg) StdoutLine: {'line': b'-- Symlinking: /home/purno/Workspaces/ros2_py_ws/install/udemy_ros2_pkg/share/udemy_ros2_pkg/srv/OddEvenCheck.srv\n'}
[4.700165] (udemy_ros2_pkg) StdoutLine: {'line': b'-- Symlinking: /home/purno/Workspaces/ros2_py_ws/install/udemy_ros2_pkg/share/udemy_ros2_pkg/srv/OddEvenCheck_Request.msg\n'}
[4.709477] (-) TimerEvent: {}
[4.710328] (udemy_ros2_pkg) StdoutLine: {'line': b'-- Symlinking: /home/purno/Workspaces/ros2_py_ws/install/udemy_ros2_pkg/share/udemy_ros2_pkg/srv/OddEvenCheck_Response.msg\n'}
[4.722060] (udemy_ros2_pkg) StdoutLine: {'line': b'-- Up-to-date symlink: /home/purno/Workspaces/ros2_py_ws/install/udemy_ros2_pkg/local/lib/python3.10/dist-packages/scripts-0.0.0-py3.10.egg-info/PKG-INFO\n'}
[4.722347] (udemy_ros2_pkg) StdoutLine: {'line': b'-- Up-to-date symlink: /home/purno/Workspaces/ros2_py_ws/install/udemy_ros2_pkg/local/lib/python3.10/dist-packages/scripts-0.0.0-py3.10.egg-info/SOURCES.txt\n'}
[4.722493] (udemy_ros2_pkg) StdoutLine: {'line': b'-- Up-to-date symlink: /home/purno/Workspaces/ros2_py_ws/install/udemy_ros2_pkg/local/lib/python3.10/dist-packages/scripts-0.0.0-py3.10.egg-info/dependency_links.txt\n'}
[4.722624] (udemy_ros2_pkg) StdoutLine: {'line': b'-- Up-to-date symlink: /home/purno/Workspaces/ros2_py_ws/install/udemy_ros2_pkg/local/lib/python3.10/dist-packages/scripts-0.0.0-py3.10.egg-info/top_level.txt\n'}
[4.723075] (udemy_ros2_pkg) StdoutLine: {'line': b'-- Up-to-date symlink: /home/purno/Workspaces/ros2_py_ws/install/udemy_ros2_pkg/local/lib/python3.10/dist-packages/scripts/__init__.py\n'}
[4.723227] (udemy_ros2_pkg) StdoutLine: {'line': b'-- Up-to-date symlink: /home/purno/Workspaces/ros2_py_ws/install/udemy_ros2_pkg/local/lib/python3.10/dist-packages/scripts/publisher.py\n'}
[4.723379] (udemy_ros2_pkg) StdoutLine: {'line': b'-- Up-to-date symlink: /home/purno/Workspaces/ros2_py_ws/install/udemy_ros2_pkg/local/lib/python3.10/dist-packages/scripts/rpm_pub.py\n'}
[4.723581] (udemy_ros2_pkg) StdoutLine: {'line': b'-- Up-to-date symlink: /home/purno/Workspaces/ros2_py_ws/install/udemy_ros2_pkg/local/lib/python3.10/dist-packages/scripts/speed_calc.py\n'}
[4.723750] (udemy_ros2_pkg) StdoutLine: {'line': b'-- Up-to-date symlink: /home/purno/Workspaces/ros2_py_ws/install/udemy_ros2_pkg/local/lib/python3.10/dist-packages/scripts/subscriber.py\n'}
[4.723930] (udemy_ros2_pkg) StdoutLine: {'line': b'-- Up-to-date symlink: /home/purno/Workspaces/ros2_py_ws/install/udemy_ros2_pkg/lib/udemy_ros2_pkg/publisher.py\n'}
[4.724116] (udemy_ros2_pkg) StdoutLine: {'line': b'-- Up-to-date symlink: /home/purno/Workspaces/ros2_py_ws/install/udemy_ros2_pkg/lib/udemy_ros2_pkg/subscriber.py\n'}
[4.724299] (udemy_ros2_pkg) StdoutLine: {'line': b'-- Up-to-date symlink: /home/purno/Workspaces/ros2_py_ws/install/udemy_ros2_pkg/lib/udemy_ros2_pkg/rpm_pub.py\n'}
[4.724481] (udemy_ros2_pkg) StdoutLine: {'line': b'-- Up-to-date symlink: /home/purno/Workspaces/ros2_py_ws/install/udemy_ros2_pkg/lib/udemy_ros2_pkg/speed_calc.py\n'}
[4.724666] (udemy_ros2_pkg) StdoutLine: {'line': b'-- Up-to-date symlink: /home/purno/Workspaces/ros2_py_ws/install/udemy_ros2_pkg/share/udemy_ros2_pkg//launch/rpm_node.launch.py\n'}
[4.724825] (udemy_ros2_pkg) StdoutLine: {'line': b'-- Up-to-date symlink: /home/purno/Workspaces/ros2_py_ws/install/udemy_ros2_pkg/share/udemy_ros2_pkg//launch/speed_project.launch.py\n'}
[4.725004] (udemy_ros2_pkg) StdoutLine: {'line': b'-- Up-to-date symlink: /home/purno/Workspaces/ros2_py_ws/install/udemy_ros2_pkg/share/ament_index/resource_index/package_run_dependencies/udemy_ros2_pkg\n'}
[4.725168] (udemy_ros2_pkg) StdoutLine: {'line': b'-- Up-to-date symlink: /home/purno/Workspaces/ros2_py_ws/install/udemy_ros2_pkg/share/ament_index/resource_index/parent_prefix_path/udemy_ros2_pkg\n'}
[4.725359] (udemy_ros2_pkg) StdoutLine: {'line': b'-- Up-to-date symlink: /home/purno/Workspaces/ros2_py_ws/install/udemy_ros2_pkg/share/udemy_ros2_pkg/environment/ament_prefix_path.sh\n'}
[4.725548] (udemy_ros2_pkg) StdoutLine: {'line': b'-- Up-to-date symlink: /home/purno/Workspaces/ros2_py_ws/install/udemy_ros2_pkg/share/udemy_ros2_pkg/environment/ament_prefix_path.dsv\n'}
[4.725801] (udemy_ros2_pkg) StdoutLine: {'line': b'-- Up-to-date symlink: /home/purno/Workspaces/ros2_py_ws/install/udemy_ros2_pkg/share/udemy_ros2_pkg/environment/path.sh\n'}
[4.726010] (udemy_ros2_pkg) StdoutLine: {'line': b'-- Up-to-date symlink: /home/purno/Workspaces/ros2_py_ws/install/udemy_ros2_pkg/share/udemy_ros2_pkg/environment/path.dsv\n'}
[4.726204] (udemy_ros2_pkg) StdoutLine: {'line': b'-- Up-to-date symlink: /home/purno/Workspaces/ros2_py_ws/install/udemy_ros2_pkg/share/udemy_ros2_pkg/local_setup.bash\n'}
[4.726430] (udemy_ros2_pkg) StdoutLine: {'line': b'-- Up-to-date symlink: /home/purno/Workspaces/ros2_py_ws/install/udemy_ros2_pkg/share/udemy_ros2_pkg/local_setup.sh\n'}
[4.726657] (udemy_ros2_pkg) StdoutLine: {'line': b'-- Up-to-date symlink: /home/purno/Workspaces/ros2_py_ws/install/udemy_ros2_pkg/share/udemy_ros2_pkg/local_setup.zsh\n'}
[4.726899] (udemy_ros2_pkg) StdoutLine: {'line': b'-- Up-to-date symlink: /home/purno/Workspaces/ros2_py_ws/install/udemy_ros2_pkg/share/udemy_ros2_pkg/local_setup.dsv\n'}
[4.727125] (udemy_ros2_pkg) StdoutLine: {'line': b'-- Symlinking: /home/purno/Workspaces/ros2_py_ws/install/udemy_ros2_pkg/share/udemy_ros2_pkg/package.dsv\n'}
[4.739466] (udemy_ros2_pkg) StdoutLine: {'line': b'-- Up-to-date symlink: /home/purno/Workspaces/ros2_py_ws/install/udemy_ros2_pkg/share/ament_index/resource_index/packages/udemy_ros2_pkg\n'}
[4.739716] (udemy_ros2_pkg) StdoutLine: {'line': b'-- Symlinking: /home/purno/Workspaces/ros2_py_ws/install/udemy_ros2_pkg/share/udemy_ros2_pkg/cmake/rosidl_cmake-extras.cmake\n'}
[4.751961] (udemy_ros2_pkg) StdoutLine: {'line': b'-- Symlinking: /home/purno/Workspaces/ros2_py_ws/install/udemy_ros2_pkg/share/udemy_ros2_pkg/cmake/ament_cmake_export_include_directories-extras.cmake\n'}
[4.763029] (udemy_ros2_pkg) StdoutLine: {'line': b'-- Symlinking: /home/purno/Workspaces/ros2_py_ws/install/udemy_ros2_pkg/share/udemy_ros2_pkg/cmake/ament_cmake_export_libraries-extras.cmake\n'}
[4.773324] (udemy_ros2_pkg) StdoutLine: {'line': b'-- Symlinking: /home/purno/Workspaces/ros2_py_ws/install/udemy_ros2_pkg/share/udemy_ros2_pkg/cmake/ament_cmake_export_targets-extras.cmake\n'}
[4.785006] (udemy_ros2_pkg) StdoutLine: {'line': b'-- Symlinking: /home/purno/Workspaces/ros2_py_ws/install/udemy_ros2_pkg/share/udemy_ros2_pkg/cmake/rosidl_cmake_export_typesupport_targets-extras.cmake\n'}
[4.796188] (udemy_ros2_pkg) StdoutLine: {'line': b'-- Symlinking: /home/purno/Workspaces/ros2_py_ws/install/udemy_ros2_pkg/share/udemy_ros2_pkg/cmake/ament_cmake_export_dependencies-extras.cmake\n'}
[4.806417] (udemy_ros2_pkg) StdoutLine: {'line': b'-- Symlinking: /home/purno/Workspaces/ros2_py_ws/install/udemy_ros2_pkg/share/udemy_ros2_pkg/cmake/rosidl_cmake_export_typesupport_libraries-extras.cmake\n'}
[4.809585] (-) TimerEvent: {}
[4.818397] (udemy_ros2_pkg) StdoutLine: {'line': b'-- Up-to-date symlink: /home/purno/Workspaces/ros2_py_ws/install/udemy_ros2_pkg/share/udemy_ros2_pkg/cmake/udemy_ros2_pkgConfig.cmake\n'}
[4.818655] (udemy_ros2_pkg) StdoutLine: {'line': b'-- Up-to-date symlink: /home/purno/Workspaces/ros2_py_ws/install/udemy_ros2_pkg/share/udemy_ros2_pkg/cmake/udemy_ros2_pkgConfig-version.cmake\n'}
[4.818802] (udemy_ros2_pkg) StdoutLine: {'line': b'-- Up-to-date symlink: /home/purno/Workspaces/ros2_py_ws/install/udemy_ros2_pkg/share/udemy_ros2_pkg/package.xml\n'}
[4.818970] (udemy_ros2_pkg) StdoutLine: {'line': b'-- Installing: /home/purno/Workspaces/ros2_py_ws/install/udemy_ros2_pkg/lib/libudemy_ros2_pkg__rosidl_generator_c.so\n'}
[4.819382] (udemy_ros2_pkg) StdoutLine: {'line': b'-- Set runtime path of "/home/purno/Workspaces/ros2_py_ws/install/udemy_ros2_pkg/lib/libudemy_ros2_pkg__rosidl_generator_c.so" to ""\n'}
[4.819542] (udemy_ros2_pkg) StdoutLine: {'line': b'-- Installing: /home/purno/Workspaces/ros2_py_ws/install/udemy_ros2_pkg/lib/libudemy_ros2_pkg__rosidl_typesupport_fastrtps_c.so\n'}
[4.819980] (udemy_ros2_pkg) StdoutLine: {'line': b'-- Set runtime path of "/home/purno/Workspaces/ros2_py_ws/install/udemy_ros2_pkg/lib/libudemy_ros2_pkg__rosidl_typesupport_fastrtps_c.so" to ""\n'}
[4.820115] (udemy_ros2_pkg) StdoutLine: {'line': b'-- Installing: /home/purno/Workspaces/ros2_py_ws/install/udemy_ros2_pkg/lib/libudemy_ros2_pkg__rosidl_typesupport_introspection_c.so\n'}
[4.820585] (udemy_ros2_pkg) StdoutLine: {'line': b'-- Set runtime path of "/home/purno/Workspaces/ros2_py_ws/install/udemy_ros2_pkg/lib/libudemy_ros2_pkg__rosidl_typesupport_introspection_c.so" to ""\n'}
[4.820722] (udemy_ros2_pkg) StdoutLine: {'line': b'-- Installing: /home/purno/Workspaces/ros2_py_ws/install/udemy_ros2_pkg/lib/libudemy_ros2_pkg__rosidl_typesupport_c.so\n'}
[4.821149] (udemy_ros2_pkg) StdoutLine: {'line': b'-- Set runtime path of "/home/purno/Workspaces/ros2_py_ws/install/udemy_ros2_pkg/lib/libudemy_ros2_pkg__rosidl_typesupport_c.so" to ""\n'}
[4.821301] (udemy_ros2_pkg) StdoutLine: {'line': b'-- Installing: /home/purno/Workspaces/ros2_py_ws/install/udemy_ros2_pkg/lib/libudemy_ros2_pkg__rosidl_typesupport_fastrtps_cpp.so\n'}
[4.821714] (udemy_ros2_pkg) StdoutLine: {'line': b'-- Set runtime path of "/home/purno/Workspaces/ros2_py_ws/install/udemy_ros2_pkg/lib/libudemy_ros2_pkg__rosidl_typesupport_fastrtps_cpp.so" to ""\n'}
[4.821863] (udemy_ros2_pkg) StdoutLine: {'line': b'-- Installing: /home/purno/Workspaces/ros2_py_ws/install/udemy_ros2_pkg/lib/libudemy_ros2_pkg__rosidl_typesupport_introspection_cpp.so\n'}
[4.822284] (udemy_ros2_pkg) StdoutLine: {'line': b'-- Set runtime path of "/home/purno/Workspaces/ros2_py_ws/install/udemy_ros2_pkg/lib/libudemy_ros2_pkg__rosidl_typesupport_introspection_cpp.so" to ""\n'}
[4.822454] (udemy_ros2_pkg) StdoutLine: {'line': b'-- Installing: /home/purno/Workspaces/ros2_py_ws/install/udemy_ros2_pkg/lib/libudemy_ros2_pkg__rosidl_typesupport_cpp.so\n'}
[4.822819] (udemy_ros2_pkg) StdoutLine: {'line': b'-- Set runtime path of "/home/purno/Workspaces/ros2_py_ws/install/udemy_ros2_pkg/lib/libudemy_ros2_pkg__rosidl_typesupport_cpp.so" to ""\n'}
[4.866153] (udemy_ros2_pkg) StdoutLine: {'line': b"Listing '/home/purno/Workspaces/ros2_py_ws/install/udemy_ros2_pkg/local/lib/python3.10/dist-packages/udemy_ros2_pkg'...\n"}
[4.866510] (udemy_ros2_pkg) StdoutLine: {'line': b"Compiling '/home/purno/Workspaces/ros2_py_ws/install/udemy_ros2_pkg/local/lib/python3.10/dist-packages/udemy_ros2_pkg/__init__.py'...\n"}
[4.866678] (udemy_ros2_pkg) StdoutLine: {'line': b"Listing '/home/purno/Workspaces/ros2_py_ws/install/udemy_ros2_pkg/local/lib/python3.10/dist-packages/udemy_ros2_pkg/srv'...\n"}
[4.866803] (udemy_ros2_pkg) StdoutLine: {'line': b"Compiling '/home/purno/Workspaces/ros2_py_ws/install/udemy_ros2_pkg/local/lib/python3.10/dist-packages/udemy_ros2_pkg/srv/__init__.py'...\n"}
[4.866925] (udemy_ros2_pkg) StdoutLine: {'line': b"Compiling '/home/purno/Workspaces/ros2_py_ws/install/udemy_ros2_pkg/local/lib/python3.10/dist-packages/udemy_ros2_pkg/srv/_odd_even_check.py'...\n"}
[4.871994] (udemy_ros2_pkg) StdoutLine: {'line': b'-- Installing: /home/purno/Workspaces/ros2_py_ws/install/udemy_ros2_pkg/lib/libudemy_ros2_pkg__rosidl_generator_py.so\n'}
[4.872541] (udemy_ros2_pkg) StdoutLine: {'line': b'-- Set runtime path of "/home/purno/Workspaces/ros2_py_ws/install/udemy_ros2_pkg/lib/libudemy_ros2_pkg__rosidl_generator_py.so" to ""\n'}
[4.908992] (udemy_ros2_pkg) StdoutLine: {'line': b"Listing '/home/purno/Workspaces/ros2_py_ws/install/udemy_ros2_pkg/local/lib/python3.10/dist-packages/scripts'...\n"}
[4.909657] (-) TimerEvent: {}
[4.917235] (udemy_ros2_pkg) StdoutLine: {'line': b'-- Installing: /home/purno/Workspaces/ros2_py_ws/install/udemy_ros2_pkg/share/udemy_ros2_pkg/cmake/export_udemy_ros2_pkg__rosidl_generator_cExport.cmake\n'}
[4.917481] (udemy_ros2_pkg) StdoutLine: {'line': b'-- Installing: /home/purno/Workspaces/ros2_py_ws/install/udemy_ros2_pkg/share/udemy_ros2_pkg/cmake/export_udemy_ros2_pkg__rosidl_generator_cExport-noconfig.cmake\n'}
[4.917683] (udemy_ros2_pkg) StdoutLine: {'line': b'-- Installing: /home/purno/Workspaces/ros2_py_ws/install/udemy_ros2_pkg/share/udemy_ros2_pkg/cmake/export_udemy_ros2_pkg__rosidl_typesupport_fastrtps_cExport.cmake\n'}
[4.917813] (udemy_ros2_pkg) StdoutLine: {'line': b'-- Installing: /home/purno/Workspaces/ros2_py_ws/install/udemy_ros2_pkg/share/udemy_ros2_pkg/cmake/export_udemy_ros2_pkg__rosidl_typesupport_fastrtps_cExport-noconfig.cmake\n'}
[4.918037] (udemy_ros2_pkg) StdoutLine: {'line': b'-- Installing: /home/purno/Workspaces/ros2_py_ws/install/udemy_ros2_pkg/share/udemy_ros2_pkg/cmake/udemy_ros2_pkg__rosidl_typesupport_introspection_cExport.cmake\n'}
[4.918202] (udemy_ros2_pkg) StdoutLine: {'line': b'-- Installing: /home/purno/Workspaces/ros2_py_ws/install/udemy_ros2_pkg/share/udemy_ros2_pkg/cmake/udemy_ros2_pkg__rosidl_typesupport_introspection_cExport-noconfig.cmake\n'}
[4.918354] (udemy_ros2_pkg) StdoutLine: {'line': b'-- Installing: /home/purno/Workspaces/ros2_py_ws/install/udemy_ros2_pkg/share/udemy_ros2_pkg/cmake/udemy_ros2_pkg__rosidl_typesupport_cExport.cmake\n'}
[4.918522] (udemy_ros2_pkg) StdoutLine: {'line': b'-- Installing: /home/purno/Workspaces/ros2_py_ws/install/udemy_ros2_pkg/share/udemy_ros2_pkg/cmake/udemy_ros2_pkg__rosidl_typesupport_cExport-noconfig.cmake\n'}
[4.918713] (udemy_ros2_pkg) StdoutLine: {'line': b'-- Installing: /home/purno/Workspaces/ros2_py_ws/install/udemy_ros2_pkg/share/udemy_ros2_pkg/cmake/export_udemy_ros2_pkg__rosidl_generator_cppExport.cmake\n'}
[4.918858] (udemy_ros2_pkg) StdoutLine: {'line': b'-- Installing: /home/purno/Workspaces/ros2_py_ws/install/udemy_ros2_pkg/share/udemy_ros2_pkg/cmake/export_udemy_ros2_pkg__rosidl_typesupport_fastrtps_cppExport.cmake\n'}
[4.919027] (udemy_ros2_pkg) StdoutLine: {'line': b'-- Installing: /home/purno/Workspaces/ros2_py_ws/install/udemy_ros2_pkg/share/udemy_ros2_pkg/cmake/export_udemy_ros2_pkg__rosidl_typesupport_fastrtps_cppExport-noconfig.cmake\n'}
[4.919256] (udemy_ros2_pkg) StdoutLine: {'line': b'-- Installing: /home/purno/Workspaces/ros2_py_ws/install/udemy_ros2_pkg/share/udemy_ros2_pkg/cmake/udemy_ros2_pkg__rosidl_typesupport_introspection_cppExport.cmake\n'}
[4.919436] (udemy_ros2_pkg) StdoutLine: {'line': b'-- Installing: /home/purno/Workspaces/ros2_py_ws/install/udemy_ros2_pkg/share/udemy_ros2_pkg/cmake/udemy_ros2_pkg__rosidl_typesupport_introspection_cppExport-noconfig.cmake\n'}
[4.919595] (udemy_ros2_pkg) StdoutLine: {'line': b'-- Installing: /home/purno/Workspaces/ros2_py_ws/install/udemy_ros2_pkg/share/udemy_ros2_pkg/cmake/udemy_ros2_pkg__rosidl_typesupport_cppExport.cmake\n'}
[4.919748] (udemy_ros2_pkg) StdoutLine: {'line': b'-- Installing: /home/purno/Workspaces/ros2_py_ws/install/udemy_ros2_pkg/share/udemy_ros2_pkg/cmake/udemy_ros2_pkg__rosidl_typesupport_cppExport-noconfig.cmake\n'}
[4.919968] (udemy_ros2_pkg) StdoutLine: {'line': b'-- Installing: /home/purno/Workspaces/ros2_py_ws/install/udemy_ros2_pkg/share/udemy_ros2_pkg/cmake/export_udemy_ros2_pkg__rosidl_generator_pyExport.cmake\n'}
[4.920118] (udemy_ros2_pkg) StdoutLine: {'line': b'-- Installing: /home/purno/Workspaces/ros2_py_ws/install/udemy_ros2_pkg/share/udemy_ros2_pkg/cmake/export_udemy_ros2_pkg__rosidl_generator_pyExport-noconfig.cmake\n'}
[4.923123] (udemy_ros2_pkg) CommandEnded: {'returncode': 0}
[4.950820] (udemy_ros2_pkg) JobEnded: {'identifier': 'udemy_ros2_pkg', 'rc': 0}
[4.951518] (-) EventReactorShutdown: {}
