[0.011s] Invoking command in '/home/purno/Workspaces/ros2_py_ws/build/udemy_ros2_pkg': CMAKE_PREFIX_PATH=/opt/ros/humble /usr/bin/cmake --build /home/purno/Workspaces/ros2_py_ws/build/udemy_ros2_pkg -- -j8 -l8
[0.042s] -- Found ament_cmake: 1.3.11 (/opt/ros/humble/share/ament_cmake/cmake)
[0.188s] -- Override CMake install command with custom implementation using symlinks instead of copying resources
[0.198s] -- Found rclpy: 3.3.15 (/opt/ros/humble/share/rclpy/cmake)
[0.276s] -- Found ament_lint_auto: 0.12.11 (/opt/ros/humble/share/ament_lint_auto/cmake)
[0.370s] -- Added test 'flake8' to check Python code syntax and style conventions
[0.371s] -- Added test 'lint_cmake' to check CMake code style
[0.371s] -- Added test 'pep257' to check Python code against some of the docstring style conventions in PEP 257
[0.372s] -- Added test 'xmllint' to check XML markup files
[0.373s] -- Configuring done
[0.378s] -- Generating done
[0.381s] -- Build files have been written to: /home/purno/Workspaces/ros2_py_ws/build/udemy_ros2_pkg
[0.429s] Built target ament_cmake_python_symlink_scripts
[0.724s] running egg_info
[0.726s] writing scripts.egg-info/PKG-INFO
[0.726s] writing dependency_links to scripts.egg-info/dependency_links.txt
[0.727s] writing top-level names to scripts.egg-info/top_level.txt
[0.729s] reading manifest file 'scripts.egg-info/SOURCES.txt'
[0.730s] writing manifest file 'scripts.egg-info/SOURCES.txt'
[0.765s] Built target ament_cmake_python_build_scripts_egg
[0.779s] Invoked command in '/home/purno/Workspaces/ros2_py_ws/build/udemy_ros2_pkg' returned '0': CMAKE_PREFIX_PATH=/opt/ros/humble /usr/bin/cmake --build /home/purno/Workspaces/ros2_py_ws/build/udemy_ros2_pkg -- -j8 -l8
[0.790s] Invoking command in '/home/purno/Workspaces/ros2_py_ws/build/udemy_ros2_pkg': CMAKE_PREFIX_PATH=/opt/ros/humble /usr/bin/cmake --install /home/purno/Workspaces/ros2_py_ws/build/udemy_ros2_pkg
[0.800s] -- Install configuration: ""
[0.801s] -- Execute custom install script
[0.801s] -- Up-to-date symlink: /home/purno/Workspaces/ros2_py_ws/install/udemy_ros2_pkg/share/udemy_ros2_pkg/environment/pythonpath.sh
[0.801s] -- Up-to-date symlink: /home/purno/Workspaces/ros2_py_ws/install/udemy_ros2_pkg/share/udemy_ros2_pkg/environment/pythonpath.dsv
[0.802s] -- Up-to-date symlink: /home/purno/Workspaces/ros2_py_ws/install/udemy_ros2_pkg/local/lib/python3.10/dist-packages/scripts-0.0.0-py3.10.egg-info/PKG-INFO
[0.802s] -- Up-to-date symlink: /home/purno/Workspaces/ros2_py_ws/install/udemy_ros2_pkg/local/lib/python3.10/dist-packages/scripts-0.0.0-py3.10.egg-info/SOURCES.txt
[0.802s] -- Up-to-date symlink: /home/purno/Workspaces/ros2_py_ws/install/udemy_ros2_pkg/local/lib/python3.10/dist-packages/scripts-0.0.0-py3.10.egg-info/dependency_links.txt
[0.802s] -- Up-to-date symlink: /home/purno/Workspaces/ros2_py_ws/install/udemy_ros2_pkg/local/lib/python3.10/dist-packages/scripts-0.0.0-py3.10.egg-info/top_level.txt
[0.803s] -- Up-to-date symlink: /home/purno/Workspaces/ros2_py_ws/install/udemy_ros2_pkg/local/lib/python3.10/dist-packages/scripts/__init__.py
[0.803s] -- Up-to-date symlink: /home/purno/Workspaces/ros2_py_ws/install/udemy_ros2_pkg/local/lib/python3.10/dist-packages/scripts/publisher.py
[0.803s] -- Symlinking: /home/purno/Workspaces/ros2_py_ws/install/udemy_ros2_pkg/local/lib/python3.10/dist-packages/scripts/rpm_pub.py
[0.815s] -- Up-to-date symlink: /home/purno/Workspaces/ros2_py_ws/install/udemy_ros2_pkg/local/lib/python3.10/dist-packages/scripts/subscriber.py
[0.815s] -- Up-to-date symlink: /home/purno/Workspaces/ros2_py_ws/install/udemy_ros2_pkg/lib/udemy_ros2_pkg/publisher.py
[0.815s] -- Up-to-date symlink: /home/purno/Workspaces/ros2_py_ws/install/udemy_ros2_pkg/lib/udemy_ros2_pkg/subscriber.py
[0.815s] -- Symlinking: /home/purno/Workspaces/ros2_py_ws/install/udemy_ros2_pkg/lib/udemy_ros2_pkg/rpm_pub.py
[0.826s] -- Up-to-date symlink: /home/purno/Workspaces/ros2_py_ws/install/udemy_ros2_pkg/share/ament_index/resource_index/package_run_dependencies/udemy_ros2_pkg
[0.827s] -- Up-to-date symlink: /home/purno/Workspaces/ros2_py_ws/install/udemy_ros2_pkg/share/ament_index/resource_index/parent_prefix_path/udemy_ros2_pkg
[0.827s] -- Up-to-date symlink: /home/purno/Workspaces/ros2_py_ws/install/udemy_ros2_pkg/share/udemy_ros2_pkg/environment/ament_prefix_path.sh
[0.827s] -- Up-to-date symlink: /home/purno/Workspaces/ros2_py_ws/install/udemy_ros2_pkg/share/udemy_ros2_pkg/environment/ament_prefix_path.dsv
[0.828s] -- Up-to-date symlink: /home/purno/Workspaces/ros2_py_ws/install/udemy_ros2_pkg/share/udemy_ros2_pkg/environment/path.sh
[0.828s] -- Up-to-date symlink: /home/purno/Workspaces/ros2_py_ws/install/udemy_ros2_pkg/share/udemy_ros2_pkg/environment/path.dsv
[0.828s] -- Up-to-date symlink: /home/purno/Workspaces/ros2_py_ws/install/udemy_ros2_pkg/share/udemy_ros2_pkg/local_setup.bash
[0.828s] -- Up-to-date symlink: /home/purno/Workspaces/ros2_py_ws/install/udemy_ros2_pkg/share/udemy_ros2_pkg/local_setup.sh
[0.829s] -- Up-to-date symlink: /home/purno/Workspaces/ros2_py_ws/install/udemy_ros2_pkg/share/udemy_ros2_pkg/local_setup.zsh
[0.829s] -- Up-to-date symlink: /home/purno/Workspaces/ros2_py_ws/install/udemy_ros2_pkg/share/udemy_ros2_pkg/local_setup.dsv
[0.829s] -- Symlinking: /home/purno/Workspaces/ros2_py_ws/install/udemy_ros2_pkg/share/udemy_ros2_pkg/package.dsv
[0.840s] -- Up-to-date symlink: /home/purno/Workspaces/ros2_py_ws/install/udemy_ros2_pkg/share/ament_index/resource_index/packages/udemy_ros2_pkg
[0.840s] -- Up-to-date symlink: /home/purno/Workspaces/ros2_py_ws/install/udemy_ros2_pkg/share/udemy_ros2_pkg/cmake/udemy_ros2_pkgConfig.cmake
[0.840s] -- Up-to-date symlink: /home/purno/Workspaces/ros2_py_ws/install/udemy_ros2_pkg/share/udemy_ros2_pkg/cmake/udemy_ros2_pkgConfig-version.cmake
[0.840s] -- Up-to-date symlink: /home/purno/Workspaces/ros2_py_ws/install/udemy_ros2_pkg/share/udemy_ros2_pkg/package.xml
[0.879s] Listing '/home/purno/Workspaces/ros2_py_ws/install/udemy_ros2_pkg/local/lib/python3.10/dist-packages/scripts'...
[0.879s] Compiling '/home/purno/Workspaces/ros2_py_ws/install/udemy_ros2_pkg/local/lib/python3.10/dist-packages/scripts/rpm_pub.py'...
[0.887s] Invoked command in '/home/purno/Workspaces/ros2_py_ws/build/udemy_ros2_pkg' returned '0': CMAKE_PREFIX_PATH=/opt/ros/humble /usr/bin/cmake --install /home/purno/Workspaces/ros2_py_ws/build/udemy_ros2_pkg
